#
# There is insufficient memory for the Java Runtime Environment to continue.
# Native memory allocation (malloc) failed to allocate 131088 bytes for Chunk::new
# Possible reasons:
#   The system is out of physical RAM or swap space
#   The process is running with CompressedOops enabled, and the Java Heap may be blocking the growth of the native heap
# Possible solutions:
#   Reduce memory load on the system
#   Increase physical memory or swap space
#   Check if swap backing store is full
#   Decrease Java heap size (-Xmx/-Xms)
#   Decrease number of Java threads
#   Decrease Java thread stack sizes (-Xss)
#   Set larger code cache with -XX:ReservedCodeCacheSize=
#   JVM is running with Unscaled Compressed Oops mode in which the Java heap is
#     placed in the first 4GB address space. The Java Heap base address is the
#     maximum limit for the native heap growth. Please use -XX:HeapBaseMinAddress
#     to set the Java Heap base and to place the Java Heap above 4GB virtual address.
# This output file may be truncated or incomplete.
#
#  Out of Memory Error (allocation.cpp:389), pid=496, tid=0x0000000000003ac8
#
# JRE version: OpenJDK Runtime Environment (8.0_242-b01) (build 1.8.0_242-release-1644-b01)
# Java VM: OpenJDK 64-Bit Server VM (25.242-b01 mixed mode windows-amd64 compressed oops)
# Failed to write core dump. Minidumps are not enabled by default on client versions of Windows
#

---------------  T H R E A D  ---------------

Current thread (0x00000000161e7800):  JavaThread "C2 CompilerThread0" daemon [_thread_in_native, id=15048, stack(0x0000000017830000,0x0000000017930000)]

Stack: [0x0000000017830000,0x0000000017930000]
[error occurred during error reporting (printing stack bounds), id 0xc0000005]

Native frames: (J=compiled Java code, j=interpreted, Vv=VM code, C=native code)


Current CompileTask:
C2:  13078 2629       4       java.net.URLClassLoader$1::run (5 bytes)


---------------  P R O C E S S  ---------------

Java Threads: ( => current thread )
  0x000000001e07c800 JavaThread "Cache worker for file content cache (C:\Users\User\.gradle\caches\6.5\fileContent)" [_thread_blocked, id=5244, stack(0x0000000020d90000,0x0000000020e90000)]
  0x000000001e079800 JavaThread "Cache worker for execution history cache (C:\Users\User\.gradle\caches\6.5\executionHistory)" [_thread_blocked, id=14112, stack(0x0000000020890000,0x0000000020990000)]
  0x000000001d2a4800 JavaThread "Cache worker for cache directory md-rule (C:\Users\User\.gradle\caches\6.5\md-rule)" [_thread_blocked, id=8196, stack(0x0000000020590000,0x0000000020690000)]
  0x000000001d2a4000 JavaThread "Cache worker for cache directory md-supplier (C:\Users\User\.gradle\caches\6.5\md-supplier)" [_thread_blocked, id=2584, stack(0x0000000020490000,0x0000000020590000)]
  0x000000001d2a3000 JavaThread "Cache worker for checksums cache (C:\Users\User\AppData\Local\Google\Cloud SDK\mogawe-android\.gradle\checksums)" [_thread_blocked, id=13152, stack(0x0000000020390000,0x0000000020490000)]
  0x000000001d2a2800 JavaThread "jar transforms Thread 25" [_thread_blocked, id=6596, stack(0x0000000020090000,0x0000000020190000)]
  0x000000001d2a1000 JavaThread "jar transforms Thread 24" [_thread_blocked, id=10336, stack(0x000000001ff90000,0x0000000020090000)]
  0x000000001d2a1800 JavaThread "jar transforms Thread 23" [_thread_blocked, id=6260, stack(0x000000001fe90000,0x000000001ff90000)]
  0x000000001d2a0000 JavaThread "jar transforms Thread 22" [_thread_blocked, id=11828, stack(0x000000001fd90000,0x000000001fe90000)]
  0x000000001d298800 JavaThread "jar transforms Thread 21" [_thread_blocked, id=10024, stack(0x000000001fc90000,0x000000001fd90000)]
  0x000000001d29f800 JavaThread "jar transforms Thread 20" [_thread_blocked, id=8244, stack(0x000000001fb90000,0x000000001fc90000)]
  0x000000001d29e800 JavaThread "jar transforms Thread 19" [_thread_blocked, id=10956, stack(0x000000001fa90000,0x000000001fb90000)]
  0x000000001d297000 JavaThread "jar transforms Thread 18" [_thread_blocked, id=12996, stack(0x000000001f990000,0x000000001fa90000)]
  0x000000001d29d000 JavaThread "jar transforms Thread 17" [_thread_blocked, id=14076, stack(0x000000001f890000,0x000000001f990000)]
  0x000000001d29c800 JavaThread "jar transforms Thread 16" [_thread_blocked, id=7160, stack(0x000000001f790000,0x000000001f890000)]
  0x000000001d29e000 JavaThread "jar transforms Thread 15" [_thread_blocked, id=7496, stack(0x000000001f690000,0x000000001f790000)]
  0x000000001d298000 JavaThread "jar transforms Thread 14" [_thread_blocked, id=13980, stack(0x000000001f590000,0x000000001f690000)]
  0x000000001d29b800 JavaThread "jar transforms Thread 13" [_thread_blocked, id=3164, stack(0x000000001f490000,0x000000001f590000)]
  0x000000001d29b000 JavaThread "jar transforms Thread 12" [_thread_blocked, id=13964, stack(0x000000001f390000,0x000000001f490000)]
  0x000000001d296800 JavaThread "jar transforms Thread 11" [_thread_blocked, id=5396, stack(0x000000001f290000,0x000000001f390000)]
  0x000000001d29a000 JavaThread "jar transforms Thread 10" [_thread_blocked, id=10476, stack(0x000000001f190000,0x000000001f290000)]
  0x000000001d299800 JavaThread "jar transforms Thread 9" [_thread_blocked, id=9584, stack(0x000000001f090000,0x000000001f190000)]
  0x000000001d295800 JavaThread "jar transforms Thread 8" [_thread_blocked, id=1352, stack(0x000000001ef90000,0x000000001f090000)]
  0x0000000019b3f800 JavaThread "jar transforms Thread 7" [_thread_blocked, id=8920, stack(0x000000001ee90000,0x000000001ef90000)]
  0x0000000019b3e000 JavaThread "jar transforms Thread 6" [_thread_blocked, id=10748, stack(0x000000001ed90000,0x000000001ee90000)]
  0x0000000019b3c000 JavaThread "jar transforms Thread 5" [_thread_blocked, id=2672, stack(0x000000001ec90000,0x000000001ed90000)]
  0x0000000019b3b000 JavaThread "jar transforms Thread 4" [_thread_blocked, id=11464, stack(0x000000001eb90000,0x000000001ec90000)]
  0x0000000019b3a800 JavaThread "jar transforms Thread 3" [_thread_blocked, id=12640, stack(0x000000001ea90000,0x000000001eb90000)]
  0x0000000019b3f000 JavaThread "jar transforms Thread 2" [_thread_blocked, id=7584, stack(0x000000001e990000,0x000000001ea90000)]
  0x0000000019b3d800 JavaThread "jar transforms" [_thread_blocked, id=14316, stack(0x000000001d820000,0x000000001d920000)]
  0x0000000019b40800 JavaThread "Cache worker for file hash cache (C:\Users\User\AppData\Local\Google\Cloud SDK\mogawe-android\.gradle\6.5\fileHashes)" [_thread_blocked, id=13444, stack(0x000000001d720000,0x000000001d820000)]
  0x0000000019b3c800 JavaThread "Cache worker for file hash cache (C:\Users\User\.gradle\caches\6.5\fileHashes)" [_thread_blocked, id=7440, stack(0x000000001c250000,0x000000001c350000)]
  0x0000000019b41000 JavaThread "File lock request listener" [_thread_in_native, id=4240, stack(0x000000001c150000,0x000000001c250000)]
  0x0000000019c45800 JavaThread "Cache worker for journal cache (C:\Users\User\.gradle\caches\journal-1)" [_thread_blocked, id=12228, stack(0x000000001bf50000,0x000000001c050000)]
  0x0000000019b7e000 JavaThread "Thread-9" [_thread_blocked, id=13992, stack(0x000000001bc50000,0x000000001bd50000)]
  0x0000000019b7d800 JavaThread "Stdin handler" [_thread_blocked, id=11676, stack(0x000000001bb50000,0x000000001bc50000)]
  0x0000000019b9a800 JavaThread "Asynchronous log dispatcher for DefaultDaemonConnection: socket connection from /127.0.0.1:58116 to /127.0.0.1:58117" [_thread_blocked, id=8868, stack(0x000000001ba50000,0x000000001bb50000)]
  0x0000000019b99800 JavaThread "Daemon worker" [_thread_in_vm, id=4164, stack(0x000000001b950000,0x000000001ba50000)]
  0x0000000019b98800 JavaThread "Cancel handler" [_thread_blocked, id=5216, stack(0x000000001b850000,0x000000001b950000)]
  0x00000000198fc000 JavaThread "Handler for socket connection from /127.0.0.1:58116 to /127.0.0.1:58117" [_thread_in_native, id=8888, stack(0x000000001b750000,0x000000001b850000)]
  0x0000000019b55800 JavaThread "Daemon" [_thread_blocked, id=2068, stack(0x000000001b650000,0x000000001b750000)]
  0x0000000019a0e000 JavaThread "Daemon periodic checks" [_thread_blocked, id=8408, stack(0x000000001b350000,0x000000001b450000)]
  0x0000000019a0b800 JavaThread "Incoming local TCP Connector on port 58116" [_thread_in_native, id=11916, stack(0x000000001b110000,0x000000001b210000)]
  0x00000000181a3000 JavaThread "Daemon health stats" [_thread_blocked, id=1412, stack(0x000000001aad0000,0x000000001abd0000)]
  0x0000000017b60800 JavaThread "Service Thread" daemon [_thread_blocked, id=11244, stack(0x0000000017f30000,0x0000000018030000)]
  0x00000000161fa800 JavaThread "C1 CompilerThread2" daemon [_thread_in_native, id=11576, stack(0x0000000017a30000,0x0000000017b30000)]
  0x00000000161eb800 JavaThread "C2 CompilerThread1" daemon [_thread_in_vm, id=14008, stack(0x0000000017930000,0x0000000017a30000)]
=>0x00000000161e7800 JavaThread "C2 CompilerThread0" daemon [_thread_in_native, id=15048, stack(0x0000000017830000,0x0000000017930000)]
  0x00000000161e3000 JavaThread "Attach Listener" daemon [_thread_blocked, id=11748, stack(0x0000000017730000,0x0000000017830000)]
  0x00000000161e1800 JavaThread "Signal Dispatcher" daemon [_thread_blocked, id=13876, stack(0x0000000017630000,0x0000000017730000)]
  0x000000000286b800 JavaThread "Finalizer" daemon [_thread_blocked, id=11632, stack(0x0000000017430000,0x0000000017530000)]
  0x00000000161c9000 JavaThread "Reference Handler" daemon [_thread_blocked, id=12392, stack(0x0000000017330000,0x0000000017430000)]
  0x000000000276e000 JavaThread "main" [_thread_blocked, id=6128, stack(0x00000000025d0000,0x00000000026d0000)]

Other Threads:
  0x00000000161a6800 VMThread [stack: 0x0000000017230000,0x0000000017330000] [id=6804]
  0x000000001623c800 WatcherThread [stack: 0x0000000018030000,0x0000000018130000] [id=14732]

VM state:not at safepoint (normal execution)

VM Mutex/Monitor currently owned by a thread: None

heap address: 0x00000000a0000000, size: 1536 MB, Compressed Oops mode: 32-bit
Narrow klass base: 0x0000000000000000, Narrow klass shift: 3
Compressed class space size: 1073741824 Address: 0x0000000100000000

Heap:
 PSYoungGen      total 71680K, used 59142K [0x00000000e0000000, 0x00000000e4b00000, 0x0000000100000000)
  eden space 66560K, 81% used [0x00000000e0000000,0x00000000e34c6e90,0x00000000e4100000)
  from space 5120K, 99% used [0x00000000e4100000,0x00000000e45fab18,0x00000000e4600000)
  to   space 5120K, 0% used [0x00000000e4600000,0x00000000e4600000,0x00000000e4b00000)
 ParOldGen       total 72192K, used 12296K [0x00000000a0000000, 0x00000000a4680000, 0x00000000e0000000)
  object space 72192K, 17% used [0x00000000a0000000,0x00000000a0c02368,0x00000000a4680000)
 Metaspace       used 32191K, capacity 33300K, committed 33408K, reserved 1077248K
  class space    used 4349K, capacity 4657K, committed 4736K, reserved 1048576K

Card table byte_map: [0x0000000011c30000,0x0000000011f40000] byte_map_base: 0x0000000011730000

Marking Bits: (ParMarkBitMap*) 0x000000005441f030
 Begin Bits: [0x0000000012540000, 0x0000000013d40000)
 End Bits:   [0x0000000013d40000, 0x0000000015540000)

Polling page: 0x0000000000800000

CodeCache: size=245760Kb used=10044Kb max_used=10051Kb free=235715Kb
 bounds [0x0000000002870000, 0x0000000003250000, 0x0000000011870000]
 total_blobs=3291 nmethods=2607 adapters=597
 compilation: enabled

Compilation events (10 events):
Event: 12.927 Thread 0x00000000161fa800 2631       3       java.util.regex.Pattern::compile (10 bytes)
Event: 12.927 Thread 0x00000000161fa800 nmethod 2631 0x0000000003224c10 code [0x0000000003224d80, 0x0000000003224f68]
Event: 12.934 Thread 0x00000000161fa800 2634       3       sun.reflect.generics.repository.MethodRepository::getReturnType (41 bytes)
Event: 12.934 Thread 0x00000000161fa800 nmethod 2634 0x0000000003229150 code [0x0000000003229300, 0x0000000003229a28]
Event: 12.934 Thread 0x00000000161fa800 2635       3       java.nio.ByteBuffer::<init> (45 bytes)
Event: 12.935 Thread 0x00000000161fa800 nmethod 2635 0x0000000003228c90 code [0x0000000003228e00, 0x0000000003229048]
Event: 12.938 Thread 0x00000000161fa800 2636       3       java.lang.invoke.DirectMethodHandle::shouldBeInitialized (123 bytes)
Event: 12.938 Thread 0x00000000161fa800 nmethod 2636 0x0000000003228010 code [0x00000000032281e0, 0x0000000003228928]
Event: 12.938 Thread 0x00000000161fa800 2637       3       sun.invoke.util.VerifyAccess::isMemberAccessible (261 bytes)
Event: 12.941 Thread 0x00000000161fa800 nmethod 2637 0x000000000322e250 code [0x000000000322e520, 0x000000000322fad8]

GC Heap History (10 events):
Event: 1.756 GC heap before
{Heap before GC invocations=2 (full 0):
 PSYoungGen      total 38400K, used 37702K [0x00000000e0000000, 0x00000000e4b00000, 0x0000000100000000)
  eden space 33280K, 100% used [0x00000000e0000000,0x00000000e2080000,0x00000000e2080000)
  from space 5120K, 86% used [0x00000000e2080000,0x00000000e24d1928,0x00000000e2580000)
  to   space 5120K, 0% used [0x00000000e4600000,0x00000000e4600000,0x00000000e4b00000)
 ParOldGen       total 87552K, used 16K [0x00000000a0000000, 0x00000000a5580000, 0x00000000e0000000)
  object space 87552K, 0% used [0x00000000a0000000,0x00000000a0004000,0x00000000a5580000)
 Metaspace       used 7472K, capacity 7766K, committed 7936K, reserved 1056768K
  class space    used 916K, capacity 1013K, committed 1024K, reserved 1048576K
Event: 1.760 GC heap after
Heap after GC invocations=2 (full 0):
 PSYoungGen      total 71680K, used 3233K [0x00000000e0000000, 0x00000000e4b00000, 0x0000000100000000)
  eden space 66560K, 0% used [0x00000000e0000000,0x00000000e0000000,0x00000000e4100000)
  from space 5120K, 63% used [0x00000000e4600000,0x00000000e4928608,0x00000000e4b00000)
  to   space 5120K, 0% used [0x00000000e4100000,0x00000000e4100000,0x00000000e4600000)
 ParOldGen       total 87552K, used 24K [0x00000000a0000000, 0x00000000a5580000, 0x00000000e0000000)
  object space 87552K, 0% used [0x00000000a0000000,0x00000000a0006000,0x00000000a5580000)
 Metaspace       used 7472K, capacity 7766K, committed 7936K, reserved 1056768K
  class space    used 916K, capacity 1013K, committed 1024K, reserved 1048576K
}
Event: 5.152 GC heap before
{Heap before GC invocations=3 (full 0):
 PSYoungGen      total 71680K, used 69793K [0x00000000e0000000, 0x00000000e4b00000, 0x0000000100000000)
  eden space 66560K, 100% used [0x00000000e0000000,0x00000000e4100000,0x00000000e4100000)
  from space 5120K, 63% used [0x00000000e4600000,0x00000000e4928608,0x00000000e4b00000)
  to   space 5120K, 0% used [0x00000000e4100000,0x00000000e4100000,0x00000000e4600000)
 ParOldGen       total 87552K, used 24K [0x00000000a0000000, 0x00000000a5580000, 0x00000000e0000000)
  object space 87552K, 0% used [0x00000000a0000000,0x00000000a0006000,0x00000000a5580000)
 Metaspace       used 14547K, capacity 15038K, committed 15232K, reserved 1062912K
  class space    used 1996K, capacity 2165K, committed 2176K, reserved 1048576K
Event: 5.166 GC heap after
Heap after GC invocations=3 (full 0):
 PSYoungGen      total 71680K, used 5104K [0x00000000e0000000, 0x00000000e4b00000, 0x0000000100000000)
  eden space 66560K, 0% used [0x00000000e0000000,0x00000000e0000000,0x00000000e4100000)
  from space 5120K, 99% used [0x00000000e4100000,0x00000000e45fc030,0x00000000e4600000)
  to   space 5120K, 0% used [0x00000000e4600000,0x00000000e4600000,0x00000000e4b00000)
 ParOldGen       total 87552K, used 4135K [0x00000000a0000000, 0x00000000a5580000, 0x00000000e0000000)
  object space 87552K, 4% used [0x00000000a0000000,0x00000000a0409fa0,0x00000000a5580000)
 Metaspace       used 14547K, capacity 15038K, committed 15232K, reserved 1062912K
  class space    used 1996K, capacity 2165K, committed 2176K, reserved 1048576K
}
Event: 8.200 GC heap before
{Heap before GC invocations=4 (full 0):
 PSYoungGen      total 71680K, used 71485K [0x00000000e0000000, 0x00000000e4b00000, 0x0000000100000000)
  eden space 66560K, 99% used [0x00000000e0000000,0x00000000e40d3580,0x00000000e4100000)
  from space 5120K, 99% used [0x00000000e4100000,0x00000000e45fc030,0x00000000e4600000)
  to   space 5120K, 0% used [0x00000000e4600000,0x00000000e4600000,0x00000000e4b00000)
 ParOldGen       total 87552K, used 4135K [0x00000000a0000000, 0x00000000a5580000, 0x00000000e0000000)
  object space 87552K, 4% used [0x00000000a0000000,0x00000000a0409fa0,0x00000000a5580000)
 Metaspace       used 20463K, capacity 21146K, committed 21248K, reserved 1067008K
  class space    used 2848K, capacity 3033K, committed 3072K, reserved 1048576K
Event: 8.223 GC heap after
Heap after GC invocations=4 (full 0):
 PSYoungGen      total 71680K, used 5088K [0x00000000e0000000, 0x00000000e4b00000, 0x0000000100000000)
  eden space 66560K, 0% used [0x00000000e0000000,0x00000000e0000000,0x00000000e4100000)
  from space 5120K, 99% used [0x00000000e4600000,0x00000000e4af8050,0x00000000e4b00000)
  to   space 5120K, 0% used [0x00000000e4100000,0x00000000e4100000,0x00000000e4600000)
 ParOldGen       total 87552K, used 10687K [0x00000000a0000000, 0x00000000a5580000, 0x00000000e0000000)
  object space 87552K, 12% used [0x00000000a0000000,0x00000000a0a6fde8,0x00000000a5580000)
 Metaspace       used 20463K, capacity 21146K, committed 21248K, reserved 1067008K
  class space    used 2848K, capacity 3033K, committed 3072K, reserved 1048576K
}
Event: 8.224 GC heap before
{Heap before GC invocations=5 (full 1):
 PSYoungGen      total 71680K, used 5088K [0x00000000e0000000, 0x00000000e4b00000, 0x0000000100000000)
  eden space 66560K, 0% used [0x00000000e0000000,0x00000000e0000000,0x00000000e4100000)
  from space 5120K, 99% used [0x00000000e4600000,0x00000000e4af8050,0x00000000e4b00000)
  to   space 5120K, 0% used [0x00000000e4100000,0x00000000e4100000,0x00000000e4600000)
 ParOldGen       total 87552K, used 10687K [0x00000000a0000000, 0x00000000a5580000, 0x00000000e0000000)
  object space 87552K, 12% used [0x00000000a0000000,0x00000000a0a6fde8,0x00000000a5580000)
 Metaspace       used 20463K, capacity 21146K, committed 21248K, reserved 1067008K
  class space    used 2848K, capacity 3033K, committed 3072K, reserved 1048576K
Event: 8.331 GC heap after
Heap after GC invocations=5 (full 1):
 PSYoungGen      total 71680K, used 0K [0x00000000e0000000, 0x00000000e4b00000, 0x0000000100000000)
  eden space 66560K, 0% used [0x00000000e0000000,0x00000000e0000000,0x00000000e4100000)
  from space 5120K, 0% used [0x00000000e4600000,0x00000000e4600000,0x00000000e4b00000)
  to   space 5120K, 0% used [0x00000000e4100000,0x00000000e4100000,0x00000000e4600000)
 ParOldGen       total 72192K, used 11342K [0x00000000a0000000, 0x00000000a4680000, 0x00000000e0000000)
  object space 72192K, 15% used [0x00000000a0000000,0x00000000a0b138c8,0x00000000a4680000)
 Metaspace       used 20463K, capacity 21146K, committed 21248K, reserved 1067008K
  class space    used 2848K, capacity 3033K, committed 3072K, reserved 1048576K
}
Event: 11.436 GC heap before
{Heap before GC invocations=6 (full 1):
 PSYoungGen      total 71680K, used 66560K [0x00000000e0000000, 0x00000000e4b00000, 0x0000000100000000)
  eden space 66560K, 100% used [0x00000000e0000000,0x00000000e4100000,0x00000000e4100000)
  from space 5120K, 0% used [0x00000000e4600000,0x00000000e4600000,0x00000000e4b00000)
  to   space 5120K, 0% used [0x00000000e4100000,0x00000000e4100000,0x00000000e4600000)
 ParOldGen       total 72192K, used 11342K [0x00000000a0000000, 0x00000000a4680000, 0x00000000e0000000)
  object space 72192K, 15% used [0x00000000a0000000,0x00000000a0b138c8,0x00000000a4680000)
 Metaspace       used 25104K, capacity 26124K, committed 26240K, reserved 1071104K
  class space    used 3588K, capacity 3855K, committed 3968K, reserved 1048576K
Event: 11.444 GC heap after
Heap after GC invocations=6 (full 1):
 PSYoungGen      total 71680K, used 5098K [0x00000000e0000000, 0x00000000e4b00000, 0x0000000100000000)
  eden space 66560K, 0% used [0x00000000e0000000,0x00000000e0000000,0x00000000e4100000)
  from space 5120K, 99% used [0x00000000e4100000,0x00000000e45fab18,0x00000000e4600000)
  to   space 5120K, 0% used [0x00000000e4600000,0x00000000e4600000,0x00000000e4b00000)
 ParOldGen       total 72192K, used 12296K [0x00000000a0000000, 0x00000000a4680000, 0x00000000e0000000)
  object space 72192K, 17% used [0x00000000a0000000,0x00000000a0c02368,0x00000000a4680000)
 Metaspace       used 25104K, capacity 26124K, committed 26240K, reserved 1071104K
  class space    used 3588K, capacity 3855K, committed 3968K, reserved 1048576K
}

Deoptimization events (10 events):
Event: 8.609 Thread 0x0000000019b99800 Uncommon trap: reason=unstable_if action=reinterpret pc=0x0000000002e48f28 method=java.net.URLClassLoader.getAndVerifyPackage(Ljava/lang/String;Ljava/util/jar/Manifest;Ljava/net/URL;)Ljava/lang/Package; @ 62
Event: 10.009 Thread 0x0000000019b99800 Uncommon trap: reason=unstable_if action=reinterpret pc=0x0000000002eb3f60 method=java.util.HashMap.hash(Ljava/lang/Object;)I @ 1
Event: 10.104 Thread 0x0000000019b99800 Uncommon trap: reason=unstable_if action=reinterpret pc=0x0000000002dc52fc method=jdk.internal.org.objectweb.asm.Type.getArgumentsAndReturnSizes(Ljava/lang/String;)I @ 88
Event: 10.275 Thread 0x0000000019b99800 Uncommon trap: reason=unstable_if action=reinterpret pc=0x0000000002b62e8c method=java.io.WinNTFileSystem.resolve(Ljava/lang/String;Ljava/lang/String;)Ljava/lang/String; @ 49
Event: 11.339 Thread 0x0000000019b99800 Uncommon trap: reason=unstable_if action=reinterpret pc=0x0000000002f3354c method=java.lang.ClassLoader.getClassLoadingLock(Ljava/lang/String;)Ljava/lang/Object; @ 6
Event: 11.446 Thread 0x00000000161c9000 Uncommon trap: reason=unstable_if action=reinterpret pc=0x0000000002da0efc method=java.lang.ref.Reference.tryHandlePending(Z)Z @ 104
Event: 11.489 Thread 0x0000000019b99800 Uncommon trap: reason=bimorphic action=maybe_recompile pc=0x0000000002ef2eb8 method=java.io.BufferedInputStream.read([BII)I @ 101
Event: 11.490 Thread 0x0000000019b99800 Uncommon trap: reason=bimorphic action=maybe_recompile pc=0x0000000002ef2eb8 method=java.io.BufferedInputStream.read([BII)I @ 101
Event: 11.492 Thread 0x0000000019b99800 Uncommon trap: reason=bimorphic action=maybe_recompile pc=0x0000000002ef2eb8 method=java.io.BufferedInputStream.read([BII)I @ 101
Event: 11.493 Thread 0x0000000019b99800 Uncommon trap: reason=bimorphic action=maybe_recompile pc=0x0000000002ef2eb8 method=java.io.BufferedInputStream.read([BII)I @ 101

Classes redefined (0 events):
No events

Internal exceptions (10 events):
Event: 12.588 Thread 0x0000000019b99800 Exception <a 'java/lang/ClassNotFoundException': org/gradle/internal/metaobject/ConfigureDelegateBeanInfo> (0x00000000e1b40a48) thrown at [C:\src\AOSP-openjdk-git\hotspot\src\share\vm\classfile\systemDictionary.cpp, line 210]
Event: 12.589 Thread 0x0000000019b99800 Exception <a 'java/lang/ClassNotFoundException': org/gradle/internal/metaobject/ConfigureDelegateCustomizer> (0x00000000e1b6e510) thrown at [C:\src\AOSP-openjdk-git\hotspot\src\share\vm\classfile\systemDictionary.cpp, line 210]
Event: 12.600 Thread 0x0000000019b99800 Exception <a 'java/lang/ClassNotFoundException': org/gradle/api/internal/initialization/DefaultScriptHandlerBeanInfo> (0x00000000e1bf1760) thrown at [C:\src\AOSP-openjdk-git\hotspot\src\share\vm\classfile\systemDictionary.cpp, line 210]
Event: 12.600 Thread 0x0000000019b99800 Exception <a 'java/lang/ClassNotFoundException': org/gradle/api/internal/initialization/DefaultScriptHandlerCustomizer> (0x00000000e1c276e8) thrown at [C:\src\AOSP-openjdk-git\hotspot\src\share\vm\classfile\systemDictionary.cpp, line 210]
Event: 12.764 Thread 0x0000000019b99800 Exception <a 'java/lang/ClassNotFoundException': org/gradle/api/internal/artifacts/dsl/dependencies/DefaultDependencyHandler_DecoratedBeanInfo> (0x00000000e254b918) thrown at [C:\src\AOSP-openjdk-git\hotspot\src\share\vm\classfile\systemDictionary.cpp, li
Event: 12.766 Thread 0x0000000019b99800 Exception <a 'java/lang/ClassNotFoundException': org/gradle/api/internal/artifacts/dsl/dependencies/DefaultDependencyHandlerBeanInfo> (0x00000000e25a4468) thrown at [C:\src\AOSP-openjdk-git\hotspot\src\share\vm\classfile\systemDictionary.cpp, line 210]
Event: 12.768 Thread 0x0000000019b99800 Exception <a 'java/lang/ClassNotFoundException': org/gradle/api/internal/artifacts/dsl/dependencies/DefaultDependencyHandlerCustomizer> (0x00000000e25fde70) thrown at [C:\src\AOSP-openjdk-git\hotspot\src\share\vm\classfile\systemDictionary.cpp, line 210]
Event: 12.771 Thread 0x0000000019b99800 Exception <a 'java/lang/ClassNotFoundException': org/gradle/api/internal/artifacts/dsl/dependencies/DefaultDependencyHandler_DecoratedCustomizer> (0x00000000e2688bc0) thrown at [C:\src\AOSP-openjdk-git\hotspot\src\share\vm\classfile\systemDictionary.cpp, 
Event: 12.938 Thread 0x0000000019b99800 Exception <a 'java/lang/NoSuchMethodError': java.lang.Object.lambda$static$0(Lorg/gradle/api/internal/artifacts/configurations/MutationValidator$MutationType;)V> (0x00000000e2d60698) thrown at [C:\src\AOSP-openjdk-git\hotspot\src\share\vm\interpreter\link
Event: 13.017 Thread 0x0000000019b99800 Exception <a 'java/lang/NoSuchMethodError': java.lang.Object.lambda$static$0(Lorg/gradle/internal/component/model/DependencyMetadata;)Lorg/gradle/api/internal/artifacts/ivyservice/dependencysubstitution/DependencySubstitutionApplicator$SubstitutionResult;

Events (10 events):
Event: 13.030 loading class org/gradle/api/specs/Spec
Event: 13.030 loading class org/gradle/api/specs/Spec done
Event: 13.030 loading class org/gradle/api/internal/artifacts/ivyservice/resolveengine/graph/builder/EdgeState
Event: 13.030 loading class org/gradle/api/internal/artifacts/ivyservice/resolveengine/graph/builder/EdgeState done
Event: 13.030 loading class org/gradle/api/specs/Spec
Event: 13.030 loading class org/gradle/api/specs/Spec done
Event: 13.031 loading class org/gradle/api/internal/artifacts/ivyservice/resolveengine/artifact/ResolvedArtifactsGraphVisitor
Event: 13.031 loading class org/gradle/api/internal/artifacts/ivyservice/resolveengine/artifact/ResolvedArtifactsGraphVisitor done
Event: 13.032 loading class org/gradle/internal/resolve/result/DefaultBuildableComponentResolveResult
Event: 13.032 loading class org/gradle/internal/resolve/result/DefaultBuildableComponentResolveResult done


Dynamic libraries:
0x00007ff7837b0000 - 0x00007ff7837e1000 	C:\Program Files\Android\Android Studio\jre\bin\java.exe
0x00007ffeaffc0000 - 0x00007ffeb01b0000 	C:\WINDOWS\SYSTEM32\ntdll.dll
0x00007ffeaf9e0000 - 0x00007ffeafa92000 	C:\WINDOWS\System32\KERNEL32.DLL
0x00007ffead020000 - 0x00007ffead2c3000 	C:\WINDOWS\System32\KERNELBASE.dll
0x00007ffeafed0000 - 0x00007ffeaff73000 	C:\WINDOWS\System32\ADVAPI32.dll
0x00007ffeaf940000 - 0x00007ffeaf9de000 	C:\WINDOWS\System32\msvcrt.dll
0x00007ffeaf770000 - 0x00007ffeaf807000 	C:\WINDOWS\System32\sechost.dll
0x00007ffeae790000 - 0x00007ffeae8b0000 	C:\WINDOWS\System32\RPCRT4.dll
0x00007ffeafad0000 - 0x00007ffeafc64000 	C:\WINDOWS\System32\USER32.dll
0x00007ffeacff0000 - 0x00007ffead011000 	C:\WINDOWS\System32\win32u.dll
0x00007ffeaf120000 - 0x00007ffeaf146000 	C:\WINDOWS\System32\GDI32.dll
0x00007ffeadac0000 - 0x00007ffeadc54000 	C:\WINDOWS\System32\gdi32full.dll
0x00007ffeacf50000 - 0x00007ffeacfee000 	C:\WINDOWS\System32\msvcp_win.dll
0x00007ffeadde0000 - 0x00007ffeadeda000 	C:\WINDOWS\System32\ucrtbase.dll
0x00007ffe9abf0000 - 0x00007ffe9ae75000 	C:\WINDOWS\WinSxS\amd64_microsoft.windows.common-controls_6595b64144ccf1df_6.0.18362.719_none_e6c7b883130c6729\COMCTL32.dll
0x00007ffeaf150000 - 0x00007ffeaf486000 	C:\WINDOWS\System32\combase.dll
0x00007ffeadff0000 - 0x00007ffeae070000 	C:\WINDOWS\System32\bcryptPrimitives.dll
0x00007ffeafaa0000 - 0x00007ffeaface000 	C:\WINDOWS\System32\IMM32.DLL
0x0000000053a90000 - 0x0000000053b62000 	C:\Program Files\Android\Android Studio\jre\jre\bin\msvcr100.dll
0x0000000053c50000 - 0x000000005449b000 	C:\Program Files\Android\Android Studio\jre\jre\bin\server\jvm.dll
0x00007ffeaf590000 - 0x00007ffeaf598000 	C:\WINDOWS\System32\PSAPI.DLL
0x00007ffea17e0000 - 0x00007ffea17ea000 	C:\WINDOWS\SYSTEM32\VERSION.dll
0x00007ffea6a20000 - 0x00007ffea6a44000 	C:\WINDOWS\SYSTEM32\WINMM.dll
0x00007ffeab840000 - 0x00007ffeab849000 	C:\WINDOWS\SYSTEM32\WSOCK32.dll
0x00007ffeaf490000 - 0x00007ffeaf4ff000 	C:\WINDOWS\System32\WS2_32.dll
0x00007ffea69f0000 - 0x00007ffea6a1d000 	C:\WINDOWS\SYSTEM32\winmmbase.dll
0x00007ffeada70000 - 0x00007ffeadaba000 	C:\WINDOWS\System32\cfgmgr32.dll
0x00007ffea5f20000 - 0x00007ffea5f2f000 	C:\Program Files\Android\Android Studio\jre\jre\bin\verify.dll
0x00007ffe9d180000 - 0x00007ffe9d1a9000 	C:\Program Files\Android\Android Studio\jre\jre\bin\java.dll
0x00007ffe9a870000 - 0x00007ffe9a886000 	C:\Program Files\Android\Android Studio\jre\jre\bin\zip.dll
0x00007ffeaea30000 - 0x00007ffeaf115000 	C:\WINDOWS\System32\SHELL32.dll
0x00007ffeafe20000 - 0x00007ffeafec9000 	C:\WINDOWS\System32\shcore.dll
0x00007ffead2f0000 - 0x00007ffeada70000 	C:\WINDOWS\System32\windows.storage.dll
0x00007ffeace90000 - 0x00007ffeaceb3000 	C:\WINDOWS\System32\profapi.dll
0x00007ffeacec0000 - 0x00007ffeacf0a000 	C:\WINDOWS\System32\powrprof.dll
0x00007ffeace80000 - 0x00007ffeace90000 	C:\WINDOWS\System32\UMPDC.dll
0x00007ffeaf5b0000 - 0x00007ffeaf602000 	C:\WINDOWS\System32\shlwapi.dll
0x00007ffeacf30000 - 0x00007ffeacf41000 	C:\WINDOWS\System32\kernel.appcore.dll
0x00007ffead2d0000 - 0x00007ffead2e7000 	C:\WINDOWS\System32\cryptsp.dll
0x00007ffe99440000 - 0x00007ffe9945a000 	C:\Program Files\Android\Android Studio\jre\jre\bin\net.dll
0x00007ffeac690000 - 0x00007ffeac6f7000 	C:\WINDOWS\system32\mswsock.dll
0x00007ffe99110000 - 0x00007ffe99123000 	C:\Program Files\Android\Android Studio\jre\jre\bin\nio.dll
0x00007ffe9dbf0000 - 0x00007ffe9dc17000 	C:\Users\User\.gradle\native\f6784746aeab05261644944871eae4fe03e0ef1612fff0a4a95f87b438bc6780\windows-amd64\native-platform.dll
0x00007ffe9f6f0000 - 0x00007ffe9f6fd000 	C:\Program Files\Android\Android Studio\jre\jre\bin\management.dll
0x00007ffeac200000 - 0x00007ffeac233000 	C:\WINDOWS\system32\rsaenh.dll
0x00007ffeadc60000 - 0x00007ffeadc86000 	C:\WINDOWS\System32\bcrypt.dll
0x00007ffeacd70000 - 0x00007ffeacd95000 	C:\WINDOWS\SYSTEM32\USERENV.dll
0x00007ffeac860000 - 0x00007ffeac86c000 	C:\WINDOWS\SYSTEM32\CRYPTBASE.dll
0x00007ffeac3a0000 - 0x00007ffeac3da000 	C:\WINDOWS\SYSTEM32\IPHLPAPI.DLL
0x00007ffeaf580000 - 0x00007ffeaf588000 	C:\WINDOWS\System32\NSI.dll
0x00007ffea34e0000 - 0x00007ffea34f6000 	C:\WINDOWS\SYSTEM32\dhcpcsvc6.DLL
0x00007ffea50c0000 - 0x00007ffea50dc000 	C:\WINDOWS\SYSTEM32\dhcpcsvc.DLL
0x00007ffeac3f0000 - 0x00007ffeac4ba000 	C:\WINDOWS\SYSTEM32\DNSAPI.dll
0x00007ffea5ff0000 - 0x00007ffea5ffb000 	C:\WINDOWS\SYSTEM32\WINNSI.DLL

VM Arguments:
jvm_args: -Xmx1536m -Dfile.encoding=windows-1252 -Duser.country=US -Duser.language=en -Duser.variant 
java_command: org.gradle.launcher.daemon.bootstrap.GradleDaemon 6.5
java_class_path (initial): C:\Users\User\.gradle\wrapper\dists\gradle-6.5-bin\6nifqtx7604sqp1q6g8wikw7p\gradle-6.5\lib\gradle-launcher-6.5.jar
Launcher Type: SUN_STANDARD

Environment Variables:
PATH=C:\Program Files (x86)\Common Files\Oracle\Java\javapath;"C:\MinGW\bin;C:\MinGW\msys\1.0\bin;C:\Program Files\Java\jdk-12\bin";"C:\ProgramData\Oracle\Java\javapath;C:\Python27";C:\WINDOWS\system32;C:\WINDOWS;C:\WINDOWS\System32\Wbem;C:\WINDOWS\System32\WindowsPowerShell\v1.0\;C:\Program Files (x86)\GtkSharp\2.12\bin;C:\WINDOWS\System32\OpenSSH\;C:\Program Files (x86)\QuickTime Alternative\QTSystem;C:\Program Files\Microsoft SQL Server\130\Tools\Binn\;C:\Users\User\.dnx\bin;C:\Program Files\Microsoft DNX\Dnvm\;C:\Program Files\IBM\SPSS\Statistics\24\JRE\bin;"C:\WINDOWS\system32;";C:\Users\User\AppData\Local\Google\Cloud SDK;C:\Program Files\Google\Cloud SDK\google-cloud-sdk.staging\bin;C:\google-cloud-sdk\bin;C:\Program Files\Google\Cloud SDK\google-cloud-sdk\bin;C:\Program Files\Git\cmd;C:\Users\User\AppData\Local\Programs\Python\Python39\Scripts\;C:\Users\User\AppData\Local\Programs\Python\Python39\;C:\Users\User\AppData\Roaming\Microsoft\Windows\Start Menu\Programs\Python 3.9;C:\Users\User\AppData\Local\Microsoft\WindowsApps;C:\Users\User\AppData\Local\Programs\Microsoft VS Code\bin;C:\Users\User\AppData\Local\Google\Cloud SDK\google-cloud-sdk\bin;"C:\WINDOWS\system32;";
USERNAME=User
OS=Windows_NT
PROCESSOR_IDENTIFIER=Intel64 Family 6 Model 61 Stepping 4, GenuineIntel



---------------  S Y S T E M  ---------------

OS: Windows 10.0 , 64 bit Build 18362 (10.0.18362.329)

CPU:total 4 (initial active 4) (2 cores per cpu, 2 threads per core) family 6 model 61 stepping 4, cmov, cx8, fxsr, mmx, sse, sse2, sse3, ssse3, sse4.1, sse4.2, popcnt, avx, avx2, aes, clmul, erms, 3dnowpref, lzcnt, ht, tsc, tscinvbit, bmi1, bmi2, adx

Memory: 4k page, physical 8285604k(1447420k free), swap 8285604k(5164k free)

vm_info: OpenJDK 64-Bit Server VM (25.242-b01) for windows-amd64 JRE (1.8.0_242-release-1644-b01), built by "builder" with MS VC++ 10.0 (VS2010)

time: Wed May 05 13:51:59 2021
timezone: SE Asia Standard Time
elapsed time: 13 seconds (0d 0h 0m 13s)

