#
# There is insufficient memory for the Java Runtime Environment to continue.
# Native memory allocation (malloc) failed to allocate 862736 bytes for Chunk::new
# Possible reasons:
#   The system is out of physical RAM or swap space
#   The process is running with CompressedOops enabled, and the Java Heap may be blocking the growth of the native heap
# Possible solutions:
#   Reduce memory load on the system
#   Increase physical memory or swap space
#   Check if swap backing store is full
#   Decrease Java heap size (-Xmx/-Xms)
#   Decrease number of Java threads
#   Decrease Java thread stack sizes (-Xss)
#   Set larger code cache with -XX:ReservedCodeCacheSize=
#   JVM is running with Unscaled Compressed Oops mode in which the Java heap is
#     placed in the first 4GB address space. The Java Heap base address is the
#     maximum limit for the native heap growth. Please use -XX:HeapBaseMinAddress
#     to set the Java Heap base and to place the Java Heap above 4GB virtual address.
# This output file may be truncated or incomplete.
#
#  Out of Memory Error (allocation.cpp:389), pid=12048, tid=0x0000000000003050
#
# JRE version: OpenJDK Runtime Environment (8.0_242-b01) (build 1.8.0_242-release-1644-b01)
# Java VM: OpenJDK 64-Bit Server VM (25.242-b01 mixed mode windows-amd64 compressed oops)
# Failed to write core dump. Minidumps are not enabled by default on client versions of Windows
#

---------------  T H R E A D  ---------------

Current thread (0x0000000013b57000):  JavaThread "C2 CompilerThread0" daemon [_thread_in_native, id=12368, stack(0x00000000151a0000,0x00000000152a0000)]

Stack: [0x00000000151a0000,0x00000000152a0000]
[error occurred during error reporting (printing stack bounds), id 0xc0000005]

Native frames: (J=compiled Java code, j=interpreted, Vv=VM code, C=native code)


Current CompileTask:
C2:   9891 2643       4       org.objectweb.asm.Frame::execute (2318 bytes)


---------------  P R O C E S S  ---------------

Java Threads: ( => current thread )
  0x0000000018027800 JavaThread "Cache worker for file content cache (C:\Users\User\.gradle\caches\6.7.1\fileContent)" [_thread_blocked, id=9076, stack(0x000000001d400000,0x000000001d500000)]
  0x0000000017de2800 JavaThread "jar transforms" [_thread_blocked, id=12620, stack(0x000000001cf00000,0x000000001d000000)]
  0x0000000017de1800 JavaThread "Cache worker for execution history cache (C:\Users\User\.gradle\caches\6.7.1\executionHistory)" [_thread_blocked, id=11868, stack(0x000000001c800000,0x000000001c900000)]
  0x0000000017de0000 JavaThread "Cache worker for cache directory md-rule (C:\Users\User\.gradle\caches\6.7.1\md-rule)" [_thread_blocked, id=11084, stack(0x000000001c700000,0x000000001c800000)]
  0x0000000017de4000 JavaThread "Cache worker for cache directory md-supplier (C:\Users\User\.gradle\caches\6.7.1\md-supplier)" [_thread_blocked, id=13568, stack(0x000000001c600000,0x000000001c700000)]
  0x0000000017de4800 JavaThread "Cache worker for checksums cache (C:\Users\User\AppData\Local\Google\Cloud SDK\mogawe-android\.gradle\checksums)" [_thread_blocked, id=3812, stack(0x000000001b260000,0x000000001b360000)]
  0x0000000017ddf800 JavaThread "Cache worker for file hash cache (C:\Users\User\AppData\Local\Google\Cloud SDK\mogawe-android\.gradle\6.7.1\fileHashes)" [_thread_blocked, id=9312, stack(0x000000001acc0000,0x000000001adc0000)]
  0x0000000017de5800 JavaThread "Cache worker for journal cache (C:\Users\User\.gradle\caches\journal-1)" [_thread_blocked, id=13208, stack(0x000000001abc0000,0x000000001acc0000)]
  0x0000000017de3000 JavaThread "File lock request listener" [_thread_in_native, id=14268, stack(0x0000000019af0000,0x0000000019bf0000)]
  0x0000000017e7b800 JavaThread "Cache worker for file hash cache (C:\Users\User\.gradle\caches\6.7.1\fileHashes)" [_thread_blocked, id=9336, stack(0x00000000198f0000,0x00000000199f0000)]
  0x00000000179f1800 JavaThread "Thread-9" [_thread_blocked, id=1088, stack(0x00000000195f0000,0x00000000196f0000)]
  0x00000000179f0800 JavaThread "Stdin handler" [_thread_blocked, id=2772, stack(0x00000000194f0000,0x00000000195f0000)]
  0x00000000179f3800 JavaThread "Asynchronous log dispatcher for DefaultDaemonConnection: socket connection from /127.0.0.1:54975 to /127.0.0.1:54976" [_thread_blocked, id=10048, stack(0x00000000193f0000,0x00000000194f0000)]
  0x00000000179ef000 JavaThread "Daemon worker" [_thread_blocked, id=4432, stack(0x00000000192f0000,0x00000000193f0000)]
  0x00000000179dc800 JavaThread "Cancel handler" [_thread_blocked, id=6204, stack(0x00000000191f0000,0x00000000192f0000)]
  0x00000000179ab800 JavaThread "Handler for socket connection from /127.0.0.1:54975 to /127.0.0.1:54976" [_thread_in_native, id=13480, stack(0x00000000190f0000,0x00000000191f0000)]
  0x000000001799a800 JavaThread "Daemon" [_thread_blocked, id=7872, stack(0x0000000018df0000,0x0000000018ef0000)]
  0x000000001797c800 JavaThread "Daemon periodic checks" [_thread_blocked, id=5492, stack(0x0000000018cf0000,0x0000000018df0000)]
  0x0000000017926000 JavaThread "Incoming local TCP Connector on port 54975" [_thread_in_native, id=10876, stack(0x0000000018ab0000,0x0000000018bb0000)]
  0x000000001788b000 JavaThread "Daemon health stats" [_thread_blocked, id=11488, stack(0x0000000017270000,0x0000000017370000)]
  0x00000000154d2800 JavaThread "Service Thread" daemon [_thread_blocked, id=13372, stack(0x00000000158a0000,0x00000000159a0000)]
  0x0000000013b6b000 JavaThread "C1 CompilerThread2" daemon [_thread_blocked, id=9896, stack(0x00000000153a0000,0x00000000154a0000)]
  0x0000000013b5a000 JavaThread "C2 CompilerThread1" daemon [_thread_in_native, id=7268, stack(0x00000000152a0000,0x00000000153a0000)]
=>0x0000000013b57000 JavaThread "C2 CompilerThread0" daemon [_thread_in_native, id=12368, stack(0x00000000151a0000,0x00000000152a0000)]
  0x0000000013b55000 JavaThread "Attach Listener" daemon [_thread_blocked, id=7432, stack(0x00000000150a0000,0x00000000151a0000)]
  0x0000000013b51800 JavaThread "Signal Dispatcher" daemon [_thread_blocked, id=13360, stack(0x0000000014fa0000,0x00000000150a0000)]
  0x000000000272b800 JavaThread "Finalizer" daemon [_thread_blocked, id=9420, stack(0x0000000014da0000,0x0000000014ea0000)]
  0x0000000013b39000 JavaThread "Reference Handler" daemon [_thread_blocked, id=6752, stack(0x0000000014ca0000,0x0000000014da0000)]
  0x000000000252e000 JavaThread "main" [_thread_blocked, id=2160, stack(0x0000000002530000,0x0000000002630000)]

Other Threads:
  0x0000000013b15800 VMThread [stack: 0x0000000014ba0000,0x0000000014ca0000] [id=4580]
  0x00000000154e3000 WatcherThread [stack: 0x00000000159a0000,0x0000000015aa0000] [id=6764]

VM state:at safepoint (normal execution)

VM Mutex/Monitor currently owned by a thread:  ([mutex/lock_event])
[0x000000000252d690] Threads_lock - owner thread: 0x0000000000000000

heap address: 0x00000000e0000000, size: 512 MB, Compressed Oops mode: 32-bit
Narrow klass base: 0x0000000000000000, Narrow klass shift: 3
Compressed class space size: 1073741824 Address: 0x0000000100000000

Heap:
 PSYoungGen      total 76800K, used 1284K [0x00000000f5580000, 0x00000000fc680000, 0x0000000100000000)
  eden space 66048K, 1% used [0x00000000f5580000,0x00000000f56c12a0,0x00000000f9600000)
  from space 10752K, 0% used [0x00000000f9600000,0x00000000f9600000,0x00000000fa080000)
  to   space 11776K, 0% used [0x00000000fbb00000,0x00000000fbb00000,0x00000000fc680000)
 ParOldGen       total 54272K, used 16672K [0x00000000e0000000, 0x00000000e3500000, 0x00000000f5580000)
  object space 54272K, 30% used [0x00000000e0000000,0x00000000e1048368,0x00000000e3500000)
 Metaspace       used 34360K, capacity 35378K, committed 35712K, reserved 1081344K
  class space    used 4626K, capacity 4874K, committed 4992K, reserved 1048576K

Card table byte_map: [0x0000000011af0000,0x0000000011c00000] byte_map_base: 0x00000000113f0000

Marking Bits: (ParMarkBitMap*) 0x00000000567af030
 Begin Bits: [0x00000000120b0000, 0x00000000128b0000)
 End Bits:   [0x00000000128b0000, 0x00000000130b0000)

Polling page: 0x0000000000c90000

CodeCache: size=245760Kb used=9356Kb max_used=9368Kb free=236403Kb
 bounds [0x0000000002730000, 0x0000000003060000, 0x0000000011730000]
 total_blobs=3166 nmethods=2460 adapters=619
 compilation: enabled

Compilation events (10 events):
Event: 9.772 Thread 0x0000000013b6b000 2671       3       java.lang.Long::bitCount (61 bytes)
Event: 9.772 Thread 0x0000000013b6b000 nmethod 2671 0x0000000003056c50 code [0x0000000003056da0, 0x0000000003056f50]
Event: 9.772 Thread 0x0000000013b5a000 2672       4       java.lang.Long::bitCount (61 bytes)
Event: 9.773 Thread 0x0000000013b5a000 nmethod 2672 0x0000000003049250 code [0x0000000003049380, 0x0000000003049438]
Event: 9.774 Thread 0x0000000013b6b000 2673       3       java.io.ObjectStreamClass::requireInitialized (18 bytes)
Event: 9.775 Thread 0x0000000013b6b000 nmethod 2673 0x00000000030597d0 code [0x0000000003059940, 0x0000000003059ba8]
Event: 9.777 Thread 0x0000000013b5a000 2674       4       java.security.CodeSource::hashCode (17 bytes)
Event: 9.780 Thread 0x0000000013b6b000 2675       1       com.google.common.base.Suppliers$SupplierOfInstance::get (5 bytes)
Event: 9.781 Thread 0x0000000013b6b000 nmethod 2675 0x0000000003058010 code [0x0000000003058160, 0x0000000003058270]
Event: 9.781 Thread 0x0000000013b5a000 nmethod 2674 0x0000000003057910 code [0x0000000003057a60, 0x0000000003057ea8]

GC Heap History (10 events):
Event: 6.313 GC heap after
Heap after GC invocations=6 (full 0):
 PSYoungGen      total 76288K, used 8608K [0x00000000f5580000, 0x00000000fab80000, 0x0000000100000000)
  eden space 66048K, 0% used [0x00000000f5580000,0x00000000f5580000,0x00000000f9600000)
  from space 10240K, 84% used [0x00000000fa080000,0x00000000fa8e8178,0x00000000faa80000)
  to   space 10752K, 0% used [0x00000000f9600000,0x00000000f9600000,0x00000000fa080000)
 ParOldGen       total 87552K, used 6546K [0x00000000e0000000, 0x00000000e5580000, 0x00000000f5580000)
  object space 87552K, 7% used [0x00000000e0000000,0x00000000e0664858,0x00000000e5580000)
 Metaspace       used 19535K, capacity 20242K, committed 20480K, reserved 1067008K
  class space    used 2777K, capacity 2983K, committed 3072K, reserved 1048576K
}
Event: 6.517 GC heap before
{Heap before GC invocations=7 (full 0):
 PSYoungGen      total 76288K, used 23573K [0x00000000f5580000, 0x00000000fab80000, 0x0000000100000000)
  eden space 66048K, 22% used [0x00000000f5580000,0x00000000f641d378,0x00000000f9600000)
  from space 10240K, 84% used [0x00000000fa080000,0x00000000fa8e8178,0x00000000faa80000)
  to   space 10752K, 0% used [0x00000000f9600000,0x00000000f9600000,0x00000000fa080000)
 ParOldGen       total 87552K, used 6546K [0x00000000e0000000, 0x00000000e5580000, 0x00000000f5580000)
  object space 87552K, 7% used [0x00000000e0000000,0x00000000e0664858,0x00000000e5580000)
 Metaspace       used 20501K, capacity 21206K, committed 21296K, reserved 1067008K
  class space    used 2943K, capacity 3127K, committed 3200K, reserved 1048576K
Event: 6.531 GC heap after
Heap after GC invocations=7 (full 0):
 PSYoungGen      total 76800K, used 5013K [0x00000000f5580000, 0x00000000fab80000, 0x0000000100000000)
  eden space 66048K, 0% used [0x00000000f5580000,0x00000000f5580000,0x00000000f9600000)
  from space 10752K, 46% used [0x00000000f9600000,0x00000000f9ae5570,0x00000000fa080000)
  to   space 10240K, 0% used [0x00000000fa080000,0x00000000fa080000,0x00000000faa80000)
 ParOldGen       total 87552K, used 8954K [0x00000000e0000000, 0x00000000e5580000, 0x00000000f5580000)
  object space 87552K, 10% used [0x00000000e0000000,0x00000000e08be8c8,0x00000000e5580000)
 Metaspace       used 20501K, capacity 21206K, committed 21296K, reserved 1067008K
  class space    used 2943K, capacity 3127K, committed 3200K, reserved 1048576K
}
Event: 6.531 GC heap before
{Heap before GC invocations=8 (full 1):
 PSYoungGen      total 76800K, used 5013K [0x00000000f5580000, 0x00000000fab80000, 0x0000000100000000)
  eden space 66048K, 0% used [0x00000000f5580000,0x00000000f5580000,0x00000000f9600000)
  from space 10752K, 46% used [0x00000000f9600000,0x00000000f9ae5570,0x00000000fa080000)
  to   space 10240K, 0% used [0x00000000fa080000,0x00000000fa080000,0x00000000faa80000)
 ParOldGen       total 87552K, used 8954K [0x00000000e0000000, 0x00000000e5580000, 0x00000000f5580000)
  object space 87552K, 10% used [0x00000000e0000000,0x00000000e08be8c8,0x00000000e5580000)
 Metaspace       used 20501K, capacity 21206K, committed 21296K, reserved 1067008K
  class space    used 2943K, capacity 3127K, committed 3200K, reserved 1048576K
Event: 6.599 GC heap after
Heap after GC invocations=8 (full 1):
 PSYoungGen      total 76800K, used 0K [0x00000000f5580000, 0x00000000fab80000, 0x0000000100000000)
  eden space 66048K, 0% used [0x00000000f5580000,0x00000000f5580000,0x00000000f9600000)
  from space 10752K, 0% used [0x00000000f9600000,0x00000000f9600000,0x00000000fa080000)
  to   space 10240K, 0% used [0x00000000fa080000,0x00000000fa080000,0x00000000faa80000)
 ParOldGen       total 54272K, used 7878K [0x00000000e0000000, 0x00000000e3500000, 0x00000000f5580000)
  object space 54272K, 14% used [0x00000000e0000000,0x00000000e07b1948,0x00000000e3500000)
 Metaspace       used 20501K, capacity 21206K, committed 21296K, reserved 1067008K
  class space    used 2943K, capacity 3127K, committed 3200K, reserved 1048576K
}
Event: 8.308 GC heap before
{Heap before GC invocations=9 (full 1):
 PSYoungGen      total 76800K, used 66048K [0x00000000f5580000, 0x00000000fab80000, 0x0000000100000000)
  eden space 66048K, 100% used [0x00000000f5580000,0x00000000f9600000,0x00000000f9600000)
  from space 10752K, 0% used [0x00000000f9600000,0x00000000f9600000,0x00000000fa080000)
  to   space 10240K, 0% used [0x00000000fa080000,0x00000000fa080000,0x00000000faa80000)
 ParOldGen       total 54272K, used 7878K [0x00000000e0000000, 0x00000000e3500000, 0x00000000f5580000)
  object space 54272K, 14% used [0x00000000e0000000,0x00000000e07b1948,0x00000000e3500000)
 Metaspace       used 28060K, capacity 28898K, committed 29056K, reserved 1075200K
  class space    used 3942K, capacity 4175K, committed 4224K, reserved 1048576K
Event: 8.316 GC heap after
Heap after GC invocations=9 (full 1):
 PSYoungGen      total 76288K, used 7848K [0x00000000f5580000, 0x00000000fab80000, 0x0000000100000000)
  eden space 66048K, 0% used [0x00000000f5580000,0x00000000f5580000,0x00000000f9600000)
  from space 10240K, 76% used [0x00000000fa080000,0x00000000fa82a2b0,0x00000000faa80000)
  to   space 10752K, 0% used [0x00000000f9600000,0x00000000f9600000,0x00000000fa080000)
 ParOldGen       total 54272K, used 7886K [0x00000000e0000000, 0x00000000e3500000, 0x00000000f5580000)
  object space 54272K, 14% used [0x00000000e0000000,0x00000000e07b3948,0x00000000e3500000)
 Metaspace       used 28060K, capacity 28898K, committed 29056K, reserved 1075200K
  class space    used 3942K, capacity 4175K, committed 4224K, reserved 1048576K
}
Event: 9.786 GC heap before
{Heap before GC invocations=10 (full 1):
 PSYoungGen      total 76288K, used 62136K [0x00000000f5580000, 0x00000000fab80000, 0x0000000100000000)
  eden space 66048K, 82% used [0x00000000f5580000,0x00000000f8a83e18,0x00000000f9600000)
  from space 10240K, 76% used [0x00000000fa080000,0x00000000fa82a2b0,0x00000000faa80000)
  to   space 10752K, 0% used [0x00000000f9600000,0x00000000f9600000,0x00000000fa080000)
 ParOldGen       total 54272K, used 7886K [0x00000000e0000000, 0x00000000e3500000, 0x00000000f5580000)
  object space 54272K, 14% used [0x00000000e0000000,0x00000000e07b3948,0x00000000e3500000)
 Metaspace       used 34354K, capacity 35320K, committed 35456K, reserved 1079296K
  class space    used 4627K, capacity 4876K, committed 4992K, reserved 1048576K
Event: 9.803 GC heap after
Heap after GC invocations=10 (full 1):
 PSYoungGen      total 76800K, used 10019K [0x00000000f5580000, 0x00000000fc680000, 0x0000000100000000)
  eden space 66048K, 0% used [0x00000000f5580000,0x00000000f5580000,0x00000000f9600000)
  from space 10752K, 93% used [0x00000000f9600000,0x00000000f9fc8d68,0x00000000fa080000)
  to   space 11776K, 0% used [0x00000000fbb00000,0x00000000fbb00000,0x00000000fc680000)
 ParOldGen       total 54272K, used 7894K [0x00000000e0000000, 0x00000000e3500000, 0x00000000f5580000)
  object space 54272K, 14% used [0x00000000e0000000,0x00000000e07b5948,0x00000000e3500000)
 Metaspace       used 34354K, capacity 35320K, committed 35456K, reserved 1079296K
  class space    used 4627K, capacity 4876K, committed 4992K, reserved 1048576K
}
Event: 9.803 GC heap before
{Heap before GC invocations=11 (full 2):
 PSYoungGen      total 76800K, used 10019K [0x00000000f5580000, 0x00000000fc680000, 0x0000000100000000)
  eden space 66048K, 0% used [0x00000000f5580000,0x00000000f5580000,0x00000000f9600000)
  from space 10752K, 93% used [0x00000000f9600000,0x00000000f9fc8d68,0x00000000fa080000)
  to   space 11776K, 0% used [0x00000000fbb00000,0x00000000fbb00000,0x00000000fc680000)
 ParOldGen       total 54272K, used 7894K [0x00000000e0000000, 0x00000000e3500000, 0x00000000f5580000)
  object space 54272K, 14% used [0x00000000e0000000,0x00000000e07b5948,0x00000000e3500000)
 Metaspace       used 34354K, capacity 35320K, committed 35456K, reserved 1079296K
  class space    used 4627K, capacity 4876K, committed 4992K, reserved 1048576K

Deoptimization events (10 events):
Event: 6.680 Thread 0x00000000179ef000 Uncommon trap: reason=unstable_if action=reinterpret pc=0x0000000002be2968 method=java.util.HashMap.hash(Ljava/lang/Object;)I @ 1
Event: 6.843 Thread 0x00000000179ef000 Uncommon trap: reason=unstable_if action=reinterpret pc=0x0000000002a1f60c method=java.io.WinNTFileSystem.resolve(Ljava/lang/String;Ljava/lang/String;)Ljava/lang/String; @ 49
Event: 7.264 Thread 0x00000000179ef000 Uncommon trap: reason=unstable_if action=reinterpret pc=0x0000000002d61eec method=java.util.HashMap.putVal(ILjava/lang/Object;Ljava/lang/Object;ZZ)Ljava/lang/Object; @ 162
Event: 8.318 Thread 0x0000000013b39000 Uncommon trap: reason=unstable_if action=reinterpret pc=0x0000000002c5167c method=java.lang.ref.Reference.tryHandlePending(Z)Z @ 104
Event: 9.036 Thread 0x00000000179ef000 Uncommon trap: reason=unstable_if action=reinterpret pc=0x0000000002a14f5c method=sun.misc.MetaIndex.mayContain(Ljava/lang/String;)Z @ 38
Event: 9.114 Thread 0x00000000179ef000 Uncommon trap: reason=unstable_if action=reinterpret pc=0x0000000002c43b18 method=java.lang.ClassLoader.getClassLoadingLock(Ljava/lang/String;)Ljava/lang/Object; @ 6
Event: 9.300 Thread 0x0000000017e7b800 Uncommon trap: reason=bimorphic action=maybe_recompile pc=0x0000000002d22a4c method=java.io.DataOutputStream.writeShort(I)V @ 12
Event: 9.359 Thread 0x0000000017de2800 Uncommon trap: reason=unstable_if action=reinterpret pc=0x0000000002b52430 method=java.lang.String.regionMatches(ZILjava/lang/String;II)Z @ 123
Event: 9.359 Thread 0x0000000017de2800 Uncommon trap: reason=unstable_if action=reinterpret pc=0x0000000002c33924 method=java.lang.String.regionMatches(ZILjava/lang/String;II)Z @ 123
Event: 9.382 Thread 0x00000000179ef000 Uncommon trap: reason=unstable_if action=reinterpret pc=0x0000000002cd7870 method=java.net.URLClassLoader.defineClass(Ljava/lang/String;Lsun/misc/Resource;)Ljava/lang/Class; @ 21

Classes redefined (0 events):
No events

Internal exceptions (10 events):
Event: 9.507 Thread 0x00000000179ef000 Exception <a 'java/lang/ClassNotFoundException': org/gradle/initialization/DefaultSettingsBeanInfo> (0x00000000f77af500) thrown at [C:\src\AOSP-openjdk-git\hotspot\src\share\vm\classfile\systemDictionary.cpp, line 210]
Event: 9.508 Thread 0x00000000179ef000 Exception <a 'java/lang/ClassNotFoundException': org/gradle/api/internal/project/AbstractPluginAwareBeanInfo> (0x00000000f77e28f8) thrown at [C:\src\AOSP-openjdk-git\hotspot\src\share\vm\classfile\systemDictionary.cpp, line 210]
Event: 9.508 Thread 0x00000000179ef000 Exception <a 'java/lang/ClassNotFoundException': org/gradle/api/internal/project/AbstractPluginAwareCustomizer> (0x00000000f78167f8) thrown at [C:\src\AOSP-openjdk-git\hotspot\src\share\vm\classfile\systemDictionary.cpp, line 210]
Event: 9.511 Thread 0x00000000179ef000 Exception <a 'java/lang/ClassNotFoundException': org/gradle/initialization/DefaultSettingsCustomizer> (0x00000000f784cd40) thrown at [C:\src\AOSP-openjdk-git\hotspot\src\share\vm\classfile\systemDictionary.cpp, line 210]
Event: 9.517 Thread 0x00000000179ef000 Exception <a 'java/lang/ClassNotFoundException': org/gradle/initialization/DefaultSettings_DecoratedCustomizer> (0x00000000f78be3c0) thrown at [C:\src\AOSP-openjdk-git\hotspot\src\share\vm\classfile\systemDictionary.cpp, line 210]
Event: 9.770 Thread 0x00000000179f1800 Exception <a 'java/lang/NoSuchMethodError': <clinit>> (0x00000000f56b0358) thrown at [C:\src\AOSP-openjdk-git\hotspot\src\share\vm\prims\jni.cpp, line 1615]
Event: 9.770 Thread 0x00000000179f1800 Exception <a 'java/lang/NoSuchMethodError': <clinit>> (0x00000000f56b4990) thrown at [C:\src\AOSP-openjdk-git\hotspot\src\share\vm\prims\jni.cpp, line 1615]
Event: 9.772 Thread 0x00000000179f1800 Exception <a 'java/lang/NoSuchMethodError': <clinit>> (0x00000000f56c43a8) thrown at [C:\src\AOSP-openjdk-git\hotspot\src\share\vm\prims\jni.cpp, line 1615]
Event: 9.773 Thread 0x00000000179f1800 Exception <a 'java/lang/NoSuchMethodError': <clinit>> (0x00000000f56c74c8) thrown at [C:\src\AOSP-openjdk-git\hotspot\src\share\vm\prims\jni.cpp, line 1615]
Event: 9.774 Thread 0x00000000179f1800 Exception <a 'java/lang/NoSuchMethodError': <clinit>> (0x00000000f8943488) thrown at [C:\src\AOSP-openjdk-git\hotspot\src\share\vm\prims\jni.cpp, line 1615]

Events (10 events):
Event: 9.778 loading class org/gradle/internal/reflect/Types$TypeVisitor done
Event: 9.779 loading class org/gradle/model/internal/manage/binding/StructMethodBinding
Event: 9.779 loading class org/gradle/model/internal/manage/binding/StructMethodBinding done
Event: 9.781 loading class org/gradle/model/internal/manage/instance/ManagedProxyFactory$1
Event: 9.781 loading class org/gradle/model/internal/manage/instance/ManagedProxyFactory$1 done
Event: 9.782 loading class org/gradle/model/internal/manage/schema/extract/ManagedProxyClassGenerator
Event: 9.782 loading class org/gradle/model/internal/manage/schema/extract/ManagedProxyClassGenerator done
Event: 9.785 loading class org/gradle/internal/reflect/UnsupportedPropertyValueException
Event: 9.785 loading class org/gradle/internal/reflect/UnsupportedPropertyValueException done
Event: 9.786 Executing VM operation: CollectForMetadataAllocation


Dynamic libraries:
0x00007ff707720000 - 0x00007ff707751000 	C:\Program Files\Android\Android Studio\jre\bin\java.exe
0x00007ff817660000 - 0x00007ff817850000 	C:\WINDOWS\SYSTEM32\ntdll.dll
0x00007ff8159c0000 - 0x00007ff815a72000 	C:\WINDOWS\System32\KERNEL32.DLL
0x00007ff8150a0000 - 0x00007ff815343000 	C:\WINDOWS\System32\KERNELBASE.dll
0x00007ff815710000 - 0x00007ff8157b3000 	C:\WINDOWS\System32\ADVAPI32.dll
0x00007ff8157c0000 - 0x00007ff81585e000 	C:\WINDOWS\System32\msvcrt.dll
0x00007ff8166f0000 - 0x00007ff816787000 	C:\WINDOWS\System32\sechost.dll
0x00007ff8167b0000 - 0x00007ff8168d0000 	C:\WINDOWS\System32\RPCRT4.dll
0x00007ff816a90000 - 0x00007ff816c24000 	C:\WINDOWS\System32\USER32.dll
0x00007ff815350000 - 0x00007ff815371000 	C:\WINDOWS\System32\win32u.dll
0x00007ff817250000 - 0x00007ff817276000 	C:\WINDOWS\System32\GDI32.dll
0x00007ff815420000 - 0x00007ff8155b4000 	C:\WINDOWS\System32\gdi32full.dll
0x00007ff815380000 - 0x00007ff81541e000 	C:\WINDOWS\System32\msvcp_win.dll
0x00007ff814f70000 - 0x00007ff81506a000 	C:\WINDOWS\System32\ucrtbase.dll
0x00007ff8028d0000 - 0x00007ff802b55000 	C:\WINDOWS\WinSxS\amd64_microsoft.windows.common-controls_6595b64144ccf1df_6.0.18362.719_none_e6c7b883130c6729\COMCTL32.dll
0x00007ff8172e0000 - 0x00007ff817616000 	C:\WINDOWS\System32\combase.dll
0x00007ff814ef0000 - 0x00007ff814f70000 	C:\WINDOWS\System32\bcryptPrimitives.dll
0x00007ff816c30000 - 0x00007ff816c5e000 	C:\WINDOWS\System32\IMM32.DLL
0x0000000055f00000 - 0x0000000055fd2000 	C:\Program Files\Android\Android Studio\jre\jre\bin\msvcr100.dll
0x0000000055fe0000 - 0x000000005682b000 	C:\Program Files\Android\Android Studio\jre\jre\bin\server\jvm.dll
0x00007ff816790000 - 0x00007ff816798000 	C:\WINDOWS\System32\PSAPI.DLL
0x00007ff813030000 - 0x00007ff813039000 	C:\WINDOWS\SYSTEM32\WSOCK32.dll
0x00007ff811bc0000 - 0x00007ff811be4000 	C:\WINDOWS\SYSTEM32\WINMM.dll
0x00007ff817110000 - 0x00007ff81717f000 	C:\WINDOWS\System32\WS2_32.dll
0x00007ff808420000 - 0x00007ff80842a000 	C:\WINDOWS\SYSTEM32\VERSION.dll
0x00007ff811b90000 - 0x00007ff811bbd000 	C:\WINDOWS\SYSTEM32\WINMMBASE.dll
0x00007ff814ea0000 - 0x00007ff814eea000 	C:\WINDOWS\System32\cfgmgr32.dll
0x00007ff801b10000 - 0x00007ff801b1f000 	C:\Program Files\Android\Android Studio\jre\jre\bin\verify.dll
0x00007fffe9d60000 - 0x00007fffe9d89000 	C:\Program Files\Android\Android Studio\jre\jre\bin\java.dll
0x00007fffea540000 - 0x00007fffea556000 	C:\Program Files\Android\Android Studio\jre\jre\bin\zip.dll
0x00007ff815fa0000 - 0x00007ff816685000 	C:\WINDOWS\System32\SHELL32.dll
0x00007ff8158f0000 - 0x00007ff815999000 	C:\WINDOWS\System32\shcore.dll
0x00007ff814650000 - 0x00007ff814dd0000 	C:\WINDOWS\System32\windows.storage.dll
0x00007ff814530000 - 0x00007ff814553000 	C:\WINDOWS\System32\profapi.dll
0x00007ff814580000 - 0x00007ff8145ca000 	C:\WINDOWS\System32\powrprof.dll
0x00007ff814520000 - 0x00007ff814530000 	C:\WINDOWS\System32\UMPDC.dll
0x00007ff816690000 - 0x00007ff8166e2000 	C:\WINDOWS\System32\shlwapi.dll
0x00007ff814560000 - 0x00007ff814571000 	C:\WINDOWS\System32\kernel.appcore.dll
0x00007ff814e80000 - 0x00007ff814e97000 	C:\WINDOWS\System32\cryptsp.dll
0x00007fffe9d10000 - 0x00007fffe9d2a000 	C:\Program Files\Android\Android Studio\jre\jre\bin\net.dll
0x00007ff813d90000 - 0x00007ff813df7000 	C:\WINDOWS\system32\mswsock.dll
0x00007fffe9910000 - 0x00007fffe9923000 	C:\Program Files\Android\Android Studio\jre\jre\bin\nio.dll
0x00007ff8096c0000 - 0x00007ff8096e7000 	C:\Users\User\.gradle\native\fdc75f09e3144964f2cf3f50f0aa648679c211496f362492102eb8c894070792\windows-amd64\native-platform.dll
0x00007fffea0a0000 - 0x00007fffea236000 	C:\Users\User\.gradle\native\12488b8bf47d2d4c9fbf2f6322a914ad602e24e48041cd04a747c6da556b65c4\windows-amd64\native-platform-file-events.dll
0x00007ffffb040000 - 0x00007ffffb04d000 	C:\Program Files\Android\Android Studio\jre\jre\bin\management.dll
0x00007ff813900000 - 0x00007ff813933000 	C:\WINDOWS\system32\rsaenh.dll
0x00007ff815070000 - 0x00007ff815096000 	C:\WINDOWS\System32\bcrypt.dll
0x00007ff814440000 - 0x00007ff814465000 	C:\WINDOWS\SYSTEM32\USERENV.dll
0x00007ff813f60000 - 0x00007ff813f6c000 	C:\WINDOWS\SYSTEM32\CRYPTBASE.dll
0x00007ff813aa0000 - 0x00007ff813ada000 	C:\WINDOWS\SYSTEM32\IPHLPAPI.DLL
0x00007ff8167a0000 - 0x00007ff8167a8000 	C:\WINDOWS\System32\NSI.dll
0x00007ff808b00000 - 0x00007ff808b16000 	C:\WINDOWS\SYSTEM32\dhcpcsvc6.DLL
0x00007ff808cd0000 - 0x00007ff808cec000 	C:\WINDOWS\SYSTEM32\dhcpcsvc.DLL
0x00007ff813ae0000 - 0x00007ff813baa000 	C:\WINDOWS\SYSTEM32\DNSAPI.dll
0x00007ff80d4c0000 - 0x00007ff80d4cb000 	C:\WINDOWS\SYSTEM32\WINNSI.DLL

VM Arguments:
jvm_args: -Xmx512m -Dfile.encoding=windows-1252 -Duser.country=US -Duser.language=en -Duser.variant 
java_command: org.gradle.launcher.daemon.bootstrap.GradleDaemon 6.7.1
java_class_path (initial): C:\Users\User\.gradle\wrapper\dists\gradle-6.7.1-bin\bwlcbys1h7rz3272sye1xwiv6\gradle-6.7.1\lib\gradle-launcher-6.7.1.jar
Launcher Type: SUN_STANDARD

Environment Variables:
PATH=C:\Program Files (x86)\Common Files\Oracle\Java\javapath;"C:\MinGW\bin;C:\MinGW\msys\1.0\bin;C:\Program Files\Java\jdk-12\bin";"C:\ProgramData\Oracle\Java\javapath;C:\Python27";C:\WINDOWS\system32;C:\WINDOWS;C:\WINDOWS\System32\Wbem;C:\WINDOWS\System32\WindowsPowerShell\v1.0\;C:\Program Files (x86)\GtkSharp\2.12\bin;C:\WINDOWS\System32\OpenSSH\;C:\Program Files (x86)\QuickTime Alternative\QTSystem;C:\Program Files\Microsoft SQL Server\130\Tools\Binn\;C:\WINDOWS\system32\config\systemprofile\.dnx\bin;C:\Program Files\Microsoft DNX\Dnvm\;C:\Program Files\IBM\SPSS\Statistics\24\JRE\bin;"C:\WINDOWS\system32;";C:\Users\User\AppData\Local\Google\Cloud SDK;C:\Program Files\Google\Cloud SDK\google-cloud-sdk.staging\bin;C:\google-cloud-sdk\bin;C:\Program Files\Google\Cloud SDK\google-cloud-sdk\bin;C:\Program Files\Git\cmd;C:\Users\User\AppData\Local\Programs\Python\Python39\Scripts\;C:\Users\User\AppData\Local\Programs\Python\Python39\;C:\Users\User\AppData\Roaming\Microsoft\Windows\Start Menu\Programs\Python 3.9;C:\Users\User\AppData\Local\Microsoft\WindowsApps;C:\Users\User\AppData\Local\Programs\Microsoft VS Code\bin;C:\Users\User\AppData\Local\Google\Cloud SDK\google-cloud-sdk\bin;"C:\WINDOWS\system32;";
USERNAME=User
OS=Windows_NT
PROCESSOR_IDENTIFIER=Intel64 Family 6 Model 61 Stepping 4, GenuineIntel



---------------  S Y S T E M  ---------------

OS: Windows 10.0 , 64 bit Build 18362 (10.0.18362.329)

CPU:total 4 (initial active 4) (2 cores per cpu, 2 threads per core) family 6 model 61 stepping 4, cmov, cx8, fxsr, mmx, sse, sse2, sse3, ssse3, sse4.1, sse4.2, popcnt, avx, avx2, aes, clmul, erms, 3dnowpref, lzcnt, ht, tsc, tscinvbit, bmi1, bmi2, adx

Memory: 4k page, physical 8285604k(365604k free), swap 8285604k(5168k free)

vm_info: OpenJDK 64-Bit Server VM (25.242-b01) for windows-amd64 JRE (1.8.0_242-release-1644-b01), built by "builder" with MS VC++ 10.0 (VS2010)

time: Fri May 07 16:29:30 2021
timezone: SE Asia Standard Time
elapsed time: 9 seconds (0d 0h 0m 9s)

