#
# There is insufficient memory for the Java Runtime Environment to continue.
# Native memory allocation (malloc) failed to allocate 486096 bytes for Chunk::new
# Possible reasons:
#   The system is out of physical RAM or swap space
#   The process is running with CompressedOops enabled, and the Java Heap may be blocking the growth of the native heap
# Possible solutions:
#   Reduce memory load on the system
#   Increase physical memory or swap space
#   Check if swap backing store is full
#   Decrease Java heap size (-Xmx/-Xms)
#   Decrease number of Java threads
#   Decrease Java thread stack sizes (-Xss)
#   Set larger code cache with -XX:ReservedCodeCacheSize=
#   JVM is running with Unscaled Compressed Oops mode in which the Java heap is
#     placed in the first 4GB address space. The Java Heap base address is the
#     maximum limit for the native heap growth. Please use -XX:HeapBaseMinAddress
#     to set the Java Heap base and to place the Java Heap above 4GB virtual address.
# This output file may be truncated or incomplete.
#
#  Out of Memory Error (allocation.cpp:389), pid=6332, tid=0x0000000000000ff0
#
# JRE version: OpenJDK Runtime Environment (8.0_242-b01) (build 1.8.0_242-release-1644-b01)
# Java VM: OpenJDK 64-Bit Server VM (25.242-b01 mixed mode windows-amd64 compressed oops)
# Failed to write core dump. Minidumps are not enabled by default on client versions of Windows
#

---------------  T H R E A D  ---------------

Current thread (0x0000000017177000):  JavaThread "C2 CompilerThread0" daemon [_thread_in_native, id=4080, stack(0x00000000187c0000,0x00000000188c0000)]

Stack: [0x00000000187c0000,0x00000000188c0000]
[error occurred during error reporting (printing stack bounds), id 0xc0000005]

Native frames: (J=compiled Java code, j=interpreted, Vv=VM code, C=native code)


Current CompileTask:
C2:  27519 5590       4       com.sun.beans.TypeResolver::resolve (37 bytes)


---------------  P R O C E S S  ---------------

Java Threads: ( => current thread )
  0x0000000019d0b800 JavaThread "pool-1-thread-1" [_thread_blocked, id=4468, stack(0x0000000029c60000,0x0000000029d60000)]
  0x0000000019d05000 JavaThread "jar transforms Thread 99" [_thread_blocked, id=2460, stack(0x0000000029b60000,0x0000000029c60000)]
  0x0000000019d0b000 JavaThread "jar transforms Thread 98" [_thread_blocked, id=14596, stack(0x0000000029a60000,0x0000000029b60000)]
  0x0000000019d0a000 JavaThread "jar transforms Thread 97" [_thread_blocked, id=11444, stack(0x0000000029960000,0x0000000029a60000)]
  0x0000000019e6c000 JavaThread "jar transforms Thread 96" [_thread_blocked, id=12656, stack(0x0000000029860000,0x0000000029960000)]
  0x0000000019e6a800 JavaThread "jar transforms Thread 95" [_thread_blocked, id=2308, stack(0x0000000029760000,0x0000000029860000)]
  0x0000000019e69800 JavaThread "jar transforms Thread 94" [_thread_blocked, id=6568, stack(0x0000000029660000,0x0000000029760000)]
  0x0000000019e69000 JavaThread "jar transforms Thread 93" [_thread_blocked, id=5052, stack(0x0000000029560000,0x0000000029660000)]
  0x0000000019e68000 JavaThread "jar transforms Thread 92" [_thread_blocked, id=10944, stack(0x0000000029460000,0x0000000029560000)]
  0x0000000019e6b000 JavaThread "jar transforms Thread 91" [_thread_blocked, id=10712, stack(0x0000000029360000,0x0000000029460000)]
  0x0000000019e66000 JavaThread "jar transforms Thread 90" [_thread_blocked, id=1240, stack(0x0000000029260000,0x0000000029360000)]
  0x0000000019e67800 JavaThread "jar transforms Thread 89" [_thread_blocked, id=4708, stack(0x0000000029160000,0x0000000029260000)]
  0x0000000019e66800 JavaThread "jar transforms Thread 88" [_thread_blocked, id=12328, stack(0x0000000029060000,0x0000000029160000)]
  0x0000000019e5e000 JavaThread "jar transforms Thread 87" [_thread_blocked, id=4456, stack(0x0000000028f60000,0x0000000029060000)]
  0x0000000019e62000 JavaThread "jar transforms Thread 86" [_thread_blocked, id=4292, stack(0x0000000028e60000,0x0000000028f60000)]
  0x0000000019e61800 JavaThread "jar transforms Thread 85" [_thread_blocked, id=10000, stack(0x0000000028d60000,0x0000000028e60000)]
  0x0000000019e63000 JavaThread "jar transforms Thread 84" [_thread_blocked, id=1844, stack(0x0000000028c60000,0x0000000028d60000)]
  0x0000000019e63800 JavaThread "jar transforms Thread 83" [_thread_blocked, id=12960, stack(0x0000000028b60000,0x0000000028c60000)]
  0x0000000019e64800 JavaThread "jar transforms Thread 82" [_thread_blocked, id=14768, stack(0x0000000028a60000,0x0000000028b60000)]
  0x0000000019e65000 JavaThread "jar transforms Thread 81" [_thread_blocked, id=10940, stack(0x0000000028960000,0x0000000028a60000)]
  0x0000000019e5d800 JavaThread "jar transforms Thread 80" [_thread_blocked, id=5448, stack(0x0000000028860000,0x0000000028960000)]
  0x0000000019e60800 JavaThread "jar transforms Thread 79" [_thread_blocked, id=11916, stack(0x0000000028760000,0x0000000028860000)]
  0x0000000019e5c800 JavaThread "jar transforms Thread 78" [_thread_blocked, id=696, stack(0x0000000028660000,0x0000000028760000)]
  0x0000000019e5f000 JavaThread "jar transforms Thread 77" [_thread_blocked, id=4088, stack(0x0000000028560000,0x0000000028660000)]
  0x0000000019e60000 JavaThread "jar transforms Thread 76" [_thread_blocked, id=6192, stack(0x0000000028460000,0x0000000028560000)]
  0x000000001e3c9800 JavaThread "jar transforms Thread 75" [_thread_blocked, id=6984, stack(0x0000000028360000,0x0000000028460000)]
  0x000000001e3c9000 JavaThread "jar transforms Thread 74" [_thread_blocked, id=3820, stack(0x0000000028260000,0x0000000028360000)]
  0x000000001e3c8000 JavaThread "jar transforms Thread 73" [_thread_blocked, id=14408, stack(0x0000000028160000,0x0000000028260000)]
  0x000000001e3c7800 JavaThread "jar transforms Thread 72" [_thread_blocked, id=8168, stack(0x0000000028060000,0x0000000028160000)]
  0x000000001e3cc000 JavaThread "jar transforms Thread 71" [_thread_blocked, id=6728, stack(0x0000000027f60000,0x0000000028060000)]
  0x000000001e3cb800 JavaThread "jar transforms Thread 70" [_thread_blocked, id=11800, stack(0x0000000027e60000,0x0000000027f60000)]
  0x000000001e3cd000 JavaThread "jar transforms Thread 69" [_thread_blocked, id=10972, stack(0x0000000027d60000,0x0000000027e60000)]
  0x000000001e3ca800 JavaThread "jar transforms Thread 68" [_thread_blocked, id=15020, stack(0x0000000027c60000,0x0000000027d60000)]
  0x000000001e3c0000 JavaThread "jar transforms Thread 67" [_thread_blocked, id=6392, stack(0x0000000027b60000,0x0000000027c60000)]
  0x000000001e3c6800 JavaThread "jar transforms Thread 66" [_thread_blocked, id=2628, stack(0x0000000027a60000,0x0000000027b60000)]
  0x000000001e3bf000 JavaThread "jar transforms Thread 65" [_thread_blocked, id=3396, stack(0x0000000027960000,0x0000000027a60000)]
  0x000000001e3c3000 JavaThread "jar transforms Thread 64" [_thread_blocked, id=11140, stack(0x0000000027860000,0x0000000027960000)]
  0x000000001e3c2000 JavaThread "jar transforms Thread 63" [_thread_blocked, id=7412, stack(0x0000000027760000,0x0000000027860000)]
  0x000000001e3c6000 JavaThread "jar transforms Thread 62" [_thread_blocked, id=14748, stack(0x0000000027660000,0x0000000027760000)]
  0x000000001e3c5000 JavaThread "jar transforms Thread 61" [_thread_blocked, id=9796, stack(0x0000000027560000,0x0000000027660000)]
  0x000000001e3bd800 JavaThread "jar transforms Thread 60" [_thread_blocked, id=11756, stack(0x0000000027460000,0x0000000027560000)]
  0x000000001e3be800 JavaThread "jar transforms Thread 59" [_thread_blocked, id=2132, stack(0x0000000027360000,0x0000000027460000)]
  0x000000001e3c1800 JavaThread "jar transforms Thread 58" [_thread_blocked, id=7396, stack(0x0000000027260000,0x0000000027360000)]
  0x000000001e3c3800 JavaThread "jar transforms Thread 57" [_thread_blocked, id=14520, stack(0x0000000027160000,0x0000000027260000)]
  0x000000001e3c4800 JavaThread "jar transforms Thread 56" [_thread_blocked, id=1284, stack(0x0000000026f60000,0x0000000027060000)]
  0x000000001e3c0800 JavaThread "jar transforms Thread 55" [_thread_blocked, id=6484, stack(0x0000000026e60000,0x0000000026f60000)]
  0x000000001a52a800 JavaThread "jar transforms Thread 54" [_thread_blocked, id=11436, stack(0x0000000026d60000,0x0000000026e60000)]
  0x000000001a527800 JavaThread "jar transforms Thread 53" [_thread_blocked, id=10748, stack(0x0000000026c60000,0x0000000026d60000)]
  0x000000001a529800 JavaThread "jar transforms Thread 52" [_thread_blocked, id=772, stack(0x0000000026b60000,0x0000000026c60000)]
  0x000000001a526800 JavaThread "jar transforms Thread 51" [_thread_blocked, id=11160, stack(0x0000000026a60000,0x0000000026b60000)]
  0x000000001a529000 JavaThread "jar transforms Thread 50" [_thread_blocked, id=7844, stack(0x0000000026960000,0x0000000026a60000)]
  0x000000001a528000 JavaThread "jar transforms Thread 49" [_thread_blocked, id=6888, stack(0x0000000026860000,0x0000000026960000)]
  0x000000001a51f000 JavaThread "jar transforms Thread 48" [_thread_blocked, id=3720, stack(0x0000000026760000,0x0000000026860000)]
  0x000000001a526000 JavaThread "jar transforms Thread 47" [_thread_blocked, id=14952, stack(0x0000000026660000,0x0000000026760000)]
  0x000000001a521800 JavaThread "jar transforms Thread 46" [_thread_blocked, id=10260, stack(0x0000000026560000,0x0000000026660000)]
  0x000000001a524800 JavaThread "jar transforms Thread 45" [_thread_blocked, id=7316, stack(0x0000000026460000,0x0000000026560000)]
  0x000000001a520800 JavaThread "jar transforms Thread 44" [_thread_blocked, id=13104, stack(0x0000000026360000,0x0000000026460000)]
  0x000000001a51e800 JavaThread "jar transforms Thread 43" [_thread_blocked, id=760, stack(0x0000000026260000,0x0000000026360000)]
  0x000000001a525000 JavaThread "jar transforms Thread 42" [_thread_blocked, id=1960, stack(0x0000000026160000,0x0000000026260000)]
  0x000000001a523800 JavaThread "jar transforms Thread 41" [_thread_blocked, id=1552, stack(0x0000000026060000,0x0000000026160000)]
  0x000000001a51c000 JavaThread "jar transforms Thread 40" [_thread_blocked, id=10752, stack(0x0000000025f60000,0x0000000026060000)]
  0x000000001a51d800 JavaThread "jar transforms Thread 39" [_thread_blocked, id=4372, stack(0x0000000025e60000,0x0000000025f60000)]
  0x000000001a522000 JavaThread "jar transforms Thread 38" [_thread_blocked, id=10584, stack(0x0000000025d60000,0x0000000025e60000)]
  0x000000001a523000 JavaThread "jar transforms Thread 37" [_thread_blocked, id=11372, stack(0x0000000025c60000,0x0000000025d60000)]
  0x000000001a51d000 JavaThread "jar transforms Thread 36" [_thread_blocked, id=11908, stack(0x0000000025b60000,0x0000000025c60000)]
  0x000000001a51b800 JavaThread "jar transforms Thread 35" [_thread_blocked, id=232, stack(0x0000000025a60000,0x0000000025b60000)]
  0x000000001a520000 JavaThread "jar transforms Thread 34" [_thread_blocked, id=4056, stack(0x0000000025960000,0x0000000025a60000)]
  0x000000001b238000 JavaThread "jar transforms Thread 33" [_thread_blocked, id=10348, stack(0x0000000025860000,0x0000000025960000)]
  0x000000001b237800 JavaThread "jar transforms Thread 32" [_thread_blocked, id=9872, stack(0x0000000025760000,0x0000000025860000)]
  0x000000001b236800 JavaThread "jar transforms Thread 31" [_thread_blocked, id=5368, stack(0x0000000025660000,0x0000000025760000)]
  0x000000001b235000 JavaThread "jar transforms Thread 30" [_thread_blocked, id=5532, stack(0x0000000025560000,0x0000000025660000)]
  0x000000001b234800 JavaThread "jar transforms Thread 29" [_thread_blocked, id=13816, stack(0x0000000025460000,0x0000000025560000)]
  0x000000001b233800 JavaThread "jar transforms Thread 28" [_thread_blocked, id=3580, stack(0x0000000025360000,0x0000000025460000)]
  0x000000001b236000 JavaThread "jar transforms Thread 27" [_thread_blocked, id=8408, stack(0x0000000025260000,0x0000000025360000)]
  0x000000001b23a800 JavaThread "jar transforms Thread 26" [_thread_blocked, id=13992, stack(0x0000000025160000,0x0000000025260000)]
  0x000000001b239000 JavaThread "Build operations Thread 4" [_thread_blocked, id=11368, stack(0x0000000024e60000,0x0000000024f60000)]
  0x000000001b239800 JavaThread "Build operations Thread 3" [_thread_blocked, id=9560, stack(0x0000000024d60000,0x0000000024e60000)]
  0x000000001b233000 JavaThread "Build operations Thread 2" [_thread_blocked, id=1168, stack(0x0000000024c60000,0x0000000024d60000)]
  0x000000001b22b800 JavaThread "Build operations" [_thread_blocked, id=7640, stack(0x00000000248c0000,0x00000000249c0000)]
  0x000000001b230000 JavaThread "Cache worker for Build Output Cleanup Cache (C:\Users\User\AppData\Local\Google\Cloud SDK\mogawe-android\.gradle\buildOutputCleanup)" [_thread_blocked, id=5516, stack(0x0000000022ee0000,0x0000000022fe0000)]
  0x000000001b22c000 JavaThread "Cache worker for file content cache (C:\Users\User\.gradle\caches\6.5\fileContent)" [_thread_blocked, id=1296, stack(0x0000000022de0000,0x0000000022ee0000)]
  0x000000001b231800 JavaThread "Cache worker for execution history cache (C:\Users\User\.gradle\caches\6.5\executionHistory)" [_thread_blocked, id=12928, stack(0x00000000228e0000,0x00000000229e0000)]
  0x000000001b22d000 JavaThread "Cache worker for cache directory md-rule (C:\Users\User\.gradle\caches\6.5\md-rule)" [_thread_blocked, id=14976, stack(0x00000000225e0000,0x00000000226e0000)]
  0x000000001b1ec800 JavaThread "Cache worker for cache directory md-supplier (C:\Users\User\.gradle\caches\6.5\md-supplier)" [_thread_blocked, id=11704, stack(0x00000000224e0000,0x00000000225e0000)]
  0x000000001b1eb800 JavaThread "Cache worker for checksums cache (C:\Users\User\AppData\Local\Google\Cloud SDK\mogawe-android\.gradle\checksums)" [_thread_blocked, id=14168, stack(0x00000000223e0000,0x00000000224e0000)]
  0x000000001b1eb000 JavaThread "jar transforms Thread 25" [_thread_blocked, id=11736, stack(0x00000000220e0000,0x00000000221e0000)]
  0x000000001b1ea000 JavaThread "jar transforms Thread 24" [_thread_blocked, id=10696, stack(0x0000000021fe0000,0x00000000220e0000)]
  0x000000001b1e9800 JavaThread "jar transforms Thread 23" [_thread_blocked, id=1104, stack(0x0000000021ee0000,0x0000000021fe0000)]
  0x000000001b1ef800 JavaThread "jar transforms Thread 22" [_thread_blocked, id=11012, stack(0x0000000021de0000,0x0000000021ee0000)]
  0x000000001b1ee800 JavaThread "jar transforms Thread 21" [_thread_blocked, id=4780, stack(0x0000000021ce0000,0x0000000021de0000)]
  0x000000001b1ee000 JavaThread "jar transforms Thread 20" [_thread_blocked, id=14784, stack(0x0000000021be0000,0x0000000021ce0000)]
  0x000000001b1ed000 JavaThread "jar transforms Thread 19" [_thread_blocked, id=11352, stack(0x0000000021ae0000,0x0000000021be0000)]
  0x000000001b1e8800 JavaThread "jar transforms Thread 18" [_thread_blocked, id=13352, stack(0x00000000219e0000,0x0000000021ae0000)]
  0x000000001b1e1000 JavaThread "jar transforms Thread 17" [_thread_blocked, id=8724, stack(0x00000000218e0000,0x00000000219e0000)]
  0x000000001b1e2800 JavaThread "jar transforms Thread 16" [_thread_blocked, id=6548, stack(0x00000000217e0000,0x00000000218e0000)]
  0x000000001b1e8000 JavaThread "jar transforms Thread 15" [_thread_blocked, id=8416, stack(0x00000000216e0000,0x00000000217e0000)]
  0x000000001b1e3000 JavaThread "jar transforms Thread 14" [_thread_blocked, id=11336, stack(0x00000000215e0000,0x00000000216e0000)]
  0x000000001b1e1800 JavaThread "jar transforms Thread 13" [_thread_blocked, id=4108, stack(0x00000000214e0000,0x00000000215e0000)]
  0x000000001b1e5800 JavaThread "jar transforms Thread 12" [_thread_blocked, id=11844, stack(0x00000000213e0000,0x00000000214e0000)]
  0x000000001b1e0000 JavaThread "jar transforms Thread 11" [_thread_blocked, id=1068, stack(0x00000000212e0000,0x00000000213e0000)]
  0x000000001b1e4000 JavaThread "jar transforms Thread 10" [_thread_blocked, id=4952, stack(0x00000000211e0000,0x00000000212e0000)]
  0x000000001b1e5000 JavaThread "jar transforms Thread 9" [_thread_blocked, id=13744, stack(0x00000000210e0000,0x00000000211e0000)]
  0x000000001b1e7000 JavaThread "jar transforms Thread 8" [_thread_blocked, id=14528, stack(0x0000000020fe0000,0x00000000210e0000)]
  0x000000001b1e6800 JavaThread "jar transforms Thread 7" [_thread_blocked, id=13100, stack(0x0000000020ee0000,0x0000000020fe0000)]
  0x000000001ad34800 JavaThread "jar transforms Thread 6" [_thread_blocked, id=864, stack(0x0000000020de0000,0x0000000020ee0000)]
  0x000000001ad30000 JavaThread "jar transforms Thread 5" [_thread_blocked, id=12516, stack(0x0000000020ce0000,0x0000000020de0000)]
  0x000000001ad2e800 JavaThread "jar transforms Thread 4" [_thread_blocked, id=11460, stack(0x000000001f780000,0x000000001f880000)]
  0x000000001ad33000 JavaThread "jar transforms Thread 3" [_thread_blocked, id=11564, stack(0x000000001f680000,0x000000001f780000)]
  0x000000001ad33800 JavaThread "jar transforms Thread 2" [_thread_blocked, id=4052, stack(0x000000001f580000,0x000000001f680000)]
  0x000000001ad32000 JavaThread "jar transforms" [_thread_blocked, id=9856, stack(0x000000001f480000,0x000000001f580000)]
  0x000000001ad30800 JavaThread "Cache worker for file hash cache (C:\Users\User\AppData\Local\Google\Cloud SDK\mogawe-android\.gradle\6.5\fileHashes)" [_thread_blocked, id=12076, stack(0x00000000208f0000,0x00000000209f0000)]
  0x000000001ad31800 JavaThread "Cache worker for file hash cache (C:\Users\User\.gradle\caches\6.5\fileHashes)" [_thread_blocked, id=13244, stack(0x000000001d1e0000,0x000000001d2e0000)]
  0x000000001ad2d800 JavaThread "File lock request listener" [_thread_in_native, id=11668, stack(0x000000001d0e0000,0x000000001d1e0000)]
  0x000000001ad2f000 JavaThread "Cache worker for journal cache (C:\Users\User\.gradle\caches\journal-1)" [_thread_blocked, id=12576, stack(0x000000001cee0000,0x000000001cfe0000)]
  0x000000001ac05800 JavaThread "Thread-9" [_thread_blocked, id=15028, stack(0x000000001cbe0000,0x000000001cce0000)]
  0x000000001ac04000 JavaThread "Stdin handler" [_thread_blocked, id=9676, stack(0x000000001cae0000,0x000000001cbe0000)]
  0x000000001ac93000 JavaThread "Asynchronous log dispatcher for DefaultDaemonConnection: socket connection from /127.0.0.1:58580 to /127.0.0.1:58581" [_thread_blocked, id=13148, stack(0x000000001c9e0000,0x000000001cae0000)]
  0x000000001ac91800 JavaThread "Daemon worker" [_thread_in_vm, id=14272, stack(0x000000001c8e0000,0x000000001c9e0000)]
  0x000000001abe2000 JavaThread "Cancel handler" [_thread_blocked, id=14848, stack(0x000000001c7e0000,0x000000001c8e0000)]
  0x0000000019d34000 JavaThread "Handler for socket connection from /127.0.0.1:58580 to /127.0.0.1:58581" [_thread_in_native, id=12564, stack(0x000000001c6e0000,0x000000001c7e0000)]
  0x0000000019d31000 JavaThread "Daemon" [_thread_blocked, id=11620, stack(0x000000001c5e0000,0x000000001c6e0000)]
  0x000000001ab91800 JavaThread "Daemon periodic checks" [_thread_blocked, id=4688, stack(0x000000001c2e0000,0x000000001c3e0000)]
  0x000000001ab43000 JavaThread "Incoming local TCP Connector on port 58580" [_thread_in_native, id=8668, stack(0x000000001c0a0000,0x000000001c1a0000)]
  0x00000000190f7000 JavaThread "Daemon health stats" [_thread_blocked, id=9956, stack(0x000000001ba60000,0x000000001bb60000)]
  0x0000000018af1800 JavaThread "Service Thread" daemon [_thread_blocked, id=6840, stack(0x0000000018ec0000,0x0000000018fc0000)]
  0x00000000171c4800 JavaThread "C1 CompilerThread2" daemon [_thread_blocked, id=3444, stack(0x00000000189c0000,0x0000000018ac0000)]
  0x000000001717a000 JavaThread "C2 CompilerThread1" daemon [_thread_in_native, id=11812, stack(0x00000000188c0000,0x00000000189c0000)]
=>0x0000000017177000 JavaThread "C2 CompilerThread0" daemon [_thread_in_native, id=4080, stack(0x00000000187c0000,0x00000000188c0000)]
  0x0000000017173800 JavaThread "Attach Listener" daemon [_thread_blocked, id=10032, stack(0x00000000186c0000,0x00000000187c0000)]
  0x0000000017172000 JavaThread "Signal Dispatcher" daemon [_thread_blocked, id=14924, stack(0x00000000185c0000,0x00000000186c0000)]
  0x000000000270c000 JavaThread "Finalizer" daemon [_thread_blocked, id=9840, stack(0x00000000183c0000,0x00000000184c0000)]
  0x0000000017159000 JavaThread "Reference Handler" daemon [_thread_blocked, id=14864, stack(0x00000000182c0000,0x00000000183c0000)]
  0x00000000024fe000 JavaThread "main" [_thread_blocked, id=228, stack(0x0000000002510000,0x0000000002610000)]

Other Threads:
  0x0000000017137000 VMThread [stack: 0x00000000181c0000,0x00000000182c0000] [id=10404]
  0x0000000018af3000 WatcherThread [stack: 0x0000000018fc0000,0x00000000190c0000] [id=12556]

VM state:not at safepoint (normal execution)

VM Mutex/Monitor currently owned by a thread: None

heap address: 0x0000000083000000, size: 2000 MB, Compressed Oops mode: 32-bit
Narrow klass base: 0x0000000000000000, Narrow klass shift: 3
Compressed class space size: 1073741824 Address: 0x0000000100000000

Heap:
 PSYoungGen      total 172544K, used 95830K [0x00000000d6580000, 0x00000000e1d00000, 0x0000000100000000)
  eden space 157184K, 51% used [0x00000000d6580000,0x00000000db41c1c0,0x00000000dff00000)
  from space 15360K, 99% used [0x00000000dff00000,0x00000000e0df9668,0x00000000e0e00000)
  to   space 13824K, 0% used [0x00000000e0f00000,0x00000000e0f00000,0x00000000e1c80000)
 ParOldGen       total 108032K, used 25424K [0x0000000083000000, 0x0000000089980000, 0x00000000d6580000)
  object space 108032K, 23% used [0x0000000083000000,0x00000000848d43b0,0x0000000089980000)
 Metaspace       used 56278K, capacity 58710K, committed 58880K, reserved 1099776K
  class space    used 7513K, capacity 8112K, committed 8192K, reserved 1048576K

Card table byte_map: [0x0000000011ad0000,0x0000000011ec0000] byte_map_base: 0x00000000116b8000

Marking Bits: (ParMarkBitMap*) 0x000000005441f030
 Begin Bits: [0x0000000012560000, 0x00000000144a0000)
 End Bits:   [0x00000000144a0000, 0x00000000163e0000)

Polling page: 0x0000000002430000

CodeCache: size=245760Kb used=17878Kb max_used=17878Kb free=227881Kb
 bounds [0x0000000002710000, 0x00000000038a0000, 0x0000000011710000]
 total_blobs=5965 nmethods=5186 adapters=692
 compilation: enabled

Compilation events (10 events):
Event: 27.443 Thread 0x00000000171c4800 5668       3       org.gradle.internal.instantiation.generator.AsmBackedClassGenerator$ClassBuilderImpl$$Lambda$38/748453326::<init> (26 bytes)
Event: 27.444 Thread 0x00000000171c4800 nmethod 5668 0x000000000388c990 code [0x000000000388cae0, 0x000000000388ccf0]
Event: 27.444 Thread 0x00000000171c4800 5669       3       org.gradle.internal.instantiation.generator.AbstractClassGenerator$ExtensibleTypePropertyHandler::applyTo (228 bytes)
Event: 27.447 Thread 0x00000000171c4800 nmethod 5669 0x000000000388cdd0 code [0x000000000388d140, 0x000000000388ee88]
Event: 27.447 Thread 0x00000000171c4800 5670       3       org.gradle.internal.instantiation.generator.AsmBackedClassGenerator$ClassBuilderImpl::lambda$addLazyGetter$5 (131 bytes)
Event: 27.448 Thread 0x00000000171c4800 nmethod 5670 0x000000000388fc50 code [0x000000000388fee0, 0x0000000003890fb8]
Event: 27.475 Thread 0x00000000171c4800 5671       3       kotlin.sequences.SequencesKt___SequencesKt::map (27 bytes)
Event: 27.475 Thread 0x00000000171c4800 nmethod 5671 0x0000000003891590 code [0x0000000003891760, 0x0000000003891d38]
Event: 27.475 Thread 0x00000000171c4800 5672       3       kotlin.sequences.TransformingSequence::<init> (27 bytes)
Event: 27.476 Thread 0x00000000171c4800 nmethod 5672 0x0000000003892010 code [0x00000000038921a0, 0x0000000003892538]

GC Heap History (10 events):
Event: 7.453 GC heap before
{Heap before GC invocations=7 (full 1):
 PSYoungGen      total 71680K, used 66560K [0x00000000d6580000, 0x00000000dff80000, 0x0000000100000000)
  eden space 66560K, 100% used [0x00000000d6580000,0x00000000da680000,0x00000000da680000)
  from space 5120K, 0% used [0x00000000da680000,0x00000000da680000,0x00000000dab80000)
  to   space 12288K, 0% used [0x00000000df380000,0x00000000df380000,0x00000000dff80000)
 ParOldGen       total 65536K, used 11116K [0x0000000083000000, 0x0000000087000000, 0x00000000d6580000)
  object space 65536K, 16% used [0x0000000083000000,0x0000000083adb040,0x0000000087000000)
 Metaspace       used 25152K, capacity 26188K, committed 26496K, reserved 1071104K
  class space    used 3602K, capacity 3855K, committed 3968K, reserved 1048576K
Event: 7.463 GC heap after
Heap after GC invocations=7 (full 1):
 PSYoungGen      total 108544K, used 5995K [0x00000000d6580000, 0x00000000df980000, 0x0000000100000000)
  eden space 102400K, 0% used [0x00000000d6580000,0x00000000d6580000,0x00000000dc980000)
  from space 6144K, 97% used [0x00000000df380000,0x00000000df95ac18,0x00000000df980000)
  to   space 11776K, 0% used [0x00000000de280000,0x00000000de280000,0x00000000dee00000)
 ParOldGen       total 65536K, used 11124K [0x0000000083000000, 0x0000000087000000, 0x00000000d6580000)
  object space 65536K, 16% used [0x0000000083000000,0x0000000083add040,0x0000000087000000)
 Metaspace       used 25152K, capacity 26188K, committed 26496K, reserved 1071104K
  class space    used 3602K, capacity 3855K, committed 3968K, reserved 1048576K
}
Event: 9.315 GC heap before
{Heap before GC invocations=8 (full 1):
 PSYoungGen      total 108544K, used 101980K [0x00000000d6580000, 0x00000000df980000, 0x0000000100000000)
  eden space 102400K, 93% used [0x00000000d6580000,0x00000000dc33c6b8,0x00000000dc980000)
  from space 6144K, 97% used [0x00000000df380000,0x00000000df95ac18,0x00000000df980000)
  to   space 11776K, 0% used [0x00000000de280000,0x00000000de280000,0x00000000dee00000)
 ParOldGen       total 65536K, used 11124K [0x0000000083000000, 0x0000000087000000, 0x00000000d6580000)
  object space 65536K, 16% used [0x0000000083000000,0x0000000083add040,0x0000000087000000)
 Metaspace       used 34101K, capacity 35406K, committed 35456K, reserved 1079296K
  class space    used 4614K, capacity 4978K, committed 4992K, reserved 1048576K
Event: 9.347 GC heap after
Heap after GC invocations=8 (full 1):
 PSYoungGen      total 139776K, used 11752K [0x00000000d6580000, 0x00000000e1c80000, 0x0000000100000000)
  eden space 128000K, 0% used [0x00000000d6580000,0x00000000d6580000,0x00000000de280000)
  from space 11776K, 99% used [0x00000000de280000,0x00000000dedfa330,0x00000000dee00000)
  to   space 13824K, 0% used [0x00000000e0f00000,0x00000000e0f00000,0x00000000e1c80000)
 ParOldGen       total 65536K, used 11675K [0x0000000083000000, 0x0000000087000000, 0x00000000d6580000)
  object space 65536K, 17% used [0x0000000083000000,0x0000000083b66d88,0x0000000087000000)
 Metaspace       used 34101K, capacity 35406K, committed 35456K, reserved 1079296K
  class space    used 4614K, capacity 4978K, committed 4992K, reserved 1048576K
}
Event: 9.347 GC heap before
{Heap before GC invocations=9 (full 2):
 PSYoungGen      total 139776K, used 11752K [0x00000000d6580000, 0x00000000e1c80000, 0x0000000100000000)
  eden space 128000K, 0% used [0x00000000d6580000,0x00000000d6580000,0x00000000de280000)
  from space 11776K, 99% used [0x00000000de280000,0x00000000dedfa330,0x00000000dee00000)
  to   space 13824K, 0% used [0x00000000e0f00000,0x00000000e0f00000,0x00000000e1c80000)
 ParOldGen       total 65536K, used 11675K [0x0000000083000000, 0x0000000087000000, 0x00000000d6580000)
  object space 65536K, 17% used [0x0000000083000000,0x0000000083b66d88,0x0000000087000000)
 Metaspace       used 34101K, capacity 35406K, committed 35456K, reserved 1079296K
  class space    used 4614K, capacity 4978K, committed 4992K, reserved 1048576K
Event: 9.557 GC heap after
Heap after GC invocations=9 (full 2):
 PSYoungGen      total 139776K, used 0K [0x00000000d6580000, 0x00000000e1c80000, 0x0000000100000000)
  eden space 128000K, 0% used [0x00000000d6580000,0x00000000d6580000,0x00000000de280000)
  from space 11776K, 0% used [0x00000000de280000,0x00000000de280000,0x00000000dee00000)
  to   space 13824K, 0% used [0x00000000e0f00000,0x00000000e0f00000,0x00000000e1c80000)
 ParOldGen       total 108032K, used 18519K [0x0000000083000000, 0x0000000089980000, 0x00000000d6580000)
  object space 108032K, 17% used [0x0000000083000000,0x0000000084215f08,0x0000000089980000)
 Metaspace       used 34101K, capacity 35406K, committed 35456K, reserved 1079296K
  class space    used 4614K, capacity 4978K, committed 4992K, reserved 1048576K
}
Event: 14.945 GC heap before
{Heap before GC invocations=10 (full 2):
 PSYoungGen      total 139776K, used 128000K [0x00000000d6580000, 0x00000000e1c80000, 0x0000000100000000)
  eden space 128000K, 100% used [0x00000000d6580000,0x00000000de280000,0x00000000de280000)
  from space 11776K, 0% used [0x00000000de280000,0x00000000de280000,0x00000000dee00000)
  to   space 13824K, 0% used [0x00000000e0f00000,0x00000000e0f00000,0x00000000e1c80000)
 ParOldGen       total 108032K, used 18519K [0x0000000083000000, 0x0000000089980000, 0x00000000d6580000)
  object space 108032K, 17% used [0x0000000083000000,0x0000000084215f08,0x0000000089980000)
 Metaspace       used 40954K, capacity 42768K, committed 43008K, reserved 1085440K
  class space    used 5641K, capacity 6109K, committed 6144K, reserved 1048576K
Event: 14.963 GC heap after
Heap after GC invocations=10 (full 2):
 PSYoungGen      total 171008K, used 11967K [0x00000000d6580000, 0x00000000e1d00000, 0x0000000100000000)
  eden space 157184K, 0% used [0x00000000d6580000,0x00000000d6580000,0x00000000dff00000)
  from space 13824K, 86% used [0x00000000e0f00000,0x00000000e1aafeb0,0x00000000e1c80000)
  to   space 15360K, 0% used [0x00000000dff00000,0x00000000dff00000,0x00000000e0e00000)
 ParOldGen       total 108032K, used 18527K [0x0000000083000000, 0x0000000089980000, 0x00000000d6580000)
  object space 108032K, 17% used [0x0000000083000000,0x0000000084217f08,0x0000000089980000)
 Metaspace       used 40954K, capacity 42768K, committed 43008K, reserved 1085440K
  class space    used 5641K, capacity 6109K, committed 6144K, reserved 1048576K
}
Event: 25.716 GC heap before
{Heap before GC invocations=11 (full 2):
 PSYoungGen      total 171008K, used 169151K [0x00000000d6580000, 0x00000000e1d00000, 0x0000000100000000)
  eden space 157184K, 100% used [0x00000000d6580000,0x00000000dff00000,0x00000000dff00000)
  from space 13824K, 86% used [0x00000000e0f00000,0x00000000e1aafeb0,0x00000000e1c80000)
  to   space 15360K, 0% used [0x00000000dff00000,0x00000000dff00000,0x00000000e0e00000)
 ParOldGen       total 108032K, used 18527K [0x0000000083000000, 0x0000000089980000, 0x00000000d6580000)
  object space 108032K, 17% used [0x0000000083000000,0x0000000084217f08,0x0000000089980000)
 Metaspace       used 51940K, capacity 54274K, committed 54400K, reserved 1095680K
  class space    used 6987K, capacity 7543K, committed 7552K, reserved 1048576K
Event: 25.774 GC heap after
Heap after GC invocations=11 (full 2):
 PSYoungGen      total 172544K, used 15333K [0x00000000d6580000, 0x00000000e1d00000, 0x0000000100000000)
  eden space 157184K, 0% used [0x00000000d6580000,0x00000000d6580000,0x00000000dff00000)
  from space 15360K, 99% used [0x00000000dff00000,0x00000000e0df9668,0x00000000e0e00000)
  to   space 13824K, 0% used [0x00000000e0f00000,0x00000000e0f00000,0x00000000e1c80000)
 ParOldGen       total 108032K, used 25424K [0x0000000083000000, 0x0000000089980000, 0x00000000d6580000)
  object space 108032K, 23% used [0x0000000083000000,0x00000000848d43b0,0x0000000089980000)
 Metaspace       used 51940K, capacity 54274K, committed 54400K, reserved 1095680K
  class space    used 6987K, capacity 7543K, committed 7552K, reserved 1048576K
}

Deoptimization events (10 events):
Event: 26.277 Thread 0x000000001ac91800 Uncommon trap: reason=unstable_if action=reinterpret pc=0x000000000374d434 method=com.sun.org.apache.xerces.internal.impl.XMLEntityScanner.checkBeforeLoad(Lcom/sun/xml/internal/stream/Entity$ScannedEntity;II)I @ 18
Event: 26.408 Thread 0x000000001ac91800 Uncommon trap: reason=unstable_if action=reinterpret pc=0x00000000035c6ef0 method=org.gradle.internal.instantiation.generator.AbstractClassGenerator$InjectionAnnotationValidator.validateMethod(Ljava/lang/reflect/Method;Lorg/gradle/internal/reflect/Propert
Event: 26.408 Thread 0x000000001ac91800 Uncommon trap: reason=unstable_if action=reinterpret pc=0x00000000035c2f34 method=org.gradle.internal.instantiation.generator.AbstractClassGenerator$InjectionAnnotationValidator.validateMethod(Ljava/lang/reflect/Method;Lorg/gradle/internal/reflect/Propert
Event: 26.430 Thread 0x000000001ac91800 Uncommon trap: reason=unstable_if action=reinterpret pc=0x0000000003570c94 method=groovy.lang.MetaClassImpl$1MOPIter.processFastArray(Lorg/codehaus/groovy/util/FastArray;)V @ 85
Event: 26.612 Thread 0x000000001ac91800 Uncommon trap: reason=bimorphic action=maybe_recompile pc=0x000000000323e358 method=org.codehaus.groovy.runtime.metaclass.MetaMethodIndex.addMethodToList(Ljava/lang/Object;Lgroovy/lang/MetaMethod;)Ljava/lang/Object; @ 102
Event: 26.612 Thread 0x000000001ac91800 Uncommon trap: reason=bimorphic action=maybe_recompile pc=0x000000000323e358 method=org.codehaus.groovy.runtime.metaclass.MetaMethodIndex.addMethodToList(Ljava/lang/Object;Lgroovy/lang/MetaMethod;)Ljava/lang/Object; @ 102
Event: 26.613 Thread 0x000000001ac91800 Uncommon trap: reason=bimorphic action=maybe_recompile pc=0x000000000323e358 method=org.codehaus.groovy.runtime.metaclass.MetaMethodIndex.addMethodToList(Ljava/lang/Object;Lgroovy/lang/MetaMethod;)Ljava/lang/Object; @ 102
Event: 26.655 Thread 0x000000001ac91800 Uncommon trap: reason=null_check action=make_not_entrant pc=0x0000000002f5fe5c method=java.lang.Class.searchMethods([Ljava/lang/reflect/Method;Ljava/lang/String;[Ljava/lang/Class;)Ljava/lang/reflect/Method; @ 59
Event: 26.842 Thread 0x000000001ac91800 Uncommon trap: reason=unstable_if action=reinterpret pc=0x000000000383fd74 method=groovy.lang.MetaClassImpl.filterPropertyMethod(Ljava/lang/Object;ZZ)Ljava/lang/Object; @ 72
Event: 27.129 Thread 0x000000001ac91800 Uncommon trap: reason=unstable_if action=reinterpret pc=0x0000000003825818 method=org.codehaus.groovy.runtime.metaclass.MetaMethodIndex.addMethodToList(Ljava/lang/Object;Lgroovy/lang/MetaMethod;)Ljava/lang/Object; @ 256

Classes redefined (0 events):
No events

Internal exceptions (10 events):
Event: 27.135 Thread 0x000000001ac91800 Exception <a 'java/lang/ClassNotFoundException': org/gradle/api/internal/artifacts/dependencies/DefaultExternalModuleDependency_DecoratedBeanInfo> (0x00000000da30ebe8) thrown at [C:\src\AOSP-openjdk-git\hotspot\src\share\vm\classfile\systemDictionary.cpp,
Event: 27.139 Thread 0x000000001ac91800 Exception <a 'java/lang/ClassNotFoundException': org/gradle/api/internal/artifacts/dependencies/DefaultExternalModuleDependencyBeanInfo> (0x00000000da379808) thrown at [C:\src\AOSP-openjdk-git\hotspot\src\share\vm\classfile\systemDictionary.cpp, line 210]
Event: 27.141 Thread 0x000000001ac91800 Exception <a 'java/lang/ClassNotFoundException': org/gradle/api/internal/artifacts/dependencies/AbstractExternalModuleDependencyBeanInfo> (0x00000000da3e5858) thrown at [C:\src\AOSP-openjdk-git\hotspot\src\share\vm\classfile\systemDictionary.cpp, line 210
Event: 27.143 Thread 0x000000001ac91800 Exception <a 'java/lang/ClassNotFoundException': org/gradle/api/internal/artifacts/dependencies/AbstractModuleDependencyBeanInfo> (0x00000000da4321b0) thrown at [C:\src\AOSP-openjdk-git\hotspot\src\share\vm\classfile\systemDictionary.cpp, line 210]
Event: 27.144 Thread 0x000000001ac91800 Exception <a 'java/lang/ClassNotFoundException': org/gradle/api/internal/artifacts/dependencies/AbstractDependencyBeanInfo> (0x00000000da47a4b0) thrown at [C:\src\AOSP-openjdk-git\hotspot\src\share\vm\classfile\systemDictionary.cpp, line 210]
Event: 27.146 Thread 0x000000001ac91800 Exception <a 'java/lang/ClassNotFoundException': org/gradle/api/internal/artifacts/dependencies/AbstractDependencyCustomizer> (0x00000000da4c5030) thrown at [C:\src\AOSP-openjdk-git\hotspot\src\share\vm\classfile\systemDictionary.cpp, line 210]
Event: 27.154 Thread 0x000000001ac91800 Exception <a 'java/lang/ClassNotFoundException': org/gradle/api/internal/artifacts/dependencies/AbstractModuleDependencyCustomizer> (0x00000000da516018) thrown at [C:\src\AOSP-openjdk-git\hotspot\src\share\vm\classfile\systemDictionary.cpp, line 210]
Event: 27.157 Thread 0x000000001ac91800 Exception <a 'java/lang/ClassNotFoundException': org/gradle/api/internal/artifacts/dependencies/AbstractExternalModuleDependencyCustomizer> (0x00000000da5aaa40) thrown at [C:\src\AOSP-openjdk-git\hotspot\src\share\vm\classfile\systemDictionary.cpp, line 2
Event: 27.160 Thread 0x000000001ac91800 Exception <a 'java/lang/ClassNotFoundException': org/gradle/api/internal/artifacts/dependencies/DefaultExternalModuleDependencyCustomizer> (0x00000000da62d630) thrown at [C:\src\AOSP-openjdk-git\hotspot\src\share\vm\classfile\systemDictionary.cpp, line 21
Event: 27.164 Thread 0x000000001ac91800 Exception <a 'java/lang/ClassNotFoundException': org/gradle/api/internal/artifacts/dependencies/DefaultExternalModuleDependency_DecoratedCustomizer> (0x00000000da6b0d18) thrown at [C:\src\AOSP-openjdk-git\hotspot\src\share\vm\classfile\systemDictionary.cp

Events (10 events):
Event: 27.496 loading class com/google/wireless/android/sdk/stats/AnnotationProcessorInfoOrBuilder
Event: 27.496 loading class com/google/wireless/android/sdk/stats/AnnotationProcessorInfoOrBuilder done
Event: 27.497 loading class com/google/wireless/android/sdk/stats/GradleBuildVariant$NativeBuildConfigInfo
Event: 27.497 loading class com/google/wireless/android/sdk/stats/GradleBuildVariant$NativeBuildConfigInfo done
Event: 27.498 loading class com/google/wireless/android/sdk/stats/GradleBuildVariant$NativeBuildConfigInfoOrBuilder
Event: 27.498 loading class com/google/wireless/android/sdk/stats/GradleBuildVariant$NativeBuildConfigInfoOrBuilder done
Event: 27.504 loading class com/google/wireless/android/sdk/stats/ApiVersion$1
Event: 27.504 loading class com/google/wireless/android/sdk/stats/ApiVersion$1 done
Event: 27.506 loading class com/google/wireless/android/sdk/stats/ApiVersion$Builder
Event: 27.506 loading class com/google/wireless/android/sdk/stats/ApiVersion$Builder done


Dynamic libraries:
0x00007ff7837b0000 - 0x00007ff7837e1000 	C:\Program Files\Android\Android Studio\jre\bin\java.exe
0x00007ffeaffc0000 - 0x00007ffeb01b0000 	C:\WINDOWS\SYSTEM32\ntdll.dll
0x00007ffeaf9e0000 - 0x00007ffeafa92000 	C:\WINDOWS\System32\KERNEL32.DLL
0x00007ffead020000 - 0x00007ffead2c3000 	C:\WINDOWS\System32\KERNELBASE.dll
0x00007ffeafed0000 - 0x00007ffeaff73000 	C:\WINDOWS\System32\ADVAPI32.dll
0x00007ffeaf940000 - 0x00007ffeaf9de000 	C:\WINDOWS\System32\msvcrt.dll
0x00007ffeaf770000 - 0x00007ffeaf807000 	C:\WINDOWS\System32\sechost.dll
0x00007ffeae790000 - 0x00007ffeae8b0000 	C:\WINDOWS\System32\RPCRT4.dll
0x00007ffeafad0000 - 0x00007ffeafc64000 	C:\WINDOWS\System32\USER32.dll
0x00007ffeacff0000 - 0x00007ffead011000 	C:\WINDOWS\System32\win32u.dll
0x00007ffeaf120000 - 0x00007ffeaf146000 	C:\WINDOWS\System32\GDI32.dll
0x00007ffeadac0000 - 0x00007ffeadc54000 	C:\WINDOWS\System32\gdi32full.dll
0x00007ffeacf50000 - 0x00007ffeacfee000 	C:\WINDOWS\System32\msvcp_win.dll
0x00007ffeadde0000 - 0x00007ffeadeda000 	C:\WINDOWS\System32\ucrtbase.dll
0x00007ffe9abf0000 - 0x00007ffe9ae75000 	C:\WINDOWS\WinSxS\amd64_microsoft.windows.common-controls_6595b64144ccf1df_6.0.18362.719_none_e6c7b883130c6729\COMCTL32.dll
0x00007ffeaf150000 - 0x00007ffeaf486000 	C:\WINDOWS\System32\combase.dll
0x00007ffeadff0000 - 0x00007ffeae070000 	C:\WINDOWS\System32\bcryptPrimitives.dll
0x00007ffeafaa0000 - 0x00007ffeaface000 	C:\WINDOWS\System32\IMM32.DLL
0x0000000053a90000 - 0x0000000053b62000 	C:\Program Files\Android\Android Studio\jre\jre\bin\msvcr100.dll
0x0000000053c50000 - 0x000000005449b000 	C:\Program Files\Android\Android Studio\jre\jre\bin\server\jvm.dll
0x00007ffeaf590000 - 0x00007ffeaf598000 	C:\WINDOWS\System32\PSAPI.DLL
0x00007ffea6a20000 - 0x00007ffea6a44000 	C:\WINDOWS\SYSTEM32\WINMM.dll
0x00007ffeab840000 - 0x00007ffeab849000 	C:\WINDOWS\SYSTEM32\WSOCK32.dll
0x00007ffeaf490000 - 0x00007ffeaf4ff000 	C:\WINDOWS\System32\WS2_32.dll
0x00007ffea17e0000 - 0x00007ffea17ea000 	C:\WINDOWS\SYSTEM32\VERSION.dll
0x00007ffea69f0000 - 0x00007ffea6a1d000 	C:\WINDOWS\SYSTEM32\winmmbase.dll
0x00007ffeada70000 - 0x00007ffeadaba000 	C:\WINDOWS\System32\cfgmgr32.dll
0x00007ffea5f20000 - 0x00007ffea5f2f000 	C:\Program Files\Android\Android Studio\jre\jre\bin\verify.dll
0x00007ffe9dbd0000 - 0x00007ffe9dbf9000 	C:\Program Files\Android\Android Studio\jre\jre\bin\java.dll
0x00007ffe9a870000 - 0x00007ffe9a886000 	C:\Program Files\Android\Android Studio\jre\jre\bin\zip.dll
0x00007ffeaea30000 - 0x00007ffeaf115000 	C:\WINDOWS\System32\SHELL32.dll
0x00007ffeafe20000 - 0x00007ffeafec9000 	C:\WINDOWS\System32\shcore.dll
0x00007ffead2f0000 - 0x00007ffeada70000 	C:\WINDOWS\System32\windows.storage.dll
0x00007ffeace90000 - 0x00007ffeaceb3000 	C:\WINDOWS\System32\profapi.dll
0x00007ffeacec0000 - 0x00007ffeacf0a000 	C:\WINDOWS\System32\powrprof.dll
0x00007ffeace80000 - 0x00007ffeace90000 	C:\WINDOWS\System32\UMPDC.dll
0x00007ffeaf5b0000 - 0x00007ffeaf602000 	C:\WINDOWS\System32\shlwapi.dll
0x00007ffeacf30000 - 0x00007ffeacf41000 	C:\WINDOWS\System32\kernel.appcore.dll
0x00007ffead2d0000 - 0x00007ffead2e7000 	C:\WINDOWS\System32\cryptsp.dll
0x00007ffe9a790000 - 0x00007ffe9a7aa000 	C:\Program Files\Android\Android Studio\jre\jre\bin\net.dll
0x00007ffeac690000 - 0x00007ffeac6f7000 	C:\WINDOWS\system32\mswsock.dll
0x00007ffe99440000 - 0x00007ffe99453000 	C:\Program Files\Android\Android Studio\jre\jre\bin\nio.dll
0x00007ffe9a600000 - 0x00007ffe9a627000 	C:\Users\User\.gradle\native\f6784746aeab05261644944871eae4fe03e0ef1612fff0a4a95f87b438bc6780\windows-amd64\native-platform.dll
0x00007ffe9f6f0000 - 0x00007ffe9f6fd000 	C:\Program Files\Android\Android Studio\jre\jre\bin\management.dll
0x00007ffeac200000 - 0x00007ffeac233000 	C:\WINDOWS\system32\rsaenh.dll
0x00007ffeadc60000 - 0x00007ffeadc86000 	C:\WINDOWS\System32\bcrypt.dll
0x00007ffeacd70000 - 0x00007ffeacd95000 	C:\WINDOWS\SYSTEM32\USERENV.dll
0x00007ffeac860000 - 0x00007ffeac86c000 	C:\WINDOWS\SYSTEM32\CRYPTBASE.dll
0x00007ffeac3a0000 - 0x00007ffeac3da000 	C:\WINDOWS\SYSTEM32\IPHLPAPI.DLL
0x00007ffeaf580000 - 0x00007ffeaf588000 	C:\WINDOWS\System32\NSI.dll
0x00007ffea34e0000 - 0x00007ffea34f6000 	C:\WINDOWS\SYSTEM32\dhcpcsvc6.DLL
0x00007ffea50c0000 - 0x00007ffea50dc000 	C:\WINDOWS\SYSTEM32\dhcpcsvc.DLL
0x00007ffeac3f0000 - 0x00007ffeac4ba000 	C:\WINDOWS\SYSTEM32\DNSAPI.dll
0x00007ffea5ff0000 - 0x00007ffea5ffb000 	C:\WINDOWS\SYSTEM32\WINNSI.DLL
0x00007ffe94870000 - 0x00007ffe94894000 	C:\Program Files\Android\Android Studio\jre\jre\bin\sunec.dll
0x00007ffea6c20000 - 0x00007ffea6c2a000 	C:\Windows\System32\rasadhlp.dll
0x00007ffea1970000 - 0x00007ffea19e7000 	C:\WINDOWS\System32\fwpuclnt.dll

VM Arguments:
jvm_args: -Xmx2000m -Dfile.encoding=windows-1252 -Duser.country=US -Duser.language=en -Duser.variant 
java_command: org.gradle.launcher.daemon.bootstrap.GradleDaemon 6.5
java_class_path (initial): C:\Users\User\.gradle\wrapper\dists\gradle-6.5-bin\6nifqtx7604sqp1q6g8wikw7p\gradle-6.5\lib\gradle-launcher-6.5.jar
Launcher Type: SUN_STANDARD

Environment Variables:
PATH=C:\Program Files (x86)\Common Files\Oracle\Java\javapath;"C:\MinGW\bin;C:\MinGW\msys\1.0\bin;C:\Program Files\Java\jdk-12\bin";"C:\ProgramData\Oracle\Java\javapath;C:\Python27";C:\WINDOWS\system32;C:\WINDOWS;C:\WINDOWS\System32\Wbem;C:\WINDOWS\System32\WindowsPowerShell\v1.0\;C:\Program Files (x86)\GtkSharp\2.12\bin;C:\WINDOWS\System32\OpenSSH\;C:\Program Files (x86)\QuickTime Alternative\QTSystem;C:\Program Files\Microsoft SQL Server\130\Tools\Binn\;C:\Users\User\.dnx\bin;C:\Program Files\Microsoft DNX\Dnvm\;C:\Program Files\IBM\SPSS\Statistics\24\JRE\bin;"C:\WINDOWS\system32;";C:\Users\User\AppData\Local\Google\Cloud SDK;C:\Program Files\Google\Cloud SDK\google-cloud-sdk.staging\bin;C:\google-cloud-sdk\bin;C:\Program Files\Google\Cloud SDK\google-cloud-sdk\bin;C:\Program Files\Git\cmd;C:\Users\User\AppData\Local\Programs\Python\Python39\Scripts\;C:\Users\User\AppData\Local\Programs\Python\Python39\;C:\Users\User\AppData\Roaming\Microsoft\Windows\Start Menu\Programs\Python 3.9;C:\Users\User\AppData\Local\Microsoft\WindowsApps;C:\Users\User\AppData\Local\Programs\Microsoft VS Code\bin;C:\Users\User\AppData\Local\Google\Cloud SDK\google-cloud-sdk\bin;"C:\WINDOWS\system32;";
USERNAME=User
OS=Windows_NT
PROCESSOR_IDENTIFIER=Intel64 Family 6 Model 61 Stepping 4, GenuineIntel



---------------  S Y S T E M  ---------------

OS: Windows 10.0 , 64 bit Build 18362 (10.0.18362.329)

CPU:total 4 (initial active 4) (2 cores per cpu, 2 threads per core) family 6 model 61 stepping 4, cmov, cx8, fxsr, mmx, sse, sse2, sse3, ssse3, sse4.1, sse4.2, popcnt, avx, avx2, aes, clmul, erms, 3dnowpref, lzcnt, ht, tsc, tscinvbit, bmi1, bmi2, adx

Memory: 4k page, physical 8285604k(1477064k free), swap 8285604k(4144k free)

vm_info: OpenJDK 64-Bit Server VM (25.242-b01) for windows-amd64 JRE (1.8.0_242-release-1644-b01), built by "builder" with MS VC++ 10.0 (VS2010)

time: Wed May 05 14:10:10 2021
timezone: SE Asia Standard Time
elapsed time: 27 seconds (0d 0h 0m 27s)

