#
# There is insufficient memory for the Java Runtime Environment to continue.
# Native memory allocation (malloc) failed to allocate 1048576 bytes for AllocateHeap
# Possible reasons:
#   The system is out of physical RAM or swap space
#   The process is running with CompressedOops enabled, and the Java Heap may be blocking the growth of the native heap
# Possible solutions:
#   Reduce memory load on the system
#   Increase physical memory or swap space
#   Check if swap backing store is full
#   Decrease Java heap size (-Xmx/-Xms)
#   Decrease number of Java threads
#   Decrease Java thread stack sizes (-Xss)
#   Set larger code cache with -XX:ReservedCodeCacheSize=
#   JVM is running with Unscaled Compressed Oops mode in which the Java heap is
#     placed in the first 4GB address space. The Java Heap base address is the
#     maximum limit for the native heap growth. Please use -XX:HeapBaseMinAddress
#     to set the Java Heap base and to place the Java Heap above 4GB virtual address.
# This output file may be truncated or incomplete.
#
#  Out of Memory Error (memory/allocation.inline.hpp:61), pid=14216, tid=0x00000000000010c0
#
# JRE version:  (8.0_242-b01) (build )
# Java VM: OpenJDK 64-Bit Server VM (25.242-b01 mixed mode windows-amd64 compressed oops)
# Failed to write core dump. Minidumps are not enabled by default on client versions of Windows
#

---------------  T H R E A D  ---------------

Current thread (0x0000000002cb2800):  JavaThread "Unknown thread" [_thread_in_vm, id=4288, stack(0x0000000002bb0000,0x0000000002cb0000)]

Stack: [0x0000000002bb0000,0x0000000002cb0000]
[error occurred during error reporting (printing stack bounds), id 0xc0000005]

Native frames: (J=compiled Java code, j=interpreted, Vv=VM code, C=native code)


---------------  P R O C E S S  ---------------

Java Threads: ( => current thread )

Other Threads:

=>0x0000000002cb2800 (exited) JavaThread "Unknown thread" [_thread_in_vm, id=4288, stack(0x0000000002bb0000,0x0000000002cb0000)]

VM state:not at safepoint (normal execution)

VM Mutex/Monitor currently owned by a thread: None

heap address: 0x0000000081800000, size: 2024 MB, Compressed Oops mode: 32-bit
Narrow klass base: 0x0000000000000000, Narrow klass shift: 3
Compressed class space size: 1073741824 Address: 0x0000000100000000

Heap:
 PSYoungGen      total 38400K, used 665K [0x00000000d5d80000, 0x00000000d8800000, 0x0000000100000000)
  eden space 33280K, 2% used [0x00000000d5d80000,0x00000000d5e26670,0x00000000d7e00000)
  from space 5120K, 0% used [0x00000000d8300000,0x00000000d8300000,0x00000000d8800000)
  to   space 5120K, 0% used [0x00000000d7e00000,0x00000000d7e00000,0x00000000d8300000)
 ParOldGen       total 87552K, used 0K [0x0000000081800000, 0x0000000086d80000, 0x00000000d5d80000)
  object space 87552K, 0% used [0x0000000081800000,0x0000000081800000,0x0000000086d80000)
 Metaspace       used 779K, capacity 4480K, committed 4480K, reserved 1056768K
  class space    used 74K, capacity 384K, committed 384K, reserved 1048576K

Card table byte_map: [0x0000000012170000,0x0000000012570000] byte_map_base: 0x0000000011d64000

Marking Bits: (ParMarkBitMap*) 0x00000000567af030
 Begin Bits: [0x0000000012c20000, 0x0000000014bc0000)
 End Bits:   [0x0000000014bc0000, 0x0000000016b60000)

Polling page: 0x0000000001340000

CodeCache: size=245760Kb used=328Kb max_used=328Kb free=245431Kb
 bounds [0x0000000002db0000, 0x0000000003020000, 0x0000000011db0000]
 total_blobs=57 nmethods=0 adapters=38
 compilation: enabled

Compilation events (0 events):
No events

GC Heap History (0 events):
No events

Deoptimization events (0 events):
No events

Classes redefined (0 events):
No events

Internal exceptions (0 events):
No events

Events (10 events):
Event: 0.052 loading class java/lang/Short
Event: 0.052 loading class java/lang/Short done
Event: 0.052 loading class java/lang/Integer
Event: 0.052 loading class java/lang/Integer done
Event: 0.052 loading class java/lang/Long
Event: 0.052 loading class java/lang/Long done
Event: 0.053 loading class java/lang/NullPointerException
Event: 0.053 loading class java/lang/NullPointerException done
Event: 0.053 loading class java/lang/ArithmeticException
Event: 0.053 loading class java/lang/ArithmeticException done


Dynamic libraries:
0x00007ff6a91e0000 - 0x00007ff6a9211000 	C:\Program Files\Android\Android Studio\jre\jre\bin\java.exe
0x00007ff817660000 - 0x00007ff817850000 	C:\WINDOWS\SYSTEM32\ntdll.dll
0x00007ff8159c0000 - 0x00007ff815a72000 	C:\WINDOWS\System32\KERNEL32.DLL
0x00007ff8150a0000 - 0x00007ff815343000 	C:\WINDOWS\System32\KERNELBASE.dll
0x00007ff815710000 - 0x00007ff8157b3000 	C:\WINDOWS\System32\ADVAPI32.dll
0x00007ff8157c0000 - 0x00007ff81585e000 	C:\WINDOWS\System32\msvcrt.dll
0x00007ff8166f0000 - 0x00007ff816787000 	C:\WINDOWS\System32\sechost.dll
0x00007ff8167b0000 - 0x00007ff8168d0000 	C:\WINDOWS\System32\RPCRT4.dll
0x00007ff816a90000 - 0x00007ff816c24000 	C:\WINDOWS\System32\USER32.dll
0x00007ff815350000 - 0x00007ff815371000 	C:\WINDOWS\System32\win32u.dll
0x00007ff817250000 - 0x00007ff817276000 	C:\WINDOWS\System32\GDI32.dll
0x00007ff815420000 - 0x00007ff8155b4000 	C:\WINDOWS\System32\gdi32full.dll
0x00007ff815380000 - 0x00007ff81541e000 	C:\WINDOWS\System32\msvcp_win.dll
0x00007ff814f70000 - 0x00007ff81506a000 	C:\WINDOWS\System32\ucrtbase.dll
0x00007ff8028d0000 - 0x00007ff802b55000 	C:\WINDOWS\WinSxS\amd64_microsoft.windows.common-controls_6595b64144ccf1df_6.0.18362.719_none_e6c7b883130c6729\COMCTL32.dll
0x00007ff8172e0000 - 0x00007ff817616000 	C:\WINDOWS\System32\combase.dll
0x00007ff814ef0000 - 0x00007ff814f70000 	C:\WINDOWS\System32\bcryptPrimitives.dll
0x00007ff816c30000 - 0x00007ff816c5e000 	C:\WINDOWS\System32\IMM32.DLL
0x0000000055f00000 - 0x0000000055fd2000 	C:\Program Files\Android\Android Studio\jre\jre\bin\msvcr100.dll
0x0000000055fe0000 - 0x000000005682b000 	C:\Program Files\Android\Android Studio\jre\jre\bin\server\jvm.dll
0x00007ff816790000 - 0x00007ff816798000 	C:\WINDOWS\System32\PSAPI.DLL
0x00007ff813030000 - 0x00007ff813039000 	C:\WINDOWS\SYSTEM32\WSOCK32.dll
0x00007ff817110000 - 0x00007ff81717f000 	C:\WINDOWS\System32\WS2_32.dll
0x00007ff811bc0000 - 0x00007ff811be4000 	C:\WINDOWS\SYSTEM32\WINMM.dll
0x00007ff808420000 - 0x00007ff80842a000 	C:\WINDOWS\SYSTEM32\VERSION.dll
0x00007ff811b90000 - 0x00007ff811bbd000 	C:\WINDOWS\SYSTEM32\winmmbase.dll
0x00007ff814ea0000 - 0x00007ff814eea000 	C:\WINDOWS\System32\cfgmgr32.dll
0x00007ff801b10000 - 0x00007ff801b1f000 	C:\Program Files\Android\Android Studio\jre\jre\bin\verify.dll
0x00007fffe9d60000 - 0x00007fffe9d89000 	C:\Program Files\Android\Android Studio\jre\jre\bin\java.dll
0x00007fffea540000 - 0x00007fffea556000 	C:\Program Files\Android\Android Studio\jre\jre\bin\zip.dll

VM Arguments:
java_command: org.jetbrains.git4idea.http.GitAskPassApp Username for 'https://source.developers.google.com': 
java_class_path (initial): C:/Program Files/Android/Android Studio/plugins/git4idea/lib/git4idea-rt.jar;C:/Program Files/Android/Android Studio/lib/xmlrpc-2.0.1.jar;C:/Program Files/Android/Android Studio/lib/commons-codec-1.14.jar;C:/Program Files/Android/Android Studio/lib/util.jar
Launcher Type: SUN_STANDARD

Environment Variables:
PATH=C:\Program Files\Git\mingw64\libexec\git-core;C:\Program Files\Git\mingw64\libexec\git-core;C:\Program Files\Git\mingw64\bin;C:\Program Files\Git\usr\bin;C:\Users\User\bin;C:\Program Files (x86)\Common Files\Oracle\Java\javapath;C:\MinGW\bi;C:\MinGW\msys\1.0\bin;C:\Program Files\Java\jdk-12\bin";C:\ProgramData\Oracle\Java\javapat;C:\Python27";C:\WINDOWS\system32;C:\WINDOWS;C:\WINDOWS\System32\Wbem;C:\WINDOWS\System32\WindowsPowerShell\v1.0;C:\Program Files (x86)\GtkSharp\2.12\bin;C:\WINDOWS\System32\OpenSSH;C:\Program Files (x86)\QuickTime Alternative\QTSystem;C:\Program Files\Microsoft SQL Server\130\Tools\Binn;C:\WINDOWS\system32\config\systemprofile\.dnx\bin;C:\Program Files\Microsoft DNX\Dnvm;C:\Program Files\IBM\SPSS\Statistics\24\JRE\bin;C:\WINDOWS\system3;.;C:\Users\User\AppData\Local\Google\Cloud SDK;C:\Program Files\Google\Cloud SDK\google-cloud-sdk.staging\bin;C:\google-cloud-sdk\bin;C:\Program Files\Google\Cloud SDK\google-cloud-sdk\bin;C:\Program Files\Git\cmd;C:\Users\User\AppData\Local\Programs\Python\Python39\Scripts;C:\Users\User\AppData\Local\Programs\Python\Python39;C:\Users\User\AppData\Roaming\Microsoft\Windows\Start Menu\Programs\Python 3.9;C:\Users\User\AppData\Local\Microsoft\WindowsApps;C:\Users\User\AppData\Local\Programs\Microsoft VS Code\bin;C:\Users\User\AppData\Local\Google\Cloud SDK\google-cloud-sdk\bin;C:\WINDOWS\system3;.
USERNAME=User
DISPLAY=:0.0
OS=Windows_NT
PROCESSOR_IDENTIFIER=Intel64 Family 6 Model 61 Stepping 4, GenuineIntel



---------------  S Y S T E M  ---------------

OS: Windows 10.0 , 64 bit Build 18362 (10.0.18362.329)

CPU:total 4 (initial active 4) (2 cores per cpu, 2 threads per core) family 6 model 61 stepping 4, cmov, cx8, fxsr, mmx, sse, sse2, sse3, ssse3, sse4.1, sse4.2, popcnt, avx, avx2, aes, clmul, erms, 3dnowpref, lzcnt, ht, tsc, tscinvbit, bmi1, bmi2, adx

Memory: 4k page, physical 8285604k(559800k free), swap 8285604k(5660k free)

vm_info: OpenJDK 64-Bit Server VM (25.242-b01) for windows-amd64 JRE (1.8.0_242-release-1644-b01), built by "builder" with MS VC++ 10.0 (VS2010)

time: Fri May 07 14:12:15 2021
timezone: SE Asia Standard Time
elapsed time: 0 seconds (0d 0h 0m 0s)

