#
# There is insufficient memory for the Java Runtime Environment to continue.
# Native memory allocation (malloc) failed to allocate 32744 bytes for ChunkPool::allocate
# Possible reasons:
#   The system is out of physical RAM or swap space
#   The process is running with CompressedOops enabled, and the Java Heap may be blocking the growth of the native heap
# Possible solutions:
#   Reduce memory load on the system
#   Increase physical memory or swap space
#   Check if swap backing store is full
#   Decrease Java heap size (-Xmx/-Xms)
#   Decrease number of Java threads
#   Decrease Java thread stack sizes (-Xss)
#   Set larger code cache with -XX:ReservedCodeCacheSize=
#   JVM is running with Unscaled Compressed Oops mode in which the Java heap is
#     placed in the first 4GB address space. The Java Heap base address is the
#     maximum limit for the native heap growth. Please use -XX:HeapBaseMinAddress
#     to set the Java Heap base and to place the Java Heap above 4GB virtual address.
# This output file may be truncated or incomplete.
#
#  Out of Memory Error (allocation.cpp:272), pid=3924, tid=0x0000000000000e84
#
# JRE version: OpenJDK Runtime Environment (8.0_242-b01) (build 1.8.0_242-release-1644-b01)
# Java VM: OpenJDK 64-Bit Server VM (25.242-b01 mixed mode windows-amd64 compressed oops)
# Failed to write core dump. Minidumps are not enabled by default on client versions of Windows
#

---------------  T H R E A D  ---------------

Current thread (0x0000000016b8f800):  JavaThread "C2 CompilerThread1" daemon [_thread_in_native, id=3716, stack(0x00000000182f0000,0x00000000183f0000)]

Stack: [0x00000000182f0000,0x00000000183f0000]
[error occurred during error reporting (printing stack bounds), id 0xc0000005]

Native frames: (J=compiled Java code, j=interpreted, Vv=VM code, C=native code)


Current CompileTask:
C2:  27228 5072   !   4       java.security.SecureClassLoader::getProtectionDomain (114 bytes)


---------------  P R O C E S S  ---------------

Java Threads: ( => current thread )
  0x00000000192be000 JavaThread "pool-1-thread-1" [_thread_blocked, id=13948, stack(0x0000000029580000,0x0000000029680000)]
  0x00000000192bd000 JavaThread "jar transforms Thread 99" [_thread_blocked, id=12628, stack(0x0000000029480000,0x0000000029580000)]
  0x00000000192be800 JavaThread "jar transforms Thread 98" [_thread_blocked, id=13880, stack(0x0000000029380000,0x0000000029480000)]
  0x00000000192ba000 JavaThread "jar transforms Thread 97" [_thread_blocked, id=15304, stack(0x0000000029280000,0x0000000029380000)]
  0x000000001d447000 JavaThread "jar transforms Thread 96" [_thread_blocked, id=10080, stack(0x0000000029180000,0x0000000029280000)]
  0x000000001d446000 JavaThread "jar transforms Thread 95" [_thread_blocked, id=14264, stack(0x0000000028f80000,0x0000000029080000)]
  0x000000001d44a000 JavaThread "jar transforms Thread 94" [_thread_blocked, id=12548, stack(0x0000000028e80000,0x0000000028f80000)]
  0x000000001d44a800 JavaThread "jar transforms Thread 93" [_thread_blocked, id=6452, stack(0x0000000028d80000,0x0000000028e80000)]
  0x000000001d443000 JavaThread "jar transforms Thread 92" [_thread_blocked, id=5116, stack(0x0000000028c80000,0x0000000028d80000)]
  0x000000001d449000 JavaThread "jar transforms Thread 91" [_thread_blocked, id=5972, stack(0x0000000028b80000,0x0000000028c80000)]
  0x000000001d445800 JavaThread "jar transforms Thread 90" [_thread_blocked, id=2776, stack(0x0000000028a80000,0x0000000028b80000)]
  0x000000001d444000 JavaThread "jar transforms Thread 89" [_thread_blocked, id=8288, stack(0x0000000028980000,0x0000000028a80000)]
  0x000000001d447800 JavaThread "jar transforms Thread 88" [_thread_blocked, id=12952, stack(0x0000000028880000,0x0000000028980000)]
  0x000000001d448800 JavaThread "jar transforms Thread 87" [_thread_blocked, id=8108, stack(0x0000000028780000,0x0000000028880000)]
  0x000000001d444800 JavaThread "jar transforms Thread 86" [_thread_blocked, id=6620, stack(0x0000000028680000,0x0000000028780000)]
  0x000000001d43b800 JavaThread "jar transforms Thread 85" [_thread_blocked, id=9412, stack(0x0000000028580000,0x0000000028680000)]
  0x000000001d442800 JavaThread "jar transforms Thread 84" [_thread_blocked, id=8780, stack(0x0000000028480000,0x0000000028580000)]
  0x000000001d440000 JavaThread "jar transforms Thread 83" [_thread_blocked, id=10324, stack(0x0000000028380000,0x0000000028480000)]
  0x000000001d43c800 JavaThread "jar transforms Thread 82" [_thread_blocked, id=12580, stack(0x0000000028280000,0x0000000028380000)]
  0x000000001d43d000 JavaThread "jar transforms Thread 81" [_thread_blocked, id=13412, stack(0x0000000028180000,0x0000000028280000)]
  0x000000001d43f800 JavaThread "jar transforms Thread 80" [_thread_blocked, id=432, stack(0x0000000028080000,0x0000000028180000)]
  0x000000001d441800 JavaThread "jar transforms Thread 79" [_thread_blocked, id=14008, stack(0x0000000027f80000,0x0000000028080000)]
  0x000000001d43e000 JavaThread "jar transforms Thread 78" [_thread_blocked, id=9780, stack(0x0000000027e80000,0x0000000027f80000)]
  0x000000001d441000 JavaThread "jar transforms Thread 77" [_thread_blocked, id=14988, stack(0x0000000027d80000,0x0000000027e80000)]
  0x000000001d43e800 JavaThread "jar transforms Thread 76" [_thread_blocked, id=6608, stack(0x0000000027c80000,0x0000000027d80000)]
  0x000000001d0ed800 JavaThread "jar transforms Thread 75" [_thread_blocked, id=11104, stack(0x0000000027b80000,0x0000000027c80000)]
  0x000000001d0ee000 JavaThread "jar transforms Thread 74" [_thread_blocked, id=11468, stack(0x0000000027a80000,0x0000000027b80000)]
  0x000000001d0ec800 JavaThread "jar transforms Thread 73" [_thread_blocked, id=2736, stack(0x0000000027980000,0x0000000027a80000)]
  0x000000001d0e9000 JavaThread "jar transforms Thread 72" [_thread_blocked, id=12120, stack(0x0000000027880000,0x0000000027980000)]
  0x000000001d0ec000 JavaThread "jar transforms Thread 71" [_thread_blocked, id=10380, stack(0x0000000027780000,0x0000000027880000)]
  0x000000001d0eb000 JavaThread "jar transforms Thread 70" [_thread_blocked, id=8976, stack(0x0000000027680000,0x0000000027780000)]
  0x000000001d0e6800 JavaThread "jar transforms Thread 69" [_thread_blocked, id=14732, stack(0x0000000027580000,0x0000000027680000)]
  0x000000001d0e9800 JavaThread "jar transforms Thread 68" [_thread_blocked, id=372, stack(0x0000000027480000,0x0000000027580000)]
  0x000000001d0ea800 JavaThread "jar transforms Thread 67" [_thread_blocked, id=172, stack(0x0000000027380000,0x0000000027480000)]
  0x000000001d0e8000 JavaThread "jar transforms Thread 66" [_thread_blocked, id=3752, stack(0x0000000027280000,0x0000000027380000)]
  0x000000001d0e7000 JavaThread "jar transforms Thread 65" [_thread_blocked, id=12124, stack(0x0000000027180000,0x0000000027280000)]
  0x000000001d0df000 JavaThread "jar transforms Thread 64" [_thread_blocked, id=10808, stack(0x0000000027080000,0x0000000027180000)]
  0x000000001d0e5800 JavaThread "jar transforms Thread 63" [_thread_blocked, id=6232, stack(0x0000000026f80000,0x0000000027080000)]
  0x000000001d0e4000 JavaThread "jar transforms Thread 62" [_thread_blocked, id=9516, stack(0x0000000026e80000,0x0000000026f80000)]
  0x000000001d0e3800 JavaThread "jar transforms Thread 61" [_thread_blocked, id=5288, stack(0x0000000026d80000,0x0000000026e80000)]
  0x000000001d0df800 JavaThread "jar transforms Thread 60" [_thread_blocked, id=6688, stack(0x0000000026c80000,0x0000000026d80000)]
  0x000000001d0e5000 JavaThread "jar transforms Thread 59" [_thread_blocked, id=12796, stack(0x0000000026b80000,0x0000000026c80000)]
  0x000000001d0e2800 JavaThread "jar transforms Thread 58" [_thread_blocked, id=1628, stack(0x0000000026a80000,0x0000000026b80000)]
  0x000000001d0e2000 JavaThread "jar transforms Thread 57" [_thread_blocked, id=10804, stack(0x0000000026980000,0x0000000026a80000)]
  0x000000001d0e1000 JavaThread "jar transforms Thread 56" [_thread_blocked, id=8204, stack(0x0000000026880000,0x0000000026980000)]
  0x000000001d0e0800 JavaThread "jar transforms Thread 55" [_thread_blocked, id=14144, stack(0x0000000026780000,0x0000000026880000)]
  0x000000002346b800 JavaThread "jar transforms Thread 54" [_thread_blocked, id=2156, stack(0x0000000026680000,0x0000000026780000)]
  0x000000002346a800 JavaThread "jar transforms Thread 53" [_thread_blocked, id=14908, stack(0x0000000026580000,0x0000000026680000)]
  0x0000000023470000 JavaThread "jar transforms Thread 52" [_thread_blocked, id=14856, stack(0x0000000026480000,0x0000000026580000)]
  0x000000002346f000 JavaThread "jar transforms Thread 51" [_thread_blocked, id=4432, stack(0x0000000026380000,0x0000000026480000)]
  0x000000002346e800 JavaThread "jar transforms Thread 50" [_thread_blocked, id=3012, stack(0x0000000026280000,0x0000000026380000)]
  0x000000002346a000 JavaThread "jar transforms Thread 49" [_thread_blocked, id=2416, stack(0x0000000026180000,0x0000000026280000)]
  0x000000002346d800 JavaThread "jar transforms Thread 48" [_thread_blocked, id=13628, stack(0x0000000026080000,0x0000000026180000)]
  0x000000002346c000 JavaThread "jar transforms Thread 47" [_thread_blocked, id=11148, stack(0x0000000025f80000,0x0000000026080000)]
  0x0000000023469000 JavaThread "jar transforms Thread 46" [_thread_blocked, id=15280, stack(0x0000000025e80000,0x0000000025f80000)]
  0x0000000023468800 JavaThread "jar transforms Thread 45" [_thread_blocked, id=14056, stack(0x0000000025d80000,0x0000000025e80000)]
  0x000000002346d000 JavaThread "jar transforms Thread 44" [_thread_blocked, id=9492, stack(0x0000000025c80000,0x0000000025d80000)]
  0x0000000023461000 JavaThread "jar transforms Thread 43" [_thread_blocked, id=9000, stack(0x0000000025b80000,0x0000000025c80000)]
  0x0000000023467800 JavaThread "jar transforms Thread 42" [_thread_blocked, id=14472, stack(0x0000000025a80000,0x0000000025b80000)]
  0x0000000023467000 JavaThread "jar transforms Thread 41" [_thread_blocked, id=14676, stack(0x0000000025980000,0x0000000025a80000)]
  0x0000000023466000 JavaThread "jar transforms Thread 40" [_thread_blocked, id=11028, stack(0x0000000025880000,0x0000000025980000)]
  0x0000000023465800 JavaThread "jar transforms Thread 39" [_thread_blocked, id=12440, stack(0x0000000025780000,0x0000000025880000)]
  0x0000000023464800 JavaThread "jar transforms Thread 38" [_thread_blocked, id=7928, stack(0x0000000025680000,0x0000000025780000)]
  0x0000000023464000 JavaThread "jar transforms Thread 37" [_thread_blocked, id=15340, stack(0x0000000025580000,0x0000000025680000)]
  0x0000000023462800 JavaThread "jar transforms Thread 36" [_thread_blocked, id=2708, stack(0x0000000025480000,0x0000000025580000)]
  0x0000000023461800 JavaThread "jar transforms Thread 35" [_thread_blocked, id=2944, stack(0x0000000025380000,0x0000000025480000)]
  0x0000000023463000 JavaThread "jar transforms Thread 34" [_thread_blocked, id=10024, stack(0x0000000025280000,0x0000000025380000)]
  0x000000001d503800 JavaThread "jar transforms Thread 33" [_thread_blocked, id=8036, stack(0x0000000025180000,0x0000000025280000)]
  0x000000001d503000 JavaThread "jar transforms Thread 32" [_thread_blocked, id=12024, stack(0x0000000025080000,0x0000000025180000)]
  0x000000001d502000 JavaThread "jar transforms Thread 31" [_thread_blocked, id=10236, stack(0x0000000024f80000,0x0000000025080000)]
  0x000000001d500800 JavaThread "jar transforms Thread 30" [_thread_blocked, id=7280, stack(0x0000000024e80000,0x0000000024f80000)]
  0x000000001d500000 JavaThread "jar transforms Thread 29" [_thread_blocked, id=10216, stack(0x0000000024d80000,0x0000000024e80000)]
  0x000000001d506000 JavaThread "jar transforms Thread 28" [_thread_blocked, id=5892, stack(0x0000000024c80000,0x0000000024d80000)]
  0x000000001d501800 JavaThread "jar transforms Thread 27" [_thread_blocked, id=10544, stack(0x0000000024b80000,0x0000000024c80000)]
  0x000000001d505000 JavaThread "jar transforms Thread 26" [_thread_blocked, id=1908, stack(0x0000000024a80000,0x0000000024b80000)]
  0x000000001d504800 JavaThread "Build operations Thread 4" [_thread_blocked, id=13632, stack(0x0000000024780000,0x0000000024880000)]
  0x000000001d4f8000 JavaThread "Build operations Thread 3" [_thread_blocked, id=15192, stack(0x0000000024680000,0x0000000024780000)]
  0x000000001d4ff000 JavaThread "Build operations Thread 2" [_thread_blocked, id=15248, stack(0x0000000024580000,0x0000000024680000)]
  0x000000001d4fe000 JavaThread "Build operations" [_thread_blocked, id=8100, stack(0x0000000024480000,0x0000000024580000)]
  0x000000001d4f7800 JavaThread "Cache worker for Build Output Cleanup Cache (C:\Users\User\AppData\Local\Google\Cloud SDK\mogawe-android\.gradle\buildOutputCleanup)" [_thread_blocked, id=11464, stack(0x0000000022870000,0x0000000022970000)]
  0x000000001d4fb000 JavaThread "Cache worker for file content cache (C:\Users\User\.gradle\caches\6.5\fileContent)" [_thread_blocked, id=5208, stack(0x0000000022770000,0x0000000022870000)]
  0x000000001d4fa800 JavaThread "Cache worker for execution history cache (C:\Users\User\.gradle\caches\6.5\executionHistory)" [_thread_blocked, id=14368, stack(0x0000000022270000,0x0000000022370000)]
  0x000000001d4fc800 JavaThread "Cache worker for cache directory md-rule (C:\Users\User\.gradle\caches\6.5\md-rule)" [_thread_blocked, id=13016, stack(0x0000000021f70000,0x0000000022070000)]
  0x000000001a127000 JavaThread "Cache worker for cache directory md-supplier (C:\Users\User\.gradle\caches\6.5\md-supplier)" [_thread_blocked, id=15276, stack(0x0000000021e70000,0x0000000021f70000)]
  0x000000001a126000 JavaThread "Cache worker for checksums cache (C:\Users\User\AppData\Local\Google\Cloud SDK\mogawe-android\.gradle\checksums)" [_thread_blocked, id=3892, stack(0x0000000021d70000,0x0000000021e70000)]
  0x000000001a128800 JavaThread "jar transforms Thread 25" [_thread_blocked, id=15268, stack(0x0000000021a70000,0x0000000021b70000)]
  0x000000001a125800 JavaThread "jar transforms Thread 24" [_thread_blocked, id=5944, stack(0x0000000021970000,0x0000000021a70000)]
  0x000000001a124800 JavaThread "jar transforms Thread 23" [_thread_blocked, id=8420, stack(0x0000000021870000,0x0000000021970000)]
  0x000000001a124000 JavaThread "jar transforms Thread 22" [_thread_blocked, id=13956, stack(0x0000000021770000,0x0000000021870000)]
  0x000000001a121800 JavaThread "jar transforms Thread 21" [_thread_blocked, id=5864, stack(0x0000000021670000,0x0000000021770000)]
  0x000000001a123000 JavaThread "jar transforms Thread 20" [_thread_blocked, id=8708, stack(0x0000000021570000,0x0000000021670000)]
  0x000000001a122800 JavaThread "jar transforms Thread 19" [_thread_blocked, id=2204, stack(0x0000000021470000,0x0000000021570000)]
  0x000000001a127800 JavaThread "jar transforms Thread 18" [_thread_blocked, id=1680, stack(0x0000000021370000,0x0000000021470000)]
  0x000000001a11b800 JavaThread "jar transforms Thread 17" [_thread_blocked, id=12312, stack(0x0000000021270000,0x0000000021370000)]
  0x000000001a121000 JavaThread "jar transforms Thread 16" [_thread_blocked, id=2680, stack(0x0000000021170000,0x0000000021270000)]
  0x000000001a11d000 JavaThread "jar transforms Thread 15" [_thread_blocked, id=6808, stack(0x0000000021070000,0x0000000021170000)]
  0x000000001a11a000 JavaThread "jar transforms Thread 14" [_thread_blocked, id=12384, stack(0x0000000020f70000,0x0000000021070000)]
  0x000000001a119800 JavaThread "jar transforms Thread 13" [_thread_blocked, id=4588, stack(0x0000000020e70000,0x0000000020f70000)]
  0x000000001a11e800 JavaThread "jar transforms Thread 12" [_thread_blocked, id=14760, stack(0x0000000020d70000,0x0000000020e70000)]
  0x000000001a11e000 JavaThread "jar transforms Thread 11" [_thread_blocked, id=11480, stack(0x0000000020c70000,0x0000000020d70000)]
  0x000000001a120000 JavaThread "jar transforms Thread 10" [_thread_blocked, id=13284, stack(0x0000000020b70000,0x0000000020c70000)]
  0x000000001a11c800 JavaThread "jar transforms Thread 9" [_thread_blocked, id=5452, stack(0x0000000020a70000,0x0000000020b70000)]
  0x000000001a11f800 JavaThread "jar transforms Thread 8" [_thread_blocked, id=13696, stack(0x000000001f930000,0x000000001fa30000)]
  0x000000001a11b000 JavaThread "jar transforms Thread 7" [_thread_blocked, id=10716, stack(0x000000001f830000,0x000000001f930000)]
  0x000000001a688800 JavaThread "jar transforms Thread 6" [_thread_blocked, id=1464, stack(0x000000001f730000,0x000000001f830000)]
  0x000000001a68e000 JavaThread "jar transforms Thread 5" [_thread_blocked, id=9668, stack(0x000000001f630000,0x000000001f730000)]
  0x000000001a68e800 JavaThread "jar transforms Thread 4" [_thread_blocked, id=14980, stack(0x000000001f530000,0x000000001f630000)]
  0x000000001a688000 JavaThread "jar transforms Thread 3" [_thread_blocked, id=6364, stack(0x000000001f430000,0x000000001f530000)]
  0x000000001a68d000 JavaThread "jar transforms Thread 2" [_thread_blocked, id=3264, stack(0x000000001f1b0000,0x000000001f2b0000)]
  0x000000001a68a000 JavaThread "jar transforms" [_thread_blocked, id=10384, stack(0x000000001f0b0000,0x000000001f1b0000)]
  0x000000001a689800 JavaThread "Cache worker for file hash cache (C:\Users\User\AppData\Local\Google\Cloud SDK\mogawe-android\.gradle\6.5\fileHashes)" [_thread_blocked, id=7780, stack(0x000000001f330000,0x000000001f430000)]
  0x000000001a68b800 JavaThread "Cache worker for file hash cache (C:\Users\User\.gradle\caches\6.5\fileHashes)" [_thread_blocked, id=4536, stack(0x000000001cc10000,0x000000001cd10000)]
  0x000000001a68c800 JavaThread "File lock request listener" [_thread_in_native, id=13344, stack(0x000000001cb10000,0x000000001cc10000)]
  0x000000001a68b000 JavaThread "Cache worker for journal cache (C:\Users\User\.gradle\caches\journal-1)" [_thread_blocked, id=11124, stack(0x000000001c910000,0x000000001ca10000)]
  0x000000001a613000 JavaThread "Thread-9" [_thread_blocked, id=15208, stack(0x000000001c610000,0x000000001c710000)]
  0x000000001a612800 JavaThread "Stdin handler" [_thread_blocked, id=11928, stack(0x000000001c510000,0x000000001c610000)]
  0x000000001a607800 JavaThread "Asynchronous log dispatcher for DefaultDaemonConnection: socket connection from /127.0.0.1:58643 to /127.0.0.1:58644" [_thread_blocked, id=4040, stack(0x000000001c410000,0x000000001c510000)]
  0x000000001a649800 JavaThread "Daemon worker" [_thread_in_Java, id=9964, stack(0x000000001c310000,0x000000001c410000)]
  0x000000001a64a800 JavaThread "Cancel handler" [_thread_blocked, id=9376, stack(0x000000001c210000,0x000000001c310000)]
  0x000000001a571000 JavaThread "Handler for socket connection from /127.0.0.1:58643 to /127.0.0.1:58644" [_thread_in_native, id=7760, stack(0x000000001c110000,0x000000001c210000)]
  0x000000001a55a800 JavaThread "Daemon" [_thread_blocked, id=3004, stack(0x000000001c010000,0x000000001c110000)]
  0x000000001a55a000 JavaThread "Daemon periodic checks" [_thread_blocked, id=14212, stack(0x000000001bd10000,0x000000001be10000)]
  0x000000001a558000 JavaThread "Incoming local TCP Connector on port 58643" [_thread_in_native, id=4252, stack(0x000000001bad0000,0x000000001bbd0000)]
  0x0000000018b8f000 JavaThread "Daemon health stats" [_thread_blocked, id=4144, stack(0x000000001b490000,0x000000001b590000)]
  0x0000000018518800 JavaThread "Service Thread" daemon [_thread_blocked, id=10788, stack(0x00000000188f0000,0x00000000189f0000)]
  0x0000000016b94000 JavaThread "C1 CompilerThread2" daemon [_thread_in_vm, id=3224, stack(0x00000000183f0000,0x00000000184f0000)]
=>0x0000000016b8f800 JavaThread "C2 CompilerThread1" daemon [_thread_in_native, id=3716, stack(0x00000000182f0000,0x00000000183f0000)]
  0x0000000016b89000 JavaThread "C2 CompilerThread0" daemon [_thread_in_native, id=3180, stack(0x00000000181f0000,0x00000000182f0000)]
  0x0000000016b85000 JavaThread "Attach Listener" daemon [_thread_blocked, id=1436, stack(0x00000000180f0000,0x00000000181f0000)]
  0x0000000016b81800 JavaThread "Signal Dispatcher" daemon [_thread_blocked, id=10200, stack(0x0000000017ff0000,0x00000000180f0000)]
  0x000000000320b800 JavaThread "Finalizer" daemon [_thread_blocked, id=12612, stack(0x0000000017df0000,0x0000000017ef0000)]
  0x0000000016b69000 JavaThread "Reference Handler" daemon [_thread_blocked, id=11220, stack(0x0000000017cf0000,0x0000000017df0000)]
  0x00000000030ee000 JavaThread "main" [_thread_blocked, id=15136, stack(0x0000000002f90000,0x0000000003090000)]

Other Threads:
  0x0000000016b46800 VMThread [stack: 0x0000000017bf0000,0x0000000017cf0000] [id=11596]
  0x0000000016bde800 WatcherThread [stack: 0x00000000189f0000,0x0000000018af0000] [id=7468]

VM state:not at safepoint (normal execution)

VM Mutex/Monitor currently owned by a thread: None

heap address: 0x00000000a0000000, size: 1536 MB, Compressed Oops mode: 32-bit
Narrow klass base: 0x0000000000000000, Narrow klass shift: 3
Compressed class space size: 1073741824 Address: 0x0000000100000000

Heap:
 PSYoungGen      total 220672K, used 117506K [0x00000000e0000000, 0x00000000ef280000, 0x0000000100000000)
  eden space 205312K, 49% used [0x00000000e0000000,0x00000000e63c1040,0x00000000ec880000)
  from space 15360K, 99% used [0x00000000ec880000,0x00000000ed77fb48,0x00000000ed780000)
  to   space 16384K, 0% used [0x00000000ed780000,0x00000000ed780000,0x00000000ee780000)
 ParOldGen       total 107008K, used 16149K [0x00000000a0000000, 0x00000000a6880000, 0x00000000e0000000)
  object space 107008K, 15% used [0x00000000a0000000,0x00000000a0fc5568,0x00000000a6880000)
 Metaspace       used 54031K, capacity 56248K, committed 56408K, reserved 1097728K
  class space    used 7209K, capacity 7752K, committed 7808K, reserved 1048576K

Card table byte_map: [0x00000000125d0000,0x00000000128e0000] byte_map_base: 0x00000000120d0000

Marking Bits: (ParMarkBitMap*) 0x000000005441f030
 Begin Bits: [0x0000000012ee0000, 0x00000000146e0000)
 End Bits:   [0x00000000146e0000, 0x0000000015ee0000)

Polling page: 0x0000000001200000

CodeCache: size=245760Kb used=16243Kb max_used=16248Kb free=229516Kb
 bounds [0x0000000003210000, 0x0000000004200000, 0x0000000012210000]
 total_blobs=5703 nmethods=4927 adapters=689
 compilation: enabled

Compilation events (10 events):
Event: 27.212 Thread 0x0000000016b94000 nmethod 5370 0x00000000041d7a50 code [0x00000000041d7bc0, 0x00000000041d7e28]
Event: 27.212 Thread 0x0000000016b94000 5372       3       java.lang.Boolean::equals (29 bytes)
Event: 27.212 Thread 0x0000000016b94000 nmethod 5372 0x00000000041d7390 code [0x00000000041d7500, 0x00000000041d7970]
Event: 27.212 Thread 0x0000000016b94000 5374       3       com.sun.org.apache.xerces.internal.impl.XMLDocumentScannerImpl::next (10 bytes)
Event: 27.213 Thread 0x0000000016b94000 nmethod 5374 0x00000000041d6f50 code [0x00000000041d70c0, 0x00000000041d72e8]
Event: 27.213 Thread 0x0000000016b94000 5375   !   3       com.sun.org.apache.xerces.internal.impl.XMLDocumentFragmentScannerImpl$FragmentContentDriver::next (2346 bytes)
Event: 27.213 Thread 0x0000000016b89000 nmethod 5387 0x00000000041d6c90 code [0x00000000041d6dc0, 0x00000000041d6e78]
Event: 27.214 Thread 0x0000000016b89000 5398       4       com.sun.org.apache.xerces.internal.xni.XMLString::setValues (16 bytes)
Event: 27.214 Thread 0x0000000016b89000 nmethod 5398 0x00000000041d6a90 code [0x00000000041d6bc0, 0x00000000041d6c38]
Event: 27.217 Thread 0x0000000016b89000 5400       4       com.sun.org.apache.xerces.internal.impl.XMLEntityScanner::scanLiteral (755 bytes)

GC Heap History (10 events):
Event: 5.634 GC heap before
{Heap before GC invocations=5 (full 1):
 PSYoungGen      total 138240K, used 5104K [0x00000000e0000000, 0x00000000e8c00000, 0x0000000100000000)
  eden space 133120K, 0% used [0x00000000e0000000,0x00000000e0000000,0x00000000e8200000)
  from space 5120K, 99% used [0x00000000e8700000,0x00000000e8bfc040,0x00000000e8c00000)
  to   space 5120K, 0% used [0x00000000e8200000,0x00000000e8200000,0x00000000e8700000)
 ParOldGen       total 87552K, used 10738K [0x00000000a0000000, 0x00000000a5580000, 0x00000000e0000000)
  object space 87552K, 12% used [0x00000000a0000000,0x00000000a0a7c8b8,0x00000000a5580000)
 Metaspace       used 20488K, capacity 21152K, committed 21248K, reserved 1067008K
  class space    used 2858K, capacity 3036K, committed 3072K, reserved 1048576K
Event: 5.690 GC heap after
Heap after GC invocations=5 (full 1):
 PSYoungGen      total 138240K, used 0K [0x00000000e0000000, 0x00000000e8c00000, 0x0000000100000000)
  eden space 133120K, 0% used [0x00000000e0000000,0x00000000e0000000,0x00000000e8200000)
  from space 5120K, 0% used [0x00000000e8700000,0x00000000e8700000,0x00000000e8c00000)
  to   space 5120K, 0% used [0x00000000e8200000,0x00000000e8200000,0x00000000e8700000)
 ParOldGen       total 68608K, used 11394K [0x00000000a0000000, 0x00000000a4300000, 0x00000000e0000000)
  object space 68608K, 16% used [0x00000000a0000000,0x00000000a0b20bc0,0x00000000a4300000)
 Metaspace       used 20488K, capacity 21152K, committed 21248K, reserved 1067008K
  class space    used 2858K, capacity 3036K, committed 3072K, reserved 1048576K
}
Event: 7.897 GC heap before
{Heap before GC invocations=6 (full 1):
 PSYoungGen      total 138240K, used 133120K [0x00000000e0000000, 0x00000000e8c00000, 0x0000000100000000)
  eden space 133120K, 100% used [0x00000000e0000000,0x00000000e8200000,0x00000000e8200000)
  from space 5120K, 0% used [0x00000000e8700000,0x00000000e8700000,0x00000000e8c00000)
  to   space 5120K, 0% used [0x00000000e8200000,0x00000000e8200000,0x00000000e8700000)
 ParOldGen       total 68608K, used 11394K [0x00000000a0000000, 0x00000000a4300000, 0x00000000e0000000)
  object space 68608K, 16% used [0x00000000a0000000,0x00000000a0b20bc0,0x00000000a4300000)
 Metaspace       used 32493K, capacity 33662K, committed 33920K, reserved 1079296K
  class space    used 4403K, capacity 4708K, committed 4736K, reserved 1048576K
Event: 7.926 GC heap after
Heap after GC invocations=6 (full 1):
 PSYoungGen      total 138240K, used 5104K [0x00000000e0000000, 0x00000000ee780000, 0x0000000100000000)
  eden space 133120K, 0% used [0x00000000e0000000,0x00000000e0000000,0x00000000e8200000)
  from space 5120K, 99% used [0x00000000e8200000,0x00000000e86fc010,0x00000000e8700000)
  to   space 16384K, 0% used [0x00000000ed780000,0x00000000ed780000,0x00000000ee780000)
 ParOldGen       total 68608K, used 19233K [0x00000000a0000000, 0x00000000a4300000, 0x00000000e0000000)
  object space 68608K, 28% used [0x00000000a0000000,0x00000000a12c8698,0x00000000a4300000)
 Metaspace       used 32493K, capacity 33662K, committed 33920K, reserved 1079296K
  class space    used 4403K, capacity 4708K, committed 4736K, reserved 1048576K
}
Event: 8.690 GC heap before
{Heap before GC invocations=7 (full 1):
 PSYoungGen      total 138240K, used 43622K [0x00000000e0000000, 0x00000000ee780000, 0x0000000100000000)
  eden space 133120K, 28% used [0x00000000e0000000,0x00000000e259d8c0,0x00000000e8200000)
  from space 5120K, 99% used [0x00000000e8200000,0x00000000e86fc010,0x00000000e8700000)
  to   space 16384K, 0% used [0x00000000ed780000,0x00000000ed780000,0x00000000ee780000)
 ParOldGen       total 68608K, used 19233K [0x00000000a0000000, 0x00000000a4300000, 0x00000000e0000000)
  object space 68608K, 28% used [0x00000000a0000000,0x00000000a12c8698,0x00000000a4300000)
 Metaspace       used 34083K, capacity 35402K, committed 35416K, reserved 1079296K
  class space    used 4613K, capacity 4978K, committed 4992K, reserved 1048576K
Event: 8.717 GC heap after
Heap after GC invocations=7 (full 1):
 PSYoungGen      total 221696K, used 8257K [0x00000000e0000000, 0x00000000ef280000, 0x0000000100000000)
  eden space 205312K, 0% used [0x00000000e0000000,0x00000000e0000000,0x00000000ec880000)
  from space 16384K, 50% used [0x00000000ed780000,0x00000000edf90588,0x00000000ee780000)
  to   space 15360K, 0% used [0x00000000ec880000,0x00000000ec880000,0x00000000ed780000)
 ParOldGen       total 68608K, used 19241K [0x00000000a0000000, 0x00000000a4300000, 0x00000000e0000000)
  object space 68608K, 28% used [0x00000000a0000000,0x00000000a12ca698,0x00000000a4300000)
 Metaspace       used 34083K, capacity 35402K, committed 35416K, reserved 1079296K
  class space    used 4613K, capacity 4978K, committed 4992K, reserved 1048576K
}
Event: 8.717 GC heap before
{Heap before GC invocations=8 (full 2):
 PSYoungGen      total 221696K, used 8257K [0x00000000e0000000, 0x00000000ef280000, 0x0000000100000000)
  eden space 205312K, 0% used [0x00000000e0000000,0x00000000e0000000,0x00000000ec880000)
  from space 16384K, 50% used [0x00000000ed780000,0x00000000edf90588,0x00000000ee780000)
  to   space 15360K, 0% used [0x00000000ec880000,0x00000000ec880000,0x00000000ed780000)
 ParOldGen       total 68608K, used 19241K [0x00000000a0000000, 0x00000000a4300000, 0x00000000e0000000)
  object space 68608K, 28% used [0x00000000a0000000,0x00000000a12ca698,0x00000000a4300000)
 Metaspace       used 34083K, capacity 35402K, committed 35416K, reserved 1079296K
  class space    used 4613K, capacity 4978K, committed 4992K, reserved 1048576K
Event: 8.884 GC heap after
Heap after GC invocations=8 (full 2):
 PSYoungGen      total 221696K, used 0K [0x00000000e0000000, 0x00000000ef280000, 0x0000000100000000)
  eden space 205312K, 0% used [0x00000000e0000000,0x00000000e0000000,0x00000000ec880000)
  from space 16384K, 0% used [0x00000000ed780000,0x00000000ed780000,0x00000000ee780000)
  to   space 15360K, 0% used [0x00000000ec880000,0x00000000ec880000,0x00000000ed780000)
 ParOldGen       total 107008K, used 15048K [0x00000000a0000000, 0x00000000a6880000, 0x00000000e0000000)
  object space 107008K, 14% used [0x00000000a0000000,0x00000000a0eb2210,0x00000000a6880000)
 Metaspace       used 34083K, capacity 35402K, committed 35416K, reserved 1079296K
  class space    used 4613K, capacity 4978K, committed 4992K, reserved 1048576K
}
Event: 25.257 GC heap before
{Heap before GC invocations=9 (full 2):
 PSYoungGen      total 221696K, used 205312K [0x00000000e0000000, 0x00000000ef280000, 0x0000000100000000)
  eden space 205312K, 100% used [0x00000000e0000000,0x00000000ec880000,0x00000000ec880000)
  from space 16384K, 0% used [0x00000000ed780000,0x00000000ed780000,0x00000000ee780000)
  to   space 15360K, 0% used [0x00000000ec880000,0x00000000ec880000,0x00000000ed780000)
 ParOldGen       total 107008K, used 15048K [0x00000000a0000000, 0x00000000a6880000, 0x00000000e0000000)
  object space 107008K, 14% used [0x00000000a0000000,0x00000000a0eb2210,0x00000000a6880000)
 Metaspace       used 44136K, capacity 46316K, committed 46552K, reserved 1089536K
  class space    used 6039K, capacity 6540K, committed 6656K, reserved 1048576K
Event: 25.285 GC heap after
Heap after GC invocations=9 (full 2):
 PSYoungGen      total 220672K, used 15358K [0x00000000e0000000, 0x00000000ef280000, 0x0000000100000000)
  eden space 205312K, 0% used [0x00000000e0000000,0x00000000e0000000,0x00000000ec880000)
  from space 15360K, 99% used [0x00000000ec880000,0x00000000ed77fb48,0x00000000ed780000)
  to   space 16384K, 0% used [0x00000000ed780000,0x00000000ed780000,0x00000000ee780000)
 ParOldGen       total 107008K, used 16149K [0x00000000a0000000, 0x00000000a6880000, 0x00000000e0000000)
  object space 107008K, 15% used [0x00000000a0000000,0x00000000a0fc5568,0x00000000a6880000)
 Metaspace       used 44136K, capacity 46316K, committed 46552K, reserved 1089536K
  class space    used 6039K, capacity 6540K, committed 6656K, reserved 1048576K
}

Deoptimization events (10 events):
Event: 26.109 Thread 0x000000001a649800 Uncommon trap: reason=unstable_if action=reinterpret pc=0x0000000003896fdc method=java.security.CodeSource.getCertificates()[Ljava/security/cert/Certificate; @ 4
Event: 26.109 Thread 0x000000001a649800 Uncommon trap: reason=unstable_if action=reinterpret pc=0x00000000034e79e8 method=java.lang.ClassLoader.compareCerts([Ljava/security/cert/Certificate;[Ljava/security/cert/Certificate;)Z @ 1
Event: 26.149 Thread 0x000000001a649800 Uncommon trap: reason=unstable_if action=reinterpret pc=0x0000000003412128 method=java.util.LinkedHashMap.get(Ljava/lang/Object;)Ljava/lang/Object; @ 20
Event: 26.241 Thread 0x000000001a649800 Uncommon trap: reason=unstable_if action=reinterpret pc=0x00000000034ece5c method=java.util.ArrayDeque.addLast(Ljava/lang/Object;)V @ 45
Event: 26.337 Thread 0x000000001a649800 Uncommon trap: reason=bimorphic action=maybe_recompile pc=0x0000000003851f40 method=java.util.regex.Pattern$CharProperty.match(Ljava/util/regex/Matcher;ILjava/lang/CharSequence;)Z @ 18
Event: 26.337 Thread 0x000000001a649800 Uncommon trap: reason=bimorphic action=maybe_recompile pc=0x0000000003851f40 method=java.util.regex.Pattern$CharProperty.match(Ljava/util/regex/Matcher;ILjava/lang/CharSequence;)Z @ 18
Event: 26.337 Thread 0x000000001a649800 Uncommon trap: reason=bimorphic action=maybe_recompile pc=0x0000000003851f40 method=java.util.regex.Pattern$CharProperty.match(Ljava/util/regex/Matcher;ILjava/lang/CharSequence;)Z @ 18
Event: 26.453 Thread 0x000000001a649800 Uncommon trap: reason=bimorphic action=maybe_recompile pc=0x0000000003851f40 method=java.util.regex.Pattern$CharProperty.match(Ljava/util/regex/Matcher;ILjava/lang/CharSequence;)Z @ 18
Event: 26.737 Thread 0x000000001a649800 Uncommon trap: reason=unstable_if action=reinterpret pc=0x000000000405baf0 method=org.gradle.internal.reflect.PropertyAccessorType.of(Ljava/lang/reflect/Method;)Lorg/gradle/internal/reflect/PropertyAccessorType; @ 56
Event: 27.221 Thread 0x000000001a649800 Uncommon trap: reason=unstable_if action=reinterpret pc=0x00000000041d6e34 method=com.sun.org.apache.xerces.internal.impl.XMLEntityScanner.checkBeforeLoad(Lcom/sun/xml/internal/stream/Entity$ScannedEntity;II)I @ 18

Classes redefined (0 events):
No events

Internal exceptions (10 events):
Event: 24.796 Thread 0x000000001a649800 Exception <a 'java/lang/ClassNotFoundException': org/gradle/api/internal/AbstractTaskBeanInfo> (0x00000000eb1936d0) thrown at [C:\src\AOSP-openjdk-git\hotspot\src\share\vm\classfile\systemDictionary.cpp, line 210]
Event: 24.797 Thread 0x000000001a649800 Exception <a 'java/lang/ClassNotFoundException': org/gradle/api/internal/AbstractTaskCustomizer> (0x00000000eb1c7d98) thrown at [C:\src\AOSP-openjdk-git\hotspot\src\share\vm\classfile\systemDictionary.cpp, line 210]
Event: 24.801 Thread 0x000000001a649800 Exception <a 'java/lang/ClassNotFoundException': org/gradle/api/DefaultTaskCustomizer> (0x00000000eb25bdd0) thrown at [C:\src\AOSP-openjdk-git\hotspot\src\share\vm\classfile\systemDictionary.cpp, line 210]
Event: 24.804 Thread 0x000000001a649800 Exception <a 'java/lang/ClassNotFoundException': org/gradle/api/internal/ConventionTaskCustomizer> (0x00000000eb2a2030) thrown at [C:\src\AOSP-openjdk-git\hotspot\src\share\vm\classfile\systemDictionary.cpp, line 210]
Event: 24.806 Thread 0x000000001a649800 Exception <a 'java/lang/ClassNotFoundException': org/gradle/api/tasks/DeleteCustomizer> (0x00000000eb2e4b50) thrown at [C:\src\AOSP-openjdk-git\hotspot\src\share\vm\classfile\systemDictionary.cpp, line 210]
Event: 24.810 Thread 0x000000001a649800 Exception <a 'java/lang/ClassNotFoundException': org/gradle/api/tasks/Delete_DecoratedCustomizer> (0x00000000eb334fe8) thrown at [C:\src\AOSP-openjdk-git\hotspot\src\share\vm\classfile\systemDictionary.cpp, line 210]
Event: 24.857 Thread 0x000000001a649800 Exception <a 'java/lang/ClassNotFoundException': build_2smqzgc6i3efvk7sygm0rkm19BeanInfo> (0x00000000eb5040c0) thrown at [C:\src\AOSP-openjdk-git\hotspot\src\share\vm\classfile\systemDictionary.cpp, line 210]
Event: 24.858 Thread 0x000000001a649800 Exception <a 'java/lang/ClassNotFoundException': build_2smqzgc6i3efvk7sygm0rkm19Customizer> (0x00000000eb50fd00) thrown at [C:\src\AOSP-openjdk-git\hotspot\src\share\vm\classfile\systemDictionary.cpp, line 210]
Event: 25.355 Thread 0x000000001a649800 Exception <a 'sun/nio/fs/WindowsException'> (0x00000000e0522fd0) thrown at [C:\src\AOSP-openjdk-git\hotspot\src\share\vm\prims\jni.cpp, line 710]
Event: 26.013 Thread 0x000000001a649800 Implicit null exception at 0x0000000003441cc8 to 0x000000000344221d

Events (10 events):
Event: 27.179 loading class com/sun/org/apache/xerces/internal/util/XMLChar done
Event: 27.181 loading class com/sun/org/apache/xerces/internal/impl/XMLScanner$NameType
Event: 27.181 loading class com/sun/org/apache/xerces/internal/impl/XMLScanner$NameType done
Event: 27.181 loading class com/sun/org/apache/xerces/internal/impl/Constants
Event: 27.182 loading class com/sun/org/apache/xerces/internal/impl/Constants done
Event: 27.182 loading class com/sun/org/apache/xerces/internal/impl/Constants$ArrayEnumeration
Event: 27.182 loading class com/sun/org/apache/xerces/internal/impl/Constants$ArrayEnumeration done
Event: 27.221 Thread 0x000000001a649800 Uncommon trap: trap_request=0xffffff65 fr.pc=0x00000000041d6e34
Event: 27.221 Thread 0x000000001a649800 DEOPT PACKING pc=0x00000000041d6e34 sp=0x000000001c4083b0
Event: 27.221 Thread 0x000000001a649800 DEOPT UNPACKING pc=0x000000000325557b sp=0x000000001c408328 mode 2


Dynamic libraries:
0x00007ff7837b0000 - 0x00007ff7837e1000 	C:\Program Files\Android\Android Studio\jre\bin\java.exe
0x00007ffeaffc0000 - 0x00007ffeb01b0000 	C:\WINDOWS\SYSTEM32\ntdll.dll
0x00007ffeaf9e0000 - 0x00007ffeafa92000 	C:\WINDOWS\System32\KERNEL32.DLL
0x00007ffead020000 - 0x00007ffead2c3000 	C:\WINDOWS\System32\KERNELBASE.dll
0x00007ffeafed0000 - 0x00007ffeaff73000 	C:\WINDOWS\System32\ADVAPI32.dll
0x00007ffeaf940000 - 0x00007ffeaf9de000 	C:\WINDOWS\System32\msvcrt.dll
0x00007ffeaf770000 - 0x00007ffeaf807000 	C:\WINDOWS\System32\sechost.dll
0x00007ffeae790000 - 0x00007ffeae8b0000 	C:\WINDOWS\System32\RPCRT4.dll
0x00007ffeafad0000 - 0x00007ffeafc64000 	C:\WINDOWS\System32\USER32.dll
0x00007ffeacff0000 - 0x00007ffead011000 	C:\WINDOWS\System32\win32u.dll
0x00007ffeaf120000 - 0x00007ffeaf146000 	C:\WINDOWS\System32\GDI32.dll
0x00007ffeadac0000 - 0x00007ffeadc54000 	C:\WINDOWS\System32\gdi32full.dll
0x00007ffeacf50000 - 0x00007ffeacfee000 	C:\WINDOWS\System32\msvcp_win.dll
0x00007ffeadde0000 - 0x00007ffeadeda000 	C:\WINDOWS\System32\ucrtbase.dll
0x00007ffe9abf0000 - 0x00007ffe9ae75000 	C:\WINDOWS\WinSxS\amd64_microsoft.windows.common-controls_6595b64144ccf1df_6.0.18362.719_none_e6c7b883130c6729\COMCTL32.dll
0x00007ffeaf150000 - 0x00007ffeaf486000 	C:\WINDOWS\System32\combase.dll
0x00007ffeadff0000 - 0x00007ffeae070000 	C:\WINDOWS\System32\bcryptPrimitives.dll
0x00007ffeafaa0000 - 0x00007ffeaface000 	C:\WINDOWS\System32\IMM32.DLL
0x0000000053a90000 - 0x0000000053b62000 	C:\Program Files\Android\Android Studio\jre\jre\bin\msvcr100.dll
0x0000000053c50000 - 0x000000005449b000 	C:\Program Files\Android\Android Studio\jre\jre\bin\server\jvm.dll
0x00007ffeaf590000 - 0x00007ffeaf598000 	C:\WINDOWS\System32\PSAPI.DLL
0x00007ffea17e0000 - 0x00007ffea17ea000 	C:\WINDOWS\SYSTEM32\VERSION.dll
0x00007ffeab840000 - 0x00007ffeab849000 	C:\WINDOWS\SYSTEM32\WSOCK32.dll
0x00007ffea6a20000 - 0x00007ffea6a44000 	C:\WINDOWS\SYSTEM32\WINMM.dll
0x00007ffeaf490000 - 0x00007ffeaf4ff000 	C:\WINDOWS\System32\WS2_32.dll
0x00007ffea69f0000 - 0x00007ffea6a1d000 	C:\WINDOWS\SYSTEM32\WINMMBASE.dll
0x00007ffeada70000 - 0x00007ffeadaba000 	C:\WINDOWS\System32\cfgmgr32.dll
0x00007ffea5f20000 - 0x00007ffea5f2f000 	C:\Program Files\Android\Android Studio\jre\jre\bin\verify.dll
0x00007ffe9dbd0000 - 0x00007ffe9dbf9000 	C:\Program Files\Android\Android Studio\jre\jre\bin\java.dll
0x00007ffe9a870000 - 0x00007ffe9a886000 	C:\Program Files\Android\Android Studio\jre\jre\bin\zip.dll
0x00007ffeaea30000 - 0x00007ffeaf115000 	C:\WINDOWS\System32\SHELL32.dll
0x00007ffeafe20000 - 0x00007ffeafec9000 	C:\WINDOWS\System32\shcore.dll
0x00007ffead2f0000 - 0x00007ffeada70000 	C:\WINDOWS\System32\windows.storage.dll
0x00007ffeace90000 - 0x00007ffeaceb3000 	C:\WINDOWS\System32\profapi.dll
0x00007ffeacec0000 - 0x00007ffeacf0a000 	C:\WINDOWS\System32\powrprof.dll
0x00007ffeace80000 - 0x00007ffeace90000 	C:\WINDOWS\System32\UMPDC.dll
0x00007ffeaf5b0000 - 0x00007ffeaf602000 	C:\WINDOWS\System32\shlwapi.dll
0x00007ffeacf30000 - 0x00007ffeacf41000 	C:\WINDOWS\System32\kernel.appcore.dll
0x00007ffead2d0000 - 0x00007ffead2e7000 	C:\WINDOWS\System32\cryptsp.dll
0x00007ffe9a790000 - 0x00007ffe9a7aa000 	C:\Program Files\Android\Android Studio\jre\jre\bin\net.dll
0x00007ffeac690000 - 0x00007ffeac6f7000 	C:\WINDOWS\system32\mswsock.dll
0x00007ffe99440000 - 0x00007ffe99453000 	C:\Program Files\Android\Android Studio\jre\jre\bin\nio.dll
0x00007ffe9a600000 - 0x00007ffe9a627000 	C:\Users\User\.gradle\native\f6784746aeab05261644944871eae4fe03e0ef1612fff0a4a95f87b438bc6780\windows-amd64\native-platform.dll
0x00007ffe9f6f0000 - 0x00007ffe9f6fd000 	C:\Program Files\Android\Android Studio\jre\jre\bin\management.dll
0x00007ffeac200000 - 0x00007ffeac233000 	C:\WINDOWS\system32\rsaenh.dll
0x00007ffeadc60000 - 0x00007ffeadc86000 	C:\WINDOWS\System32\bcrypt.dll
0x00007ffeacd70000 - 0x00007ffeacd95000 	C:\WINDOWS\SYSTEM32\USERENV.dll
0x00007ffeac860000 - 0x00007ffeac86c000 	C:\WINDOWS\SYSTEM32\CRYPTBASE.dll
0x00007ffeac3a0000 - 0x00007ffeac3da000 	C:\WINDOWS\SYSTEM32\IPHLPAPI.DLL
0x00007ffeaf580000 - 0x00007ffeaf588000 	C:\WINDOWS\System32\NSI.dll
0x00007ffea34e0000 - 0x00007ffea34f6000 	C:\WINDOWS\SYSTEM32\dhcpcsvc6.DLL
0x00007ffea50c0000 - 0x00007ffea50dc000 	C:\WINDOWS\SYSTEM32\dhcpcsvc.DLL
0x00007ffeac3f0000 - 0x00007ffeac4ba000 	C:\WINDOWS\SYSTEM32\DNSAPI.dll
0x00007ffea5ff0000 - 0x00007ffea5ffb000 	C:\WINDOWS\SYSTEM32\WINNSI.DLL
0x00007ffe94870000 - 0x00007ffe94894000 	C:\Program Files\Android\Android Studio\jre\jre\bin\sunec.dll
0x00007ffea6c20000 - 0x00007ffea6c2a000 	C:\Windows\System32\rasadhlp.dll
0x00007ffea1970000 - 0x00007ffea19e7000 	C:\WINDOWS\System32\fwpuclnt.dll

VM Arguments:
jvm_args: -Xmx1536m -Dfile.encoding=windows-1252 -Duser.country=US -Duser.language=en -Duser.variant 
java_command: org.gradle.launcher.daemon.bootstrap.GradleDaemon 6.5
java_class_path (initial): C:\Users\User\.gradle\wrapper\dists\gradle-6.5-bin\6nifqtx7604sqp1q6g8wikw7p\gradle-6.5\lib\gradle-launcher-6.5.jar
Launcher Type: SUN_STANDARD

Environment Variables:
PATH=C:\Program Files (x86)\Common Files\Oracle\Java\javapath;"C:\MinGW\bin;C:\MinGW\msys\1.0\bin;C:\Program Files\Java\jdk-12\bin";"C:\ProgramData\Oracle\Java\javapath;C:\Python27";C:\WINDOWS\system32;C:\WINDOWS;C:\WINDOWS\System32\Wbem;C:\WINDOWS\System32\WindowsPowerShell\v1.0\;C:\Program Files (x86)\GtkSharp\2.12\bin;C:\WINDOWS\System32\OpenSSH\;C:\Program Files (x86)\QuickTime Alternative\QTSystem;C:\Program Files\Microsoft SQL Server\130\Tools\Binn\;C:\Users\User\.dnx\bin;C:\Program Files\Microsoft DNX\Dnvm\;C:\Program Files\IBM\SPSS\Statistics\24\JRE\bin;"C:\WINDOWS\system32;";C:\Users\User\AppData\Local\Google\Cloud SDK;C:\Program Files\Google\Cloud SDK\google-cloud-sdk.staging\bin;C:\google-cloud-sdk\bin;C:\Program Files\Google\Cloud SDK\google-cloud-sdk\bin;C:\Program Files\Git\cmd;C:\Users\User\AppData\Local\Programs\Python\Python39\Scripts\;C:\Users\User\AppData\Local\Programs\Python\Python39\;C:\Users\User\AppData\Roaming\Microsoft\Windows\Start Menu\Programs\Python 3.9;C:\Users\User\AppData\Local\Microsoft\WindowsApps;C:\Users\User\AppData\Local\Programs\Microsoft VS Code\bin;C:\Users\User\AppData\Local\Google\Cloud SDK\google-cloud-sdk\bin;"C:\WINDOWS\system32;";
USERNAME=User
OS=Windows_NT
PROCESSOR_IDENTIFIER=Intel64 Family 6 Model 61 Stepping 4, GenuineIntel



---------------  S Y S T E M  ---------------

OS: Windows 10.0 , 64 bit Build 18362 (10.0.18362.329)

CPU:total 4 (initial active 4) (2 cores per cpu, 2 threads per core) family 6 model 61 stepping 4, cmov, cx8, fxsr, mmx, sse, sse2, sse3, ssse3, sse4.1, sse4.2, popcnt, avx, avx2, aes, clmul, erms, 3dnowpref, lzcnt, ht, tsc, tscinvbit, bmi1, bmi2, adx

Memory: 4k page, physical 8285604k(1499956k free), swap 8285604k(5120k free)

vm_info: OpenJDK 64-Bit Server VM (25.242-b01) for windows-amd64 JRE (1.8.0_242-release-1644-b01), built by "builder" with MS VC++ 10.0 (VS2010)

time: Wed May 05 14:12:17 2021
timezone: SE Asia Standard Time
elapsed time: 27 seconds (0d 0h 0m 27s)

