#
# There is insufficient memory for the Java Runtime Environment to continue.
# Native memory allocation (malloc) failed to allocate 507616 bytes for Chunk::new
# Possible reasons:
#   The system is out of physical RAM or swap space
#   The process is running with CompressedOops enabled, and the Java Heap may be blocking the growth of the native heap
# Possible solutions:
#   Reduce memory load on the system
#   Increase physical memory or swap space
#   Check if swap backing store is full
#   Decrease Java heap size (-Xmx/-Xms)
#   Decrease number of Java threads
#   Decrease Java thread stack sizes (-Xss)
#   Set larger code cache with -XX:ReservedCodeCacheSize=
#   JVM is running with Unscaled Compressed Oops mode in which the Java heap is
#     placed in the first 4GB address space. The Java Heap base address is the
#     maximum limit for the native heap growth. Please use -XX:HeapBaseMinAddress
#     to set the Java Heap base and to place the Java Heap above 4GB virtual address.
# This output file may be truncated or incomplete.
#
#  Out of Memory Error (allocation.cpp:389), pid=1972, tid=0x0000000000001a24
#
# JRE version: OpenJDK Runtime Environment (8.0_242-b01) (build 1.8.0_242-release-1644-b01)
# Java VM: OpenJDK 64-Bit Server VM (25.242-b01 mixed mode windows-amd64 compressed oops)
# Failed to write core dump. Minidumps are not enabled by default on client versions of Windows
#

---------------  T H R E A D  ---------------

Current thread (0x00000000178f8800):  JavaThread "C2 CompilerThread0" daemon [_thread_in_native, id=6692, stack(0x0000000018f40000,0x0000000019040000)]

Stack: [0x0000000018f40000,0x0000000019040000]
[error occurred during error reporting (printing stack bounds), id 0xc0000005]

Native frames: (J=compiled Java code, j=interpreted, Vv=VM code, C=native code)


Current CompileTask:
C2: 110160 9278 %     4       org.gradle.internal.instantiation.generator.AbstractClassGenerator::inspectType @ 207 (560 bytes)


---------------  P R O C E S S  ---------------

Java Threads: ( => current thread )
  0x000000001ac75000 JavaThread "Cache worker for execution history cache (C:\Users\User\AppData\Local\Google\Cloud SDK\mogawe-android\.gradle\6.5\executionHistory)" [_thread_blocked, id=7920, stack(0x000000002ba80000,0x000000002bb80000)]
  0x000000001ac74000 JavaThread "Execution worker for ':' Thread 3" [_thread_blocked, id=3976, stack(0x000000002b980000,0x000000002ba80000)]
  0x000000001ac78000 JavaThread "Execution worker for ':' Thread 2" [_thread_blocked, id=15288, stack(0x000000002b880000,0x000000002b980000)]
  0x000000001ac7a000 JavaThread "Execution worker for ':'" [_thread_blocked, id=5488, stack(0x000000002b780000,0x000000002b880000)]
  0x000000001ac72800 JavaThread "pool-1-thread-1" [_thread_blocked, id=12292, stack(0x000000002a7d0000,0x000000002a8d0000)]
  0x000000001ac76800 JavaThread "jar transforms Thread 124" [_thread_blocked, id=9028, stack(0x000000002a4d0000,0x000000002a5d0000)]
  0x000000001ac73800 JavaThread "jar transforms Thread 123" [_thread_blocked, id=12840, stack(0x000000002a3d0000,0x000000002a4d0000)]
  0x000000001ac79800 JavaThread "jar transforms Thread 122" [_thread_blocked, id=12944, stack(0x000000002a2d0000,0x000000002a3d0000)]
  0x0000000019f23800 JavaThread "jar transforms Thread 121" [_thread_blocked, id=13444, stack(0x000000002a1d0000,0x000000002a2d0000)]
  0x0000000019f21800 JavaThread "jar transforms Thread 120" [_thread_blocked, id=14704, stack(0x000000002a0d0000,0x000000002a1d0000)]
  0x0000000019f20800 JavaThread "jar transforms Thread 119" [_thread_blocked, id=2576, stack(0x0000000029fd0000,0x000000002a0d0000)]
  0x0000000019f23000 JavaThread "jar transforms Thread 118" [_thread_blocked, id=2388, stack(0x0000000029ed0000,0x0000000029fd0000)]
  0x0000000019f22000 JavaThread "jar transforms Thread 117" [_thread_blocked, id=8596, stack(0x0000000029dd0000,0x0000000029ed0000)]
  0x0000000019f1e800 JavaThread "jar transforms Thread 116" [_thread_blocked, id=12816, stack(0x0000000029cd0000,0x0000000029dd0000)]
  0x0000000019f1f000 JavaThread "jar transforms Thread 115" [_thread_blocked, id=12340, stack(0x0000000029bd0000,0x0000000029cd0000)]
  0x0000000019f20000 JavaThread "jar transforms Thread 114" [_thread_blocked, id=9596, stack(0x0000000029ad0000,0x0000000029bd0000)]
  0x0000000019f17000 JavaThread "jar transforms Thread 113" [_thread_blocked, id=7416, stack(0x00000000299d0000,0x0000000029ad0000)]
  0x0000000019f1d800 JavaThread "jar transforms Thread 112" [_thread_blocked, id=2616, stack(0x00000000298d0000,0x00000000299d0000)]
  0x0000000019f16000 JavaThread "jar transforms Thread 111" [_thread_blocked, id=5576, stack(0x00000000297d0000,0x00000000298d0000)]
  0x0000000019f1d000 JavaThread "jar transforms Thread 110" [_thread_blocked, id=4408, stack(0x00000000296d0000,0x00000000297d0000)]
  0x0000000019f17800 JavaThread "jar transforms Thread 109" [_thread_blocked, id=13420, stack(0x00000000295d0000,0x00000000296d0000)]
  0x0000000019f1a000 JavaThread "jar transforms Thread 108" [_thread_blocked, id=3360, stack(0x00000000294d0000,0x00000000295d0000)]
  0x0000000019f19000 JavaThread "jar transforms Thread 107" [_thread_blocked, id=11632, stack(0x00000000293d0000,0x00000000294d0000)]
  0x0000000019f15800 JavaThread "jar transforms Thread 106" [_thread_blocked, id=14344, stack(0x00000000292d0000,0x00000000293d0000)]
  0x0000000019f1c000 JavaThread "jar transforms Thread 105" [_thread_blocked, id=5324, stack(0x00000000291d0000,0x00000000292d0000)]
  0x0000000019f1a800 JavaThread "jar transforms Thread 104" [_thread_blocked, id=10120, stack(0x00000000290d0000,0x00000000291d0000)]
  0x0000000019f18800 JavaThread "jar transforms Thread 103" [_thread_blocked, id=6596, stack(0x0000000028fd0000,0x00000000290d0000)]
  0x0000000019f1b800 JavaThread "jar transforms Thread 102" [_thread_blocked, id=9252, stack(0x0000000028ed0000,0x0000000028fd0000)]
  0x0000000019f14800 JavaThread "jar transforms Thread 101" [_thread_blocked, id=5952, stack(0x0000000028dd0000,0x0000000028ed0000)]
  0x0000000020976800 JavaThread "jar transforms Thread 100" [_thread_blocked, id=13876, stack(0x0000000028cd0000,0x0000000028dd0000)]
  0x0000000020975800 JavaThread "jar transforms Thread 99" [_thread_blocked, id=12504, stack(0x0000000028bd0000,0x0000000028cd0000)]
  0x0000000020975000 JavaThread "jar transforms Thread 98" [_thread_blocked, id=14424, stack(0x0000000028ad0000,0x0000000028bd0000)]
  0x0000000020974000 JavaThread "jar transforms Thread 97" [_thread_blocked, id=9488, stack(0x00000000289d0000,0x0000000028ad0000)]
  0x0000000020973800 JavaThread "jar transforms Thread 96" [_thread_blocked, id=11856, stack(0x00000000288d0000,0x00000000289d0000)]
  0x000000002096c000 JavaThread "jar transforms Thread 95" [_thread_blocked, id=10920, stack(0x00000000287d0000,0x00000000288d0000)]
  0x0000000020972000 JavaThread "jar transforms Thread 94" [_thread_blocked, id=13152, stack(0x00000000286d0000,0x00000000287d0000)]
  0x0000000020971000 JavaThread "jar transforms Thread 93" [_thread_blocked, id=13760, stack(0x00000000285d0000,0x00000000286d0000)]
  0x0000000020970800 JavaThread "jar transforms Thread 92" [_thread_blocked, id=6540, stack(0x00000000284d0000,0x00000000285d0000)]
  0x0000000020972800 JavaThread "jar transforms Thread 91" [_thread_blocked, id=476, stack(0x00000000283d0000,0x00000000284d0000)]
  0x000000002096c800 JavaThread "jar transforms Thread 90" [_thread_blocked, id=4348, stack(0x00000000282d0000,0x00000000283d0000)]
  0x000000002096f800 JavaThread "jar transforms Thread 89" [_thread_blocked, id=12876, stack(0x00000000281d0000,0x00000000282d0000)]
  0x000000002096f000 JavaThread "jar transforms Thread 88" [_thread_blocked, id=2492, stack(0x00000000280d0000,0x00000000281d0000)]
  0x000000002096d800 JavaThread "jar transforms Thread 87" [_thread_blocked, id=11360, stack(0x0000000027fd0000,0x00000000280d0000)]
  0x0000000020969000 JavaThread "jar transforms Thread 86" [_thread_blocked, id=14420, stack(0x0000000027ed0000,0x0000000027fd0000)]
  0x0000000020967800 JavaThread "jar transforms Thread 85" [_thread_blocked, id=7948, stack(0x0000000027dd0000,0x0000000027ed0000)]
  0x000000002096e000 JavaThread "jar transforms Thread 84" [_thread_blocked, id=1964, stack(0x0000000027cd0000,0x0000000027dd0000)]
  0x0000000020968000 JavaThread "jar transforms Thread 83" [_thread_blocked, id=13044, stack(0x0000000027bd0000,0x0000000027cd0000)]
  0x000000002096b000 JavaThread "jar transforms Thread 82" [_thread_blocked, id=3988, stack(0x0000000027ad0000,0x0000000027bd0000)]
  0x000000002096a800 JavaThread "jar transforms Thread 81" [_thread_blocked, id=7816, stack(0x00000000279d0000,0x0000000027ad0000)]
  0x0000000020969800 JavaThread "jar transforms Thread 80" [_thread_blocked, id=10020, stack(0x00000000278d0000,0x00000000279d0000)]
  0x000000001ee8d000 JavaThread "jar transforms Thread 79" [_thread_blocked, id=6900, stack(0x00000000277d0000,0x00000000278d0000)]
  0x000000001ee8c800 JavaThread "jar transforms Thread 78" [_thread_blocked, id=14440, stack(0x00000000276d0000,0x00000000277d0000)]
  0x000000001ee8b800 JavaThread "jar transforms Thread 77" [_thread_blocked, id=10476, stack(0x00000000275d0000,0x00000000276d0000)]
  0x000000001ee8e800 JavaThread "jar transforms Thread 76" [_thread_blocked, id=5624, stack(0x00000000274d0000,0x00000000275d0000)]
  0x000000001ee8e000 JavaThread "jar transforms Thread 75" [_thread_blocked, id=5020, stack(0x00000000273d0000,0x00000000274d0000)]
  0x000000001ee8f800 JavaThread "jar transforms Thread 74" [_thread_blocked, id=14112, stack(0x00000000272d0000,0x00000000273d0000)]
  0x000000001ee8b000 JavaThread "jar transforms Thread 73" [_thread_blocked, id=11040, stack(0x00000000271d0000,0x00000000272d0000)]
  0x000000001ee83800 JavaThread "jar transforms Thread 72" [_thread_blocked, id=11136, stack(0x00000000270d0000,0x00000000271d0000)]
  0x000000001ee8a000 JavaThread "jar transforms Thread 71" [_thread_blocked, id=2148, stack(0x0000000026fd0000,0x00000000270d0000)]
  0x000000001ee89800 JavaThread "jar transforms Thread 70" [_thread_blocked, id=6456, stack(0x0000000026ed0000,0x0000000026fd0000)]
  0x000000001ee88800 JavaThread "jar transforms Thread 69" [_thread_blocked, id=15080, stack(0x0000000026dd0000,0x0000000026ed0000)]
  0x000000001ee81000 JavaThread "jar transforms Thread 68" [_thread_blocked, id=14892, stack(0x0000000026cd0000,0x0000000026dd0000)]
  0x000000001ee82800 JavaThread "jar transforms Thread 67" [_thread_blocked, id=11100, stack(0x0000000026bd0000,0x0000000026cd0000)]
  0x000000001ee88000 JavaThread "jar transforms Thread 66" [_thread_blocked, id=13176, stack(0x0000000026ad0000,0x0000000026bd0000)]
  0x000000001ee80800 JavaThread "jar transforms Thread 65" [_thread_blocked, id=13700, stack(0x00000000269d0000,0x0000000026ad0000)]
  0x000000001ee87000 JavaThread "jar transforms Thread 64" [_thread_blocked, id=2688, stack(0x00000000268d0000,0x00000000269d0000)]
  0x000000001ee86800 JavaThread "jar transforms Thread 63" [_thread_blocked, id=3856, stack(0x00000000267d0000,0x00000000268d0000)]
  0x000000001ee85800 JavaThread "jar transforms Thread 62" [_thread_blocked, id=9648, stack(0x00000000266d0000,0x00000000267d0000)]
  0x000000001ee84000 JavaThread "jar transforms Thread 61" [_thread_blocked, id=8392, stack(0x00000000265d0000,0x00000000266d0000)]
  0x000000001ee82000 JavaThread "jar transforms Thread 60" [_thread_blocked, id=12812, stack(0x00000000264d0000,0x00000000265d0000)]
  0x000000001ee85000 JavaThread "jar transforms Thread 59" [_thread_blocked, id=7672, stack(0x00000000263d0000,0x00000000264d0000)]
  0x000000001b76a000 JavaThread "jar transforms Thread 58" [_thread_blocked, id=3508, stack(0x00000000262d0000,0x00000000263d0000)]
  0x000000001b769800 JavaThread "jar transforms Thread 57" [_thread_blocked, id=1532, stack(0x00000000261d0000,0x00000000262d0000)]
  0x000000001b768800 JavaThread "jar transforms Thread 56" [_thread_blocked, id=6276, stack(0x00000000260d0000,0x00000000261d0000)]
  0x000000001b767000 JavaThread "jar transforms Thread 55" [_thread_blocked, id=13808, stack(0x0000000025fd0000,0x00000000260d0000)]
  0x000000001b768000 JavaThread "jar transforms Thread 54" [_thread_blocked, id=13220, stack(0x0000000025ed0000,0x0000000025fd0000)]
  0x000000001b76d000 JavaThread "jar transforms Thread 53" [_thread_blocked, id=6344, stack(0x0000000025dd0000,0x0000000025ed0000)]
  0x000000001b76b800 JavaThread "jar transforms Thread 52" [_thread_blocked, id=2052, stack(0x0000000022780000,0x0000000022880000)]
  0x000000001b6d5000 JavaThread "jar transforms Thread 51" [_thread_blocked, id=4444, stack(0x0000000022680000,0x0000000022780000)]
  0x000000001b6d4000 JavaThread "jar transforms Thread 50" [_thread_blocked, id=14708, stack(0x0000000022580000,0x0000000022680000)]
  0x000000001b6d3800 JavaThread "jar transforms Thread 49" [_thread_blocked, id=6600, stack(0x0000000022480000,0x0000000022580000)]
  0x000000001b6cc000 JavaThread "jar transforms Thread 48" [_thread_blocked, id=11392, stack(0x0000000022380000,0x0000000022480000)]
  0x000000001b6d2800 JavaThread "jar transforms Thread 47" [_thread_blocked, id=14728, stack(0x0000000022280000,0x0000000022380000)]
  0x000000001b6d2000 JavaThread "jar transforms Thread 46" [_thread_blocked, id=12032, stack(0x0000000022180000,0x0000000022280000)]
  0x000000001b6d0800 JavaThread "jar transforms Thread 45" [_thread_blocked, id=1364, stack(0x0000000022080000,0x0000000022180000)]
  0x000000001b6c9000 JavaThread "jar transforms Thread 44" [_thread_blocked, id=12756, stack(0x0000000021f80000,0x0000000022080000)]
  0x000000001b6cf800 JavaThread "jar transforms Thread 43" [_thread_blocked, id=5548, stack(0x0000000021e80000,0x0000000021f80000)]
  0x000000001b6c8000 JavaThread "jar transforms Thread 42" [_thread_blocked, id=8344, stack(0x0000000021d80000,0x0000000021e80000)]
  0x000000001b6c9800 JavaThread "jar transforms Thread 41" [_thread_blocked, id=5232, stack(0x0000000021c80000,0x0000000021d80000)]
  0x000000001b6cf000 JavaThread "jar transforms Thread 40" [_thread_blocked, id=2980, stack(0x0000000021b80000,0x0000000021c80000)]
  0x000000001b6c7800 JavaThread "jar transforms Thread 39" [_thread_blocked, id=3904, stack(0x0000000021a80000,0x0000000021b80000)]
  0x000000001b6ce000 JavaThread "jar transforms Thread 38" [_thread_blocked, id=220, stack(0x0000000021980000,0x0000000021a80000)]
  0x000000001b6ca800 JavaThread "jar transforms Thread 37" [_thread_blocked, id=5096, stack(0x0000000021880000,0x0000000021980000)]
  0x000000001b6cc800 JavaThread "jar transforms Thread 36" [_thread_blocked, id=9816, stack(0x0000000021780000,0x0000000021880000)]
  0x000000001b6cd800 JavaThread "jar transforms Thread 35" [_thread_blocked, id=14868, stack(0x0000000021680000,0x0000000021780000)]
  0x000000001b6cb000 JavaThread "jar transforms Thread 34" [_thread_blocked, id=13892, stack(0x0000000021580000,0x0000000021680000)]
  0x000000001b836000 JavaThread "jar transforms Thread 33" [_thread_blocked, id=11764, stack(0x0000000021480000,0x0000000021580000)]
  0x000000001b837000 JavaThread "jar transforms Thread 32" [_thread_blocked, id=8720, stack(0x0000000021380000,0x0000000021480000)]
  0x000000001b832800 JavaThread "jar transforms Thread 31" [_thread_blocked, id=9364, stack(0x0000000020030000,0x0000000020130000)]
  0x000000001b835800 JavaThread "jar transforms Thread 30" [_thread_blocked, id=1592, stack(0x000000001ff30000,0x0000000020030000)]
  0x000000001b834800 JavaThread "jar transforms Thread 29" [_thread_blocked, id=11828, stack(0x000000001fe30000,0x000000001ff30000)]
  0x000000001b831800 JavaThread "jar transforms Thread 28" [_thread_blocked, id=14776, stack(0x000000001fd30000,0x000000001fe30000)]
  0x000000001b833000 JavaThread "jar transforms Thread 27" [_thread_blocked, id=4544, stack(0x000000001d260000,0x000000001d360000)]
  0x000000001b834000 JavaThread "jar transforms Thread 26" [_thread_blocked, id=9256, stack(0x0000000001380000,0x0000000001480000)]
  0x000000001b838800 JavaThread "Build operations Thread 4" [_thread_blocked, id=10604, stack(0x0000000025ad0000,0x0000000025bd0000)]
  0x000000001b82a000 JavaThread "Build operations Thread 3" [_thread_blocked, id=9336, stack(0x00000000259d0000,0x0000000025ad0000)]
  0x000000001b831000 JavaThread "Build operations Thread 2" [_thread_blocked, id=9820, stack(0x00000000258d0000,0x00000000259d0000)]
  0x000000001b829000 JavaThread "Build operations" [_thread_blocked, id=9932, stack(0x00000000257d0000,0x00000000258d0000)]
  0x000000001b82a800 JavaThread "Cache worker for Build Output Cleanup Cache (C:\Users\User\AppData\Local\Google\Cloud SDK\mogawe-android\.gradle\buildOutputCleanup)" [_thread_blocked, id=11248, stack(0x0000000023580000,0x0000000023680000)]
  0x000000001b82b800 JavaThread "Cache worker for file content cache (C:\Users\User\.gradle\caches\6.5\fileContent)" [_thread_blocked, id=14560, stack(0x0000000023480000,0x0000000023580000)]
  0x000000001b82d000 JavaThread "Cache worker for execution history cache (C:\Users\User\.gradle\caches\6.5\executionHistory)" [_thread_blocked, id=2756, stack(0x0000000022f80000,0x0000000023080000)]
  0x000000001b6d1000 JavaThread "Cache worker for cache directory md-rule (C:\Users\User\.gradle\caches\6.5\md-rule)" [_thread_blocked, id=13976, stack(0x0000000022c80000,0x0000000022d80000)]
  0x000000001b6d5800 JavaThread "Cache worker for cache directory md-supplier (C:\Users\User\.gradle\caches\6.5\md-supplier)" [_thread_blocked, id=13264, stack(0x0000000022b80000,0x0000000022c80000)]
  0x000000001b6d6800 JavaThread "Cache worker for checksums cache (C:\Users\User\AppData\Local\Google\Cloud SDK\mogawe-android\.gradle\checksums)" [_thread_blocked, id=4528, stack(0x0000000022a80000,0x0000000022b80000)]
  0x000000001b76b000 JavaThread "Cache worker for file hash cache (C:\Users\User\AppData\Local\Google\Cloud SDK\mogawe-android\.gradle\6.5\fileHashes)" [_thread_blocked, id=7140, stack(0x000000001da60000,0x000000001db60000)]
  0x000000001b76e000 JavaThread "Cache worker for file hash cache (C:\Users\User\.gradle\caches\6.5\fileHashes)" [_thread_blocked, id=13908, stack(0x000000001d960000,0x000000001da60000)]
  0x000000001b76c800 JavaThread "File lock request listener" [_thread_in_native, id=10856, stack(0x000000001d860000,0x000000001d960000)]
  0x000000001a2d5800 JavaThread "Cache worker for journal cache (C:\Users\User\.gradle\caches\journal-1)" [_thread_blocked, id=10892, stack(0x000000001d660000,0x000000001d760000)]
  0x0000000019987800 JavaThread "Thread-9" [_thread_in_native, id=13504, stack(0x000000001d360000,0x000000001d460000)]
  0x000000001b3f4800 JavaThread "Asynchronous log dispatcher for DefaultDaemonConnection: socket connection from /127.0.0.1:58519 to /127.0.0.1:58520" [_thread_blocked, id=14604, stack(0x000000001d160000,0x000000001d260000)]
  0x000000001b403800 JavaThread "Daemon worker" [_thread_in_vm, id=10248, stack(0x000000001d060000,0x000000001d160000)]
  0x000000001b3ec000 JavaThread "Cancel handler" [_thread_blocked, id=9148, stack(0x000000001cf60000,0x000000001d060000)]
  0x000000001a467000 JavaThread "Handler for socket connection from /127.0.0.1:58519 to /127.0.0.1:58520" [_thread_in_native, id=14356, stack(0x000000001ce60000,0x000000001cf60000)]
  0x000000001b00e000 JavaThread "Daemon" [_thread_blocked, id=13460, stack(0x000000001cb60000,0x000000001cc60000)]
  0x000000001b00a000 JavaThread "Daemon periodic checks" [_thread_blocked, id=14932, stack(0x000000001ca60000,0x000000001cb60000)]
  0x000000001b352800 JavaThread "Incoming local TCP Connector on port 58519" [_thread_in_native, id=15224, stack(0x000000001c820000,0x000000001c920000)]
  0x00000000198d3800 JavaThread "Daemon health stats" [_thread_blocked, id=5244, stack(0x000000001c1e0000,0x000000001c2e0000)]
  0x000000001794e800 JavaThread "Service Thread" daemon [_thread_blocked, id=15300, stack(0x0000000019640000,0x0000000019740000)]
  0x000000001790a000 JavaThread "C1 CompilerThread2" daemon [_thread_blocked, id=11064, stack(0x0000000019140000,0x0000000019240000)]
  0x00000000178fb800 JavaThread "C2 CompilerThread1" daemon [_thread_in_native, id=14688, stack(0x0000000019040000,0x0000000019140000)]
=>0x00000000178f8800 JavaThread "C2 CompilerThread0" daemon [_thread_in_native, id=6692, stack(0x0000000018f40000,0x0000000019040000)]
  0x00000000178f4000 JavaThread "Attach Listener" daemon [_thread_blocked, id=6880, stack(0x0000000018e40000,0x0000000018f40000)]
  0x00000000178f3000 JavaThread "Signal Dispatcher" daemon [_thread_blocked, id=900, stack(0x0000000018d40000,0x0000000018e40000)]
  0x0000000002e3d000 JavaThread "Finalizer" daemon [_thread_blocked, id=6628, stack(0x0000000018b40000,0x0000000018c40000)]
  0x00000000178d9000 JavaThread "Reference Handler" daemon [_thread_blocked, id=15184, stack(0x0000000018a40000,0x0000000018b40000)]
  0x000000000105e000 JavaThread "main" [_thread_blocked, id=13184, stack(0x0000000001480000,0x0000000001580000)]

Other Threads:
  0x00000000178b6800 VMThread [stack: 0x0000000018940000,0x0000000018a40000] [id=7956]
  0x000000001926f000 WatcherThread [stack: 0x0000000019740000,0x0000000019840000] [id=3596]

VM state:not at safepoint (normal execution)

VM Mutex/Monitor currently owned by a thread: None

heap address: 0x0000000083000000, size: 2000 MB, Compressed Oops mode: 32-bit
Narrow klass base: 0x0000000000000000, Narrow klass shift: 3
Compressed class space size: 1073741824 Address: 0x0000000100000000

Heap:
 PSYoungGen      total 208384K, used 59610K [0x00000000d6580000, 0x00000000e4080000, 0x0000000100000000)
  eden space 192512K, 22% used [0x00000000d6580000,0x00000000d90374c0,0x00000000e2180000)
  from space 15872K, 99% used [0x00000000e2180000,0x00000000e30ff5f8,0x00000000e3100000)
  to   space 14336K, 0% used [0x00000000e3180000,0x00000000e3180000,0x00000000e3f80000)
 ParOldGen       total 85504K, used 38562K [0x0000000083000000, 0x0000000088380000, 0x00000000d6580000)
  object space 85504K, 45% used [0x0000000083000000,0x00000000855a8888,0x0000000088380000)
 Metaspace       used 69503K, capacity 72286K, committed 72536K, reserved 1112064K
  class space    used 9113K, capacity 9738K, committed 9856K, reserved 1048576K

Card table byte_map: [0x0000000012250000,0x0000000012640000] byte_map_base: 0x0000000011e38000

Marking Bits: (ParMarkBitMap*) 0x000000005441f030
 Begin Bits: [0x0000000012ce0000, 0x0000000014c20000)
 End Bits:   [0x0000000014c20000, 0x0000000016b60000)

Polling page: 0x0000000001020000

CodeCache: size=245760Kb used=29625Kb max_used=29625Kb free=216134Kb
 bounds [0x0000000002e90000, 0x0000000004ba0000, 0x0000000011e90000]
 total_blobs=8847 nmethods=8004 adapters=755
 compilation: enabled

Compilation events (10 events):
Event: 110.063 Thread 0x000000001790a000 9286       3       com.google.common.cache.LocalCache::customWeigher (16 bytes)
Event: 110.063 Thread 0x000000001790a000 nmethod 9286 0x0000000004b9c050 code [0x0000000004b9c1a0, 0x0000000004b9c350]
Event: 110.141 Thread 0x000000001790a000 9287       3       java.lang.invoke.MemberName::isPublic (8 bytes)
Event: 110.141 Thread 0x000000001790a000 nmethod 9287 0x0000000004b9c3d0 code [0x0000000004b9c540, 0x0000000004b9c750]
Event: 110.152 Thread 0x000000001790a000 9288       3       sun.reflect.ClassFileAssembler::opc_sipush (16 bytes)
Event: 110.153 Thread 0x000000001790a000 nmethod 9288 0x0000000004b9c810 code [0x0000000004b9c9e0, 0x0000000004b9cf68]
Event: 110.154 Thread 0x000000001790a000 9289       3       java.io.ObjectStreamClass::access$1700 (8 bytes)
Event: 110.154 Thread 0x000000001790a000 nmethod 9289 0x0000000004b9d310 code [0x0000000004b9d480, 0x0000000004b9d5e8]
Event: 110.155 Thread 0x000000001790a000 9290       3       java.io.ObjectStreamField::compareTo (40 bytes)
Event: 110.156 Thread 0x000000001790a000 nmethod 9290 0x0000000004b9d690 code [0x0000000004b9d880, 0x0000000004b9e2a8]

GC Heap History (10 events):
Event: 91.646 GC heap before
{Heap before GC invocations=14 (full 2):
 PSYoungGen      total 158208K, used 158203K [0x00000000d6580000, 0x00000000e2600000, 0x0000000100000000)
  eden space 145920K, 100% used [0x00000000d6580000,0x00000000df400000,0x00000000df400000)
  from space 12288K, 99% used [0x00000000df400000,0x00000000dfffec60,0x00000000e0000000)
  to   space 15360K, 0% used [0x00000000e1700000,0x00000000e1700000,0x00000000e2600000)
 ParOldGen       total 85504K, used 18351K [0x0000000083000000, 0x0000000088380000, 0x00000000d6580000)
  object space 85504K, 21% used [0x0000000083000000,0x00000000841ebd80,0x0000000088380000)
 Metaspace       used 50186K, capacity 52272K, committed 52440K, reserved 1095680K
  class space    used 6415K, capacity 6862K, committed 6912K, reserved 1048576K
Event: 91.671 GC heap after
Heap after GC invocations=14 (full 2):
 PSYoungGen      total 182272K, used 7258K [0x00000000d6580000, 0x00000000e2d00000, 0x0000000100000000)
  eden space 166912K, 0% used [0x00000000d6580000,0x00000000d6580000,0x00000000e0880000)
  from space 15360K, 47% used [0x00000000e1700000,0x00000000e1e169f0,0x00000000e2600000)
  to   space 14848K, 0% used [0x00000000e0880000,0x00000000e0880000,0x00000000e1700000)
 ParOldGen       total 85504K, used 24243K [0x0000000083000000, 0x0000000088380000, 0x00000000d6580000)
  object space 85504K, 28% used [0x0000000083000000,0x00000000847acea0,0x0000000088380000)
 Metaspace       used 50186K, capacity 52272K, committed 52440K, reserved 1095680K
  class space    used 6415K, capacity 6862K, committed 6912K, reserved 1048576K
}
Event: 99.000 GC heap before
{Heap before GC invocations=15 (full 2):
 PSYoungGen      total 182272K, used 174170K [0x00000000d6580000, 0x00000000e2d00000, 0x0000000100000000)
  eden space 166912K, 100% used [0x00000000d6580000,0x00000000e0880000,0x00000000e0880000)
  from space 15360K, 47% used [0x00000000e1700000,0x00000000e1e169f0,0x00000000e2600000)
  to   space 14848K, 0% used [0x00000000e0880000,0x00000000e0880000,0x00000000e1700000)
 ParOldGen       total 85504K, used 24243K [0x0000000083000000, 0x0000000088380000, 0x00000000d6580000)
  object space 85504K, 28% used [0x0000000083000000,0x00000000847acea0,0x0000000088380000)
 Metaspace       used 50319K, capacity 52468K, committed 52696K, reserved 1095680K
  class space    used 6421K, capacity 6862K, committed 6912K, reserved 1048576K
Event: 99.012 GC heap after
Heap after GC invocations=15 (full 2):
 PSYoungGen      total 181760K, used 7113K [0x00000000d6580000, 0x00000000e3f80000, 0x0000000100000000)
  eden space 166912K, 0% used [0x00000000d6580000,0x00000000d6580000,0x00000000e0880000)
  from space 14848K, 47% used [0x00000000e0880000,0x00000000e0f727d0,0x00000000e1700000)
  to   space 14336K, 0% used [0x00000000e3180000,0x00000000e3180000,0x00000000e3f80000)
 ParOldGen       total 85504K, used 24315K [0x0000000083000000, 0x0000000088380000, 0x00000000d6580000)
  object space 85504K, 28% used [0x0000000083000000,0x00000000847beeb0,0x0000000088380000)
 Metaspace       used 50319K, capacity 52468K, committed 52696K, reserved 1095680K
  class space    used 6421K, capacity 6862K, committed 6912K, reserved 1048576K
}
Event: 103.317 GC heap before
{Heap before GC invocations=16 (full 2):
 PSYoungGen      total 181760K, used 83662K [0x00000000d6580000, 0x00000000e3f80000, 0x0000000100000000)
  eden space 166912K, 45% used [0x00000000d6580000,0x00000000db0412f0,0x00000000e0880000)
  from space 14848K, 47% used [0x00000000e0880000,0x00000000e0f727d0,0x00000000e1700000)
  to   space 14336K, 0% used [0x00000000e3180000,0x00000000e3180000,0x00000000e3f80000)
 ParOldGen       total 85504K, used 24315K [0x0000000083000000, 0x0000000088380000, 0x00000000d6580000)
  object space 85504K, 28% used [0x0000000083000000,0x00000000847beeb0,0x0000000088380000)
 Metaspace       used 56490K, capacity 58866K, committed 59028K, reserved 1101824K
  class space    used 7175K, capacity 7666K, committed 7680K, reserved 1048576K
Event: 103.336 GC heap after
Heap after GC invocations=16 (full 2):
 PSYoungGen      total 206848K, used 14107K [0x00000000d6580000, 0x00000000e4080000, 0x0000000100000000)
  eden space 192512K, 0% used [0x00000000d6580000,0x00000000d6580000,0x00000000e2180000)
  from space 14336K, 98% used [0x00000000e3180000,0x00000000e3f46df0,0x00000000e3f80000)
  to   space 15872K, 0% used [0x00000000e2180000,0x00000000e2180000,0x00000000e3100000)
 ParOldGen       total 85504K, used 24323K [0x0000000083000000, 0x0000000088380000, 0x00000000d6580000)
  object space 85504K, 28% used [0x0000000083000000,0x00000000847c0eb0,0x0000000088380000)
 Metaspace       used 56490K, capacity 58866K, committed 59028K, reserved 1101824K
  class space    used 7175K, capacity 7666K, committed 7680K, reserved 1048576K
}
Event: 103.336 GC heap before
{Heap before GC invocations=17 (full 3):
 PSYoungGen      total 206848K, used 14107K [0x00000000d6580000, 0x00000000e4080000, 0x0000000100000000)
  eden space 192512K, 0% used [0x00000000d6580000,0x00000000d6580000,0x00000000e2180000)
  from space 14336K, 98% used [0x00000000e3180000,0x00000000e3f46df0,0x00000000e3f80000)
  to   space 15872K, 0% used [0x00000000e2180000,0x00000000e2180000,0x00000000e3100000)
 ParOldGen       total 85504K, used 24323K [0x0000000083000000, 0x0000000088380000, 0x00000000d6580000)
  object space 85504K, 28% used [0x0000000083000000,0x00000000847c0eb0,0x0000000088380000)
 Metaspace       used 56490K, capacity 58866K, committed 59028K, reserved 1101824K
  class space    used 7175K, capacity 7666K, committed 7680K, reserved 1048576K
Event: 103.676 GC heap after
Heap after GC invocations=17 (full 3):
 PSYoungGen      total 206848K, used 0K [0x00000000d6580000, 0x00000000e4080000, 0x0000000100000000)
  eden space 192512K, 0% used [0x00000000d6580000,0x00000000d6580000,0x00000000e2180000)
  from space 14336K, 0% used [0x00000000e3180000,0x00000000e3180000,0x00000000e3f80000)
  to   space 15872K, 0% used [0x00000000e2180000,0x00000000e2180000,0x00000000e3100000)
 ParOldGen       total 85504K, used 31836K [0x0000000083000000, 0x0000000088380000, 0x00000000d6580000)
  object space 85504K, 37% used [0x0000000083000000,0x0000000084f17328,0x0000000088380000)
 Metaspace       used 56325K, capacity 58430K, committed 59028K, reserved 1101824K
  class space    used 7132K, capacity 7591K, committed 7680K, reserved 1048576K
}
Event: 108.634 GC heap before
{Heap before GC invocations=18 (full 3):
 PSYoungGen      total 206848K, used 192512K [0x00000000d6580000, 0x00000000e4080000, 0x0000000100000000)
  eden space 192512K, 100% used [0x00000000d6580000,0x00000000e2180000,0x00000000e2180000)
  from space 14336K, 0% used [0x00000000e3180000,0x00000000e3180000,0x00000000e3f80000)
  to   space 15872K, 0% used [0x00000000e2180000,0x00000000e2180000,0x00000000e3100000)
 ParOldGen       total 85504K, used 31836K [0x0000000083000000, 0x0000000088380000, 0x00000000d6580000)
  object space 85504K, 37% used [0x0000000083000000,0x0000000084f17328,0x0000000088380000)
 Metaspace       used 67263K, capacity 69884K, committed 70104K, reserved 1110016K
  class space    used 8754K, capacity 9346K, committed 9472K, reserved 1048576K
Event: 108.696 GC heap after
Heap after GC invocations=18 (full 3):
 PSYoungGen      total 208384K, used 15869K [0x00000000d6580000, 0x00000000e4080000, 0x0000000100000000)
  eden space 192512K, 0% used [0x00000000d6580000,0x00000000d6580000,0x00000000e2180000)
  from space 15872K, 99% used [0x00000000e2180000,0x00000000e30ff5f8,0x00000000e3100000)
  to   space 14336K, 0% used [0x00000000e3180000,0x00000000e3180000,0x00000000e3f80000)
 ParOldGen       total 85504K, used 38562K [0x0000000083000000, 0x0000000088380000, 0x00000000d6580000)
  object space 85504K, 45% used [0x0000000083000000,0x00000000855a8888,0x0000000088380000)
 Metaspace       used 67263K, capacity 69884K, committed 70104K, reserved 1110016K
  class space    used 8754K, capacity 9346K, committed 9472K, reserved 1048576K
}

Deoptimization events (10 events):
Event: 109.516 Thread 0x000000001b403800 Uncommon trap: reason=unstable_if action=reinterpret pc=0x0000000003b1c218 method=java.lang.Integer.getChars(II[C)V @ 7
Event: 109.830 Thread 0x000000001b403800 Uncommon trap: reason=unstable_if action=reinterpret pc=0x0000000003a81178 method=java.lang.reflect.Proxy.isProxyClass(Ljava/lang/Class;)Z @ 6
Event: 109.849 Thread 0x0000000019987800 Uncommon trap: reason=unstable_if action=reinterpret pc=0x00000000039e0934 method=java.util.concurrent.LinkedBlockingQueue.poll(JLjava/util/concurrent/TimeUnit;)Ljava/lang/Object; @ 35
Event: 109.994 Thread 0x000000001b403800 Uncommon trap: reason=speculate_class_check action=maybe_recompile pc=0x0000000003b30238 method=com.google.common.collect.AbstractIndexedListIterator.next()Ljava/lang/Object; @ 27
Event: 109.995 Thread 0x000000001b403800 Uncommon trap: reason=speculate_class_check action=maybe_recompile pc=0x0000000003b30238 method=com.google.common.collect.AbstractIndexedListIterator.next()Ljava/lang/Object; @ 27
Event: 109.995 Thread 0x000000001b403800 Uncommon trap: reason=speculate_class_check action=maybe_recompile pc=0x0000000003b30238 method=com.google.common.collect.AbstractIndexedListIterator.next()Ljava/lang/Object; @ 27
Event: 109.995 Thread 0x000000001b403800 Uncommon trap: reason=speculate_class_check action=maybe_recompile pc=0x0000000003b30238 method=com.google.common.collect.AbstractIndexedListIterator.next()Ljava/lang/Object; @ 27
Event: 110.012 Thread 0x000000001b403800 Uncommon trap: reason=unstable_if action=reinterpret pc=0x000000000453b3e4 method=org.gradle.internal.logging.sink.OutputEventTransformer.onOutput(Lorg/gradle/internal/logging/events/OutputEvent;)V @ 114
Event: 110.044 Thread 0x000000001b403800 Uncommon trap: reason=class_check action=maybe_recompile pc=0x00000000044c8f1c method=java.util.Collections$SetFromMap.add(Ljava/lang/Object;)Z @ 8
Event: 110.150 Thread 0x0000000019987800 Uncommon trap: reason=unstable_if action=reinterpret pc=0x00000000043acf10 method=java.util.concurrent.LinkedBlockingQueue.poll(JLjava/util/concurrent/TimeUnit;)Ljava/lang/Object; @ 35

Classes redefined (0 events):
No events

Internal exceptions (10 events):
Event: 109.184 Thread 0x000000001b403800 Exception <a 'java/lang/ClassNotFoundException': org/jetbrains/plugins/gradle/model/web/WebConfigurationCustomizer> (0x00000000d74b20c8) thrown at [C:\src\AOSP-openjdk-git\hotspot\src\share\vm\classfile\systemDictionary.cpp, line 210]
Event: 109.190 Thread 0x000000001b403800 Exception <a 'java/lang/ClassNotFoundException': org/jetbrains/plugins/gradle/model/scala/ScalaModelBeanInfo> (0x00000000d74f6480) thrown at [C:\src\AOSP-openjdk-git\hotspot\src\share\vm\classfile\systemDictionary.cpp, line 210]
Event: 109.191 Thread 0x000000001b403800 Exception <a 'java/lang/ClassNotFoundException': org/jetbrains/plugins/gradle/model/scala/ScalaModelCustomizer> (0x00000000d75092c8) thrown at [C:\src\AOSP-openjdk-git\hotspot\src\share\vm\classfile\systemDictionary.cpp, line 210]
Event: 109.851 Thread 0x0000000019987800 Exception <a 'java/lang/NoSuchMethodError': <clinit>> (0x00000000d6588da0) thrown at [C:\src\AOSP-openjdk-git\hotspot\src\share\vm\prims\jni.cpp, line 1615]
Event: 109.857 Thread 0x0000000019987800 Exception <a 'java/lang/NoSuchMethodError': <clinit>> (0x00000000d8c639a8) thrown at [C:\src\AOSP-openjdk-git\hotspot\src\share\vm\prims\jni.cpp, line 1615]
Event: 109.858 Thread 0x0000000019987800 Exception <a 'java/lang/NoSuchMethodError': <clinit>> (0x00000000d8c6d870) thrown at [C:\src\AOSP-openjdk-git\hotspot\src\share\vm\prims\jni.cpp, line 1615]
Event: 109.862 Thread 0x0000000019987800 Exception <a 'java/lang/NoSuchMethodError': <clinit>> (0x00000000d8c765f8) thrown at [C:\src\AOSP-openjdk-git\hotspot\src\share\vm\prims\jni.cpp, line 1615]
Event: 110.155 Thread 0x0000000019987800 Exception <a 'java/lang/NoSuchMethodError': <clinit>> (0x00000000d901ab98) thrown at [C:\src\AOSP-openjdk-git\hotspot\src\share\vm\prims\jni.cpp, line 1615]
Event: 110.155 Thread 0x0000000019987800 Exception <a 'java/lang/NoSuchMethodError': <clinit>> (0x00000000d901cde0) thrown at [C:\src\AOSP-openjdk-git\hotspot\src\share\vm\prims\jni.cpp, line 1615]
Event: 110.157 Thread 0x0000000019987800 Exception <a 'java/lang/NoSuchMethodError': <clinit>> (0x00000000d9028910) thrown at [C:\src\AOSP-openjdk-git\hotspot\src\share\vm\prims\jni.cpp, line 1615]

Events (10 events):
Event: 110.148 loading class java/time/Clock
Event: 110.148 loading class java/time/Clock done
Event: 110.148 loading class java/time/Clock$SystemClock
Event: 110.148 loading class java/time/Clock$SystemClock done
Event: 110.148 loading class java/time/ZoneRegion
Event: 110.149 loading class java/time/ZoneRegion done
Event: 110.149 loading class java/time/zone/ZoneRulesProvider
Event: 110.150 Thread 0x0000000019987800 Uncommon trap: trap_request=0xffffff65 fr.pc=0x00000000043acf10
Event: 110.150 Thread 0x0000000019987800 DEOPT PACKING pc=0x00000000043acf10 sp=0x000000001d45f260
Event: 110.150 Thread 0x0000000019987800 DEOPT UNPACKING pc=0x0000000002ed557b sp=0x000000001d45f1e8 mode 2


Dynamic libraries:
0x00007ff7837b0000 - 0x00007ff7837e1000 	C:\Program Files\Android\Android Studio\jre\bin\java.exe
0x00007ffeaffc0000 - 0x00007ffeb01b0000 	C:\WINDOWS\SYSTEM32\ntdll.dll
0x00007ffeaf9e0000 - 0x00007ffeafa92000 	C:\WINDOWS\System32\KERNEL32.DLL
0x00007ffead020000 - 0x00007ffead2c3000 	C:\WINDOWS\System32\KERNELBASE.dll
0x00007ffeafed0000 - 0x00007ffeaff73000 	C:\WINDOWS\System32\ADVAPI32.dll
0x00007ffeaf940000 - 0x00007ffeaf9de000 	C:\WINDOWS\System32\msvcrt.dll
0x00007ffeaf770000 - 0x00007ffeaf807000 	C:\WINDOWS\System32\sechost.dll
0x00007ffeae790000 - 0x00007ffeae8b0000 	C:\WINDOWS\System32\RPCRT4.dll
0x00007ffeafad0000 - 0x00007ffeafc64000 	C:\WINDOWS\System32\USER32.dll
0x00007ffeacff0000 - 0x00007ffead011000 	C:\WINDOWS\System32\win32u.dll
0x00007ffeaf120000 - 0x00007ffeaf146000 	C:\WINDOWS\System32\GDI32.dll
0x00007ffeadac0000 - 0x00007ffeadc54000 	C:\WINDOWS\System32\gdi32full.dll
0x00007ffeacf50000 - 0x00007ffeacfee000 	C:\WINDOWS\System32\msvcp_win.dll
0x00007ffeadde0000 - 0x00007ffeadeda000 	C:\WINDOWS\System32\ucrtbase.dll
0x00007ffe9abf0000 - 0x00007ffe9ae75000 	C:\WINDOWS\WinSxS\amd64_microsoft.windows.common-controls_6595b64144ccf1df_6.0.18362.719_none_e6c7b883130c6729\COMCTL32.dll
0x00007ffeaf150000 - 0x00007ffeaf486000 	C:\WINDOWS\System32\combase.dll
0x00007ffeadff0000 - 0x00007ffeae070000 	C:\WINDOWS\System32\bcryptPrimitives.dll
0x00007ffeafaa0000 - 0x00007ffeaface000 	C:\WINDOWS\System32\IMM32.DLL
0x0000000053a90000 - 0x0000000053b62000 	C:\Program Files\Android\Android Studio\jre\jre\bin\msvcr100.dll
0x0000000053c50000 - 0x000000005449b000 	C:\Program Files\Android\Android Studio\jre\jre\bin\server\jvm.dll
0x00007ffeaf590000 - 0x00007ffeaf598000 	C:\WINDOWS\System32\PSAPI.DLL
0x00007ffeab840000 - 0x00007ffeab849000 	C:\WINDOWS\SYSTEM32\WSOCK32.dll
0x00007ffeaf490000 - 0x00007ffeaf4ff000 	C:\WINDOWS\System32\WS2_32.dll
0x00007ffea6a20000 - 0x00007ffea6a44000 	C:\WINDOWS\SYSTEM32\WINMM.dll
0x00007ffea17e0000 - 0x00007ffea17ea000 	C:\WINDOWS\SYSTEM32\VERSION.dll
0x00007ffea69f0000 - 0x00007ffea6a1d000 	C:\WINDOWS\SYSTEM32\WINMMBASE.dll
0x00007ffeada70000 - 0x00007ffeadaba000 	C:\WINDOWS\System32\cfgmgr32.dll
0x00007ffea5f20000 - 0x00007ffea5f2f000 	C:\Program Files\Android\Android Studio\jre\jre\bin\verify.dll
0x00007ffe9dbd0000 - 0x00007ffe9dbf9000 	C:\Program Files\Android\Android Studio\jre\jre\bin\java.dll
0x00007ffe9a870000 - 0x00007ffe9a886000 	C:\Program Files\Android\Android Studio\jre\jre\bin\zip.dll
0x00007ffeaea30000 - 0x00007ffeaf115000 	C:\WINDOWS\System32\SHELL32.dll
0x00007ffeafe20000 - 0x00007ffeafec9000 	C:\WINDOWS\System32\shcore.dll
0x00007ffead2f0000 - 0x00007ffeada70000 	C:\WINDOWS\System32\windows.storage.dll
0x00007ffeace90000 - 0x00007ffeaceb3000 	C:\WINDOWS\System32\profapi.dll
0x00007ffeacec0000 - 0x00007ffeacf0a000 	C:\WINDOWS\System32\powrprof.dll
0x00007ffeace80000 - 0x00007ffeace90000 	C:\WINDOWS\System32\UMPDC.dll
0x00007ffeaf5b0000 - 0x00007ffeaf602000 	C:\WINDOWS\System32\shlwapi.dll
0x00007ffeacf30000 - 0x00007ffeacf41000 	C:\WINDOWS\System32\kernel.appcore.dll
0x00007ffead2d0000 - 0x00007ffead2e7000 	C:\WINDOWS\System32\cryptsp.dll
0x00007ffe9a790000 - 0x00007ffe9a7aa000 	C:\Program Files\Android\Android Studio\jre\jre\bin\net.dll
0x00007ffeac690000 - 0x00007ffeac6f7000 	C:\WINDOWS\system32\mswsock.dll
0x00007ffe99440000 - 0x00007ffe99453000 	C:\Program Files\Android\Android Studio\jre\jre\bin\nio.dll
0x00007ffe9a600000 - 0x00007ffe9a627000 	C:\Users\User\.gradle\native\f6784746aeab05261644944871eae4fe03e0ef1612fff0a4a95f87b438bc6780\windows-amd64\native-platform.dll
0x00007ffe9f6f0000 - 0x00007ffe9f6fd000 	C:\Program Files\Android\Android Studio\jre\jre\bin\management.dll
0x00007ffeac200000 - 0x00007ffeac233000 	C:\WINDOWS\system32\rsaenh.dll
0x00007ffeadc60000 - 0x00007ffeadc86000 	C:\WINDOWS\System32\bcrypt.dll
0x00007ffeacd70000 - 0x00007ffeacd95000 	C:\WINDOWS\SYSTEM32\USERENV.dll
0x00007ffeac860000 - 0x00007ffeac86c000 	C:\WINDOWS\SYSTEM32\CRYPTBASE.dll
0x00007ffeac3a0000 - 0x00007ffeac3da000 	C:\WINDOWS\SYSTEM32\IPHLPAPI.DLL
0x00007ffeaf580000 - 0x00007ffeaf588000 	C:\WINDOWS\System32\NSI.dll
0x00007ffea34e0000 - 0x00007ffea34f6000 	C:\WINDOWS\SYSTEM32\dhcpcsvc6.DLL
0x00007ffea50c0000 - 0x00007ffea50dc000 	C:\WINDOWS\SYSTEM32\dhcpcsvc.DLL
0x00007ffeac3f0000 - 0x00007ffeac4ba000 	C:\WINDOWS\SYSTEM32\DNSAPI.dll
0x00007ffea5ff0000 - 0x00007ffea5ffb000 	C:\WINDOWS\SYSTEM32\WINNSI.DLL
0x00007ffe94870000 - 0x00007ffe94894000 	C:\Program Files\Android\Android Studio\jre\jre\bin\sunec.dll
0x00007ffea6c20000 - 0x00007ffea6c2a000 	C:\Windows\System32\rasadhlp.dll
0x00007ffea1970000 - 0x00007ffea19e7000 	C:\WINDOWS\System32\fwpuclnt.dll
0x00007ffe9fcf0000 - 0x00007ffe9fcfb000 	C:\Program Files\Android\Android Studio\jre\jre\bin\sunmscapi.dll
0x00007ffeadc90000 - 0x00007ffeaddd9000 	C:\WINDOWS\System32\CRYPT32.dll
0x00007ffeacf10000 - 0x00007ffeacf22000 	C:\WINDOWS\System32\MSASN1.dll

VM Arguments:
jvm_args: -Xmx2000m -Dfile.encoding=windows-1252 -Duser.country=US -Duser.language=en -Duser.variant 
java_command: org.gradle.launcher.daemon.bootstrap.GradleDaemon 6.5
java_class_path (initial): C:\Users\User\.gradle\wrapper\dists\gradle-6.5-bin\6nifqtx7604sqp1q6g8wikw7p\gradle-6.5\lib\gradle-launcher-6.5.jar
Launcher Type: SUN_STANDARD

Environment Variables:
PATH=C:\Program Files (x86)\Common Files\Oracle\Java\javapath;"C:\MinGW\bin;C:\MinGW\msys\1.0\bin;C:\Program Files\Java\jdk-12\bin";"C:\ProgramData\Oracle\Java\javapath;C:\Python27";C:\WINDOWS\system32;C:\WINDOWS;C:\WINDOWS\System32\Wbem;C:\WINDOWS\System32\WindowsPowerShell\v1.0\;C:\Program Files (x86)\GtkSharp\2.12\bin;C:\WINDOWS\System32\OpenSSH\;C:\Program Files (x86)\QuickTime Alternative\QTSystem;C:\Program Files\Microsoft SQL Server\130\Tools\Binn\;C:\Users\User\.dnx\bin;C:\Program Files\Microsoft DNX\Dnvm\;C:\Program Files\IBM\SPSS\Statistics\24\JRE\bin;"C:\WINDOWS\system32;";C:\Users\User\AppData\Local\Google\Cloud SDK;C:\Program Files\Google\Cloud SDK\google-cloud-sdk.staging\bin;C:\google-cloud-sdk\bin;C:\Program Files\Google\Cloud SDK\google-cloud-sdk\bin;C:\Program Files\Git\cmd;C:\Users\User\AppData\Local\Programs\Python\Python39\Scripts\;C:\Users\User\AppData\Local\Programs\Python\Python39\;C:\Users\User\AppData\Roaming\Microsoft\Windows\Start Menu\Programs\Python 3.9;C:\Users\User\AppData\Local\Microsoft\WindowsApps;C:\Users\User\AppData\Local\Programs\Microsoft VS Code\bin;C:\Users\User\AppData\Local\Google\Cloud SDK\google-cloud-sdk\bin;"C:\WINDOWS\system32;";
USERNAME=User
OS=Windows_NT
PROCESSOR_IDENTIFIER=Intel64 Family 6 Model 61 Stepping 4, GenuineIntel



---------------  S Y S T E M  ---------------

OS: Windows 10.0 , 64 bit Build 18362 (10.0.18362.329)

CPU:total 4 (initial active 4) (2 cores per cpu, 2 threads per core) family 6 model 61 stepping 4, cmov, cx8, fxsr, mmx, sse, sse2, sse3, ssse3, sse4.1, sse4.2, popcnt, avx, avx2, aes, clmul, erms, 3dnowpref, lzcnt, ht, tsc, tscinvbit, bmi1, bmi2, adx

Memory: 4k page, physical 8285604k(1437700k free), swap 8285604k(11688k free)

vm_info: OpenJDK 64-Bit Server VM (25.242-b01) for windows-amd64 JRE (1.8.0_242-release-1644-b01), built by "builder" with MS VC++ 10.0 (VS2010)

time: Wed May 05 14:09:02 2021
timezone: SE Asia Standard Time
elapsed time: 110 seconds (0d 0h 1m 50s)

